2025-06-20 21:47:58,839 [INFO] Activator:176 - 


2025-06-20 21:47:58,844 [INFO] Activator:177 - !SESSION log4j initialized
2025-06-20 21:48:05,521 [INFO] LogOutputStream:77 - [STDOUT_REDIRECT] 
2025-06-20 21:48:06,615 [INFO] ApplicationProperties:184 - Using Application install path: C:\ST\STM32CubeIDE_1.16.1\STM32CubeIDE\plugins\com.st.stm32cube.common.mx_6.12.1.202409122256
2025-06-20 21:48:06,641 [INFO] DbMcusXml:78 - Set database path to: C:\ST\STM32CubeIDE_1.16.1\STM32CubeIDE\plugins\com.st.stm32cube.common.mx_6.12.1.202409122256\\db\/mcu/
2025-06-20 21:48:06,641 [INFO] ApiDb:274 - Set plugin database path to: C:\ST\STM32CubeIDE_1.16.1\STM32CubeIDE\plugins\com.st.stm32cube.common.mx_6.12.1.202409122256\\db\/plugins/boardmanager/
2025-06-20 21:48:06,642 [WARN] ApiDb:259 - Overriding images path with different value:  => C:\ST\STM32CubeIDE_1.16.1\STM32CubeIDE\plugins\com.st.stm32cube.common.mx_6.12.1.202409122256\\db\/plugins/mcufinder/images/
2025-06-20 21:48:06,665 [INFO] ApiDb:250 - Set database path to: C:\Users\tranc\.stmcufinder\plugins\mcufinder//mcu/
2025-06-20 21:48:06,667 [INFO] DbMcusAds:125 - Set database path to: C:\Users\tranc\.stmcufinder\plugins\mcufinder//mcu/
2025-06-20 21:48:06,672 [INFO] CrossReferenceDbSqlite:203 - Set database path to: C:\Users\tranc\.stmcufinder\plugins\mcufinder//mcu/cs/
2025-06-20 21:48:06,855 [INFO] RulesReader:64 - Compatibility file has been processed (297 Rules)
2025-06-20 21:48:06,943 [INFO] DbMcusXml:78 - Set database path to: C:\ST\STM32CubeIDE_1.16.1\STM32CubeIDE\plugins\com.st.stm32cube.common.mx_6.12.1.202409122256\\db\/mcu/
2025-06-20 21:48:06,943 [INFO] ApiDb:274 - Set plugin database path to: C:\ST\STM32CubeIDE_1.16.1\STM32CubeIDE\plugins\com.st.stm32cube.common.mx_6.12.1.202409122256\\db\/plugins/boardmanager/
2025-06-20 21:48:06,943 [INFO] ApiDb:261 - Set plugin images path to: C:\ST\STM32CubeIDE_1.16.1\STM32CubeIDE\plugins\com.st.stm32cube.common.mx_6.12.1.202409122256\\db\/plugins/mcufinder/images/
2025-06-20 21:48:06,944 [WARN] DbFile:41 - Overriding database path with different value: C:\Users\tranc\.stmcufinder\plugins\mcufinder/ => C:\Users\tranc\.stmcufinder\plugins\mcufinder
2025-06-20 21:48:06,944 [INFO] ApiDb:250 - Set database path to: C:\Users\tranc\.stmcufinder\plugins\mcufinder//mcu/
2025-06-20 21:48:06,944 [WARN] DbFile:41 - Overriding database path with different value: C:\Users\tranc\.stmcufinder\plugins\mcufinder/ => C:\Users\tranc\.stmcufinder\plugins\mcufinder
2025-06-20 21:48:06,944 [INFO] DbMcusAds:125 - Set database path to: C:\Users\tranc\.stmcufinder\plugins\mcufinder//mcu/
2025-06-20 21:48:06,944 [WARN] DbFile:41 - Overriding database path with different value: C:\Users\tranc\.stmcufinder\plugins\mcufinder/ => C:\Users\tranc\.stmcufinder\plugins\mcufinder
2025-06-20 21:48:06,944 [WARN] DbFile:41 - Overriding database path with different value: C:\Users\tranc\.stmcufinder\plugins\mcufinder/ => C:\Users\tranc\.stmcufinder\plugins\mcufinder
2025-06-20 21:48:06,944 [INFO] CrossReferenceDbSqlite:203 - Set database path to: C:\Users\tranc\.stmcufinder\plugins\mcufinder//mcu/cs/
2025-06-20 21:48:07,060 [INFO] MainPanel:268 - HeapMemory: 268435456
2025-06-20 21:48:07,221 [INFO] DbMcusXml:78 - Set database path to: C:\ST\STM32CubeIDE_1.16.1\STM32CubeIDE\plugins\com.st.stm32cube.common.mx_6.12.1.202409122256\\db\/mcu/
2025-06-20 21:48:07,221 [INFO] ApiDb:274 - Set plugin database path to: C:\ST\STM32CubeIDE_1.16.1\STM32CubeIDE\plugins\com.st.stm32cube.common.mx_6.12.1.202409122256\\db\/plugins/boardmanager/
2025-06-20 21:48:07,221 [INFO] ApiDb:261 - Set plugin images path to: C:\ST\STM32CubeIDE_1.16.1\STM32CubeIDE\plugins\com.st.stm32cube.common.mx_6.12.1.202409122256\\db\/plugins/mcufinder/images/
2025-06-20 21:48:07,221 [WARN] DbFile:41 - Overriding database path with different value: C:\Users\tranc\.stmcufinder\plugins\mcufinder/ => C:\Users\tranc\.stmcufinder\plugins\mcufinder
2025-06-20 21:48:07,222 [INFO] ApiDb:250 - Set database path to: C:\Users\tranc\.stmcufinder\plugins\mcufinder//mcu/
2025-06-20 21:48:07,222 [WARN] DbFile:41 - Overriding database path with different value: C:\Users\tranc\.stmcufinder\plugins\mcufinder/ => C:\Users\tranc\.stmcufinder\plugins\mcufinder
2025-06-20 21:48:07,222 [INFO] DbMcusAds:125 - Set database path to: C:\Users\tranc\.stmcufinder\plugins\mcufinder//mcu/
2025-06-20 21:48:07,222 [WARN] DbFile:41 - Overriding database path with different value: C:\Users\tranc\.stmcufinder\plugins\mcufinder/ => C:\Users\tranc\.stmcufinder\plugins\mcufinder
2025-06-20 21:48:07,222 [WARN] DbFile:41 - Overriding database path with different value: C:\Users\tranc\.stmcufinder\plugins\mcufinder/ => C:\Users\tranc\.stmcufinder\plugins\mcufinder
2025-06-20 21:48:07,222 [INFO] CrossReferenceDbSqlite:203 - Set database path to: C:\Users\tranc\.stmcufinder\plugins\mcufinder//mcu/cs/
2025-06-20 21:48:07,242 [INFO] ApplicationProperties:184 - Using Application install path: C:\ST\STM32CubeIDE_1.16.1\STM32CubeIDE\plugins\com.st.stm32cube.common.mx_6.12.1.202409122256
2025-06-20 21:48:07,244 [INFO] PluginManage:196 - Search for loadable plugins [exclusion list=, ]
2025-06-20 21:48:07,246 [INFO] PluginManage:310 - Check plugin analytics
2025-06-20 21:48:07,412 [INFO] AnalyticsPlugin:253 - Accepted Software Licenses: STM32CubeMX.6.12.1
2025-06-20 21:48:07,412 [INFO] AnalyticsPlugin:255 - Accepted CMSIS Pack Licenses: 
2025-06-20 21:48:07,413 [INFO] AnalyticsPlugin:257 - Accepted Firmware Licenses: FW.WL.1.3.0,FW.G4.1.6.0,FW.F4.1.28.0
2025-06-20 21:48:07,414 [INFO] PluginManage:359 - Loaded plugin analytics (category:tool,tabindex:-1)
2025-06-20 21:48:07,414 [INFO] PluginManage:310 - Check plugin cadmodel
2025-06-20 21:48:07,434 [INFO] CADModel:105 - Init CAD model plugin
2025-06-20 21:48:07,434 [INFO] PluginManage:359 - Loaded plugin cadmodel (category:power,tabindex:5)
2025-06-20 21:48:07,434 [INFO] PluginManage:310 - Check plugin clock
2025-06-20 21:48:07,460 [INFO] PluginManage:359 - Loaded plugin clock (category:base,tabindex:2)
2025-06-20 21:48:07,460 [INFO] PluginManage:310 - Check plugin ddr
2025-06-20 21:48:07,462 [INFO] PluginManage:359 - Loaded plugin ddr (category:tool,tabindex:6)
2025-06-20 21:48:07,462 [INFO] PluginManage:310 - Check plugin filemanager
2025-06-20 21:48:07,621 [INFO] PluginManage:359 - Loaded plugin filemanager (category:base,tabindex:10)
2025-06-20 21:48:07,621 [INFO] PluginManage:310 - Check plugin ipmanager
2025-06-20 21:48:07,628 [INFO] PluginManage:359 - Loaded plugin ipmanager (category:base,tabindex:5)
2025-06-20 21:48:07,628 [INFO] PluginManage:310 - Check plugin lpbam
2025-06-20 21:48:07,648 [INFO] PluginManage:359 - Loaded plugin lpbam (category:base,tabindex:0)
2025-06-20 21:48:07,650 [INFO] PluginManage:310 - Check plugin memorymap
2025-06-20 21:48:07,681 [INFO] PluginManage:359 - Loaded plugin memorymap (category:base,tabindex:4)
2025-06-20 21:48:07,682 [INFO] PluginManage:310 - Check plugin pinoutandconfiguration
2025-06-20 21:48:07,704 [INFO] PluginManage:359 - Loaded plugin pinoutandconfiguration (category:base,tabindex:1)
2025-06-20 21:48:07,705 [INFO] PluginManage:310 - Check plugin pinoutconfig
2025-06-20 21:48:07,804 [WARN] SupportedApi:132 - Cannot load RTOS API schema: s4s-elt-must-match.1: The content of 'definitions' must match (annotation?, (simpleType | complexType)?, (unique | key | keyref)*)). A problem was found starting at: attribute.
2025-06-20 21:48:07,958 [INFO] PluginManage:359 - Loaded plugin pinoutconfig (category:base,tabindex:0)
2025-06-20 21:48:07,959 [INFO] PluginManage:310 - Check plugin power
2025-06-20 21:48:07,984 [INFO] PluginManage:359 - Loaded plugin power (category:power,tabindex:4)
2025-06-20 21:48:07,984 [INFO] PluginManage:310 - Check plugin projectmanager
2025-06-20 21:48:08,002 [INFO] PluginManage:359 - Loaded plugin projectmanager (category:projectmanager,tabindex:4)
2025-06-20 21:48:08,002 [INFO] PluginManage:310 - Check plugin rif
2025-06-20 21:48:08,018 [INFO] PluginManage:359 - Loaded plugin rif (category:base,tabindex:3)
2025-06-20 21:48:08,018 [INFO] PluginManage:310 - Check plugin thirdparty
2025-06-20 21:48:08,329 [INFO] PluginManage:359 - Loaded plugin thirdparty (category:base,tabindex:-1)
2025-06-20 21:48:08,329 [WARN] IntegrityCheckThread:84 - waiting for thirdparty lock release [integrity check]
2025-06-20 21:48:08,330 [INFO] PluginManage:310 - Check plugin tools
2025-06-20 21:48:08,330 [INFO] IntegrityCheckThread:86 - entering critical section [integrity check]
2025-06-20 21:48:08,330 [INFO] ThirdPartyUpdaterWithRetryManager:70 - Updater plugin not ready yet. [1/15]
2025-06-20 21:48:08,373 [INFO] PluginManage:359 - Loaded plugin tools (category:base,tabindex:7)
2025-06-20 21:48:08,373 [INFO] PluginManage:310 - Check plugin tutovideos
2025-06-20 21:48:08,569 [INFO] PluginManage:359 - Loaded plugin tutovideos (category:base,tabindex:-1)
2025-06-20 21:48:08,569 [INFO] PluginManage:310 - Check plugin updater
2025-06-20 21:48:08,584 [INFO] PluginManage:359 - Loaded plugin updater (category:base,tabindex:12)
2025-06-20 21:48:08,585 [INFO] PluginManage:310 - Check plugin userauth
2025-06-20 21:48:08,592 [INFO] UserAuth:113 - Init User Auth plugin
2025-06-20 21:48:08,592 [INFO] PluginManage:359 - Loaded plugin userauth (category:base,tabindex:14)
2025-06-20 21:48:08,593 [INFO] PluginManage:283 - PluginManage : Loaded plugins [18]
2025-06-20 21:48:08,809 [INFO] PinOutPanel:1561 - setPackage(No Configuration,No Configuration)
2025-06-20 21:48:08,899 [INFO] CADModel:165 - CPN selected for project level
2025-06-20 21:48:08,899 [INFO] CADModel:114 - Register for checkConnection events
2025-06-20 21:48:08,928 [INFO] IPUIPlugin:80 - create IPUIPlugin
2025-06-20 21:48:08,928 [INFO] PluginManager:220 - loadIPPluginJar : add adc
2025-06-20 21:48:08,971 [INFO] IPUIPlugin:80 - create IPUIPlugin
2025-06-20 21:48:08,971 [INFO] PluginManager:220 - loadIPPluginJar : add aes
2025-06-20 21:48:09,023 [INFO] IPUIPlugin:80 - create IPUIPlugin
2025-06-20 21:48:09,023 [INFO] PluginManager:220 - loadIPPluginJar : add can
2025-06-20 21:48:09,056 [INFO] IPUIPlugin:80 - create IPUIPlugin
2025-06-20 21:48:09,056 [INFO] PluginManager:220 - loadIPPluginJar : add comp
2025-06-20 21:48:09,096 [INFO] IPUIPlugin:80 - create IPUIPlugin
2025-06-20 21:48:09,097 [INFO] PluginManager:220 - loadIPPluginJar : add cryp
2025-06-20 21:48:09,112 [INFO] IPUIPlugin:80 - create IPUIPlugin
2025-06-20 21:48:09,112 [INFO] PluginManager:220 - loadIPPluginJar : add ddr_ctrl_phy
2025-06-20 21:48:09,155 [INFO] IPUIPlugin:80 - create IPUIPlugin
2025-06-20 21:48:09,155 [INFO] PluginManager:220 - loadIPPluginJar : add dfsdm
2025-06-20 21:48:09,171 [INFO] IPUIPlugin:80 - create IPUIPlugin
2025-06-20 21:48:09,173 [INFO] PluginManager:220 - loadIPPluginJar : add dma
2025-06-20 21:48:09,225 [INFO] IPUIPlugin:80 - create IPUIPlugin
2025-06-20 21:48:09,225 [INFO] PluginManager:220 - loadIPPluginJar : add dma3
2025-06-20 21:48:09,280 [INFO] IPUIPlugin:80 - create IPUIPlugin
2025-06-20 21:48:09,280 [INFO] PluginManager:220 - loadIPPluginJar : add extmemmanager
2025-06-20 21:48:09,307 [INFO] IPUIPlugin:80 - create IPUIPlugin
2025-06-20 21:48:09,307 [INFO] PluginManager:220 - loadIPPluginJar : add fatfs
2025-06-20 21:48:09,363 [INFO] IPUIPlugin:80 - create IPUIPlugin
2025-06-20 21:48:09,363 [INFO] PluginManager:220 - loadIPPluginJar : add fmc
2025-06-20 21:48:09,381 [INFO] IPUIPlugin:80 - create IPUIPlugin
2025-06-20 21:48:09,381 [INFO] PluginManager:220 - loadIPPluginJar : add freertos
2025-06-20 21:48:09,407 [INFO] IPUIPlugin:80 - create IPUIPlugin
2025-06-20 21:48:09,408 [INFO] PluginManager:220 - loadIPPluginJar : add genericplugin
2025-06-20 21:48:09,521 [INFO] IPUIPlugin:80 - create IPUIPlugin
2025-06-20 21:48:09,521 [INFO] PluginManager:220 - loadIPPluginJar : add gfxmmu
2025-06-20 21:48:09,715 [INFO] IPUIPlugin:80 - create IPUIPlugin
2025-06-20 21:48:09,715 [INFO] PluginManager:220 - loadIPPluginJar : add gic
2025-06-20 21:48:09,731 [INFO] IPUIPlugin:80 - create IPUIPlugin
2025-06-20 21:48:09,731 [INFO] PluginManager:220 - loadIPPluginJar : add gpio
2025-06-20 21:48:09,841 [INFO] IPUIPlugin:80 - create IPUIPlugin
2025-06-20 21:48:09,841 [INFO] PluginManager:220 - loadIPPluginJar : add gtzc
2025-06-20 21:48:09,884 [INFO] IPUIPlugin:80 - create IPUIPlugin
2025-06-20 21:48:09,884 [INFO] PluginManager:220 - loadIPPluginJar : add hash
2025-06-20 21:48:09,955 [INFO] IPUIPlugin:80 - create IPUIPlugin
2025-06-20 21:48:09,955 [INFO] PluginManager:220 - loadIPPluginJar : add i2c
2025-06-20 21:48:10,009 [INFO] IPUIPlugin:80 - create IPUIPlugin
2025-06-20 21:48:10,009 [INFO] PluginManager:220 - loadIPPluginJar : add i2s
2025-06-20 21:48:10,059 [INFO] IPUIPlugin:80 - create IPUIPlugin
2025-06-20 21:48:10,059 [INFO] PluginManager:220 - loadIPPluginJar : add i3c
2025-06-20 21:48:10,181 [INFO] IPUIPlugin:80 - create IPUIPlugin
2025-06-20 21:48:10,181 [INFO] PluginManager:220 - loadIPPluginJar : add ipddr
2025-06-20 21:48:10,291 [INFO] IPUIPlugin:80 - create IPUIPlugin
2025-06-20 21:48:10,292 [INFO] PluginManager:220 - loadIPPluginJar : add linkedlist
2025-06-20 21:48:10,334 [INFO] IPUIPlugin:80 - create IPUIPlugin
2025-06-20 21:48:10,335 [INFO] PluginManager:220 - loadIPPluginJar : add lorawan
2025-06-20 21:48:10,377 [INFO] IPUIPlugin:80 - create IPUIPlugin
2025-06-20 21:48:10,377 [INFO] PluginManager:220 - loadIPPluginJar : add ltdc
2025-06-20 21:48:10,392 [INFO] IPUIPlugin:80 - create IPUIPlugin
2025-06-20 21:48:10,392 [INFO] PluginManager:220 - loadIPPluginJar : add mdma
2025-06-20 21:48:10,411 [INFO] IPUIPlugin:80 - create IPUIPlugin
2025-06-20 21:48:10,411 [INFO] PluginManager:220 - loadIPPluginJar : add nvic
2025-06-20 21:48:10,456 [INFO] IPUIPlugin:80 - create IPUIPlugin
2025-06-20 21:48:10,456 [INFO] PluginManager:220 - loadIPPluginJar : add opamp
2025-06-20 21:48:10,527 [INFO] IPUIPlugin:80 - create IPUIPlugin
2025-06-20 21:48:10,527 [INFO] PluginManager:220 - loadIPPluginJar : add openamp
2025-06-20 21:48:10,576 [INFO] IPUIPlugin:80 - create IPUIPlugin
2025-06-20 21:48:10,577 [INFO] PluginManager:220 - loadIPPluginJar : add pdm2pcm
2025-06-20 21:48:10,592 [INFO] IPUIPlugin:80 - create IPUIPlugin
2025-06-20 21:48:10,594 [INFO] PluginManager:220 - loadIPPluginJar : add plateformsettings
2025-06-20 21:48:10,621 [INFO] IPUIPlugin:80 - create IPUIPlugin
2025-06-20 21:48:10,621 [INFO] PluginManager:220 - loadIPPluginJar : add quadspi
2025-06-20 21:48:10,652 [INFO] IPUIPlugin:80 - create IPUIPlugin
2025-06-20 21:48:10,653 [INFO] PluginManager:220 - loadIPPluginJar : add radio
2025-06-20 21:48:10,669 [INFO] IPUIPlugin:80 - create IPUIPlugin
2025-06-20 21:48:10,669 [INFO] PluginManager:220 - loadIPPluginJar : add resmgrutility
2025-06-20 21:48:10,720 [INFO] IPUIPlugin:80 - create IPUIPlugin
2025-06-20 21:48:10,721 [INFO] PluginManager:220 - loadIPPluginJar : add sai
2025-06-20 21:48:10,764 [INFO] IPUIPlugin:80 - create IPUIPlugin
2025-06-20 21:48:10,764 [INFO] PluginManager:220 - loadIPPluginJar : add spi
2025-06-20 21:48:10,839 [INFO] IPUIPlugin:80 - create IPUIPlugin
2025-06-20 21:48:10,839 [INFO] PluginManager:220 - loadIPPluginJar : add stm32_wpan
2025-06-20 21:48:10,867 [INFO] IPUIPlugin:80 - create IPUIPlugin
2025-06-20 21:48:10,867 [INFO] PluginManager:220 - loadIPPluginJar : add tim
2025-06-20 21:48:10,933 [INFO] IPUIPlugin:80 - create IPUIPlugin
2025-06-20 21:48:10,933 [INFO] PluginManager:220 - loadIPPluginJar : add touchsensing
2025-06-20 21:48:10,961 [INFO] IPUIPlugin:80 - create IPUIPlugin
2025-06-20 21:48:10,961 [INFO] PluginManager:220 - loadIPPluginJar : add tracer_emb
2025-06-20 21:48:10,990 [INFO] IPUIPlugin:80 - create IPUIPlugin
2025-06-20 21:48:10,990 [INFO] PluginManager:220 - loadIPPluginJar : add ts
2025-06-20 21:48:11,017 [INFO] IPUIPlugin:80 - create IPUIPlugin
2025-06-20 21:48:11,017 [INFO] PluginManager:220 - loadIPPluginJar : add tsc
2025-06-20 21:48:11,044 [INFO] IPUIPlugin:80 - create IPUIPlugin
2025-06-20 21:48:11,044 [INFO] PluginManager:220 - loadIPPluginJar : add ucpd
2025-06-20 21:48:11,097 [INFO] IPUIPlugin:80 - create IPUIPlugin
2025-06-20 21:48:11,097 [INFO] PluginManager:220 - loadIPPluginJar : add usart
2025-06-20 21:48:11,145 [INFO] IPUIPlugin:80 - create IPUIPlugin
2025-06-20 21:48:11,145 [INFO] PluginManager:220 - loadIPPluginJar : add usbx
2025-06-20 21:48:11,267 [INFO] CADModel:165 - CPN selected for project level
2025-06-20 21:48:11,267 [INFO] CADModel:114 - Register for checkConnection events
2025-06-20 21:48:11,268 [FATAL] Updater:334 - Updater called before beeing initialized
2025-06-20 21:48:11,268 [ERROR] CADModel:125 - Updater not yet initialized, retry later 
2025-06-20 21:48:11,331 [INFO] ThirdPartyUpdaterWithRetryManager:70 - Updater plugin not ready yet. [2/15]
2025-06-20 21:48:11,392 [INFO] CADModel:165 - CPN selected for project level
2025-06-20 21:48:11,392 [INFO] CADModel:114 - Register for checkConnection events
2025-06-20 21:48:11,392 [FATAL] Updater:334 - Updater called before beeing initialized
2025-06-20 21:48:11,392 [ERROR] CADModel:125 - Updater not yet initialized, retry later 
2025-06-20 21:48:11,396 [FATAL] Updater:334 - Updater called before beeing initialized
2025-06-20 21:48:11,495 [FATAL] Updater:334 - Updater called before beeing initialized
2025-06-20 21:48:11,507 [INFO] DbMcusAds:53 - JSON generation date=Wed May 07 16:07:55 ICT 2025 (1746608875484)
2025-06-20 21:48:11,507 [FATAL] Updater:334 - Updater called before beeing initialized
2025-06-20 21:48:11,548 [WARN] DetailPanel:346 - Failed to get advertising image, set to default
2025-06-20 21:48:11,625 [FATAL] Updater:334 - Updater called before beeing initialized
2025-06-20 21:48:11,627 [FATAL] Updater:334 - Updater called before beeing initialized
2025-06-20 21:48:11,627 [FATAL] Updater:334 - Updater called before beeing initialized
2025-06-20 21:48:11,627 [WARN] DetailPanel:346 - Failed to get advertising image, set to default
2025-06-20 21:48:11,627 [FATAL] Updater:334 - Updater called before beeing initialized
2025-06-20 21:48:11,692 [ERROR] Updater:1164 - MainUpdater not yet initialized. External WinMGr cannot be set.
2025-06-20 21:48:11,706 [INFO] Updater:1100 - Updater Version found : 6.12.1
2025-06-20 21:48:11,724 [INFO] ApplicationProperties:184 - Using Application install path: C:\ST\STM32CubeIDE_1.16.1\STM32CubeIDE\plugins\com.st.stm32cube.common.mx_6.12.1.202409122256
2025-06-20 21:48:13,301 [ERROR] LogOutputStream:75 - [STDERR_REDIRECT] Jun 20, 2025 9:48:13 PM java.util.prefs.WindowsPreferences <init>
2025-06-20 21:48:13,302 [ERROR] LogOutputStream:75 - [STDERR_REDIRECT] WARNING: Could not open/create prefs root node Software\JavaSoft\Prefs at root 0xffffffff80000002. Windows RegCreateKeyEx(...) returned error code 5.
2025-06-20 21:48:13,303 [ERROR] LogOutputStream:75 - [STDERR_REDIRECT] 
2025-06-20 21:48:13,744 [INFO] MainUpdater:2873 - connection check result : 10
2025-06-20 21:48:13,744 [INFO] MainUpdater:290 - Updater Check For Update Now.
2025-06-20 21:48:13,744 [INFO] MicroXplorer:498 - Change Database Version : DB.6.0.121
2025-06-20 21:48:13,765 [INFO] McuFinderGlobals:63 - Set McuFinder mode to 2 (CubeIDE integrated)
2025-06-20 21:48:13,774 [INFO] UserAuth:417 - Internet connection configuration mode: 1
2025-06-20 21:48:13,811 [INFO] JxBrowserEngine:152 - Initiate JxBrowser Engine with user profile folder
2025-06-20 21:48:13,960 [INFO] CheckServerUpdateThread:120 - End of CheckServer Thread
2025-06-20 21:48:14,614 [WARN] PackLoader:240 - Cannot read IP mode file for STMicroelectronics.FP-SNS-MOTENVWB1.1.4.0
2025-06-20 21:48:14,633 [WARN] PackLoader:240 - Cannot read IP mode file for STMicroelectronics.FP-ATR-ASTRA1.2.0.2
2025-06-20 21:48:14,649 [WARN] PackLoader:240 - Cannot read IP mode file for STMicroelectronics.FP-ATR-ASTRA1.2.0.1
2025-06-20 21:48:14,667 [WARN] PackLoader:240 - Cannot read IP mode file for STMicroelectronics.X-CUBE-SMBUS.2.1.0
2025-06-20 21:48:14,687 [WARN] PackLoader:240 - Cannot read IP mode file for STMicroelectronics.X-CUBE-WB05N.1.1.0
2025-06-20 21:48:14,700 [ERROR] Engine:466 - C:\Users\tranc\.stm32cubemx\thirdparties\pdsc\STMicroelectronics.X-CUBE-ST60.1.0.0.pdsc: PDSC version is not supported
2025-06-20 21:48:14,740 [WARN] PackLoader:240 - Cannot read IP mode file for STMicroelectronics.X-CUBE-AZRTOS-F7.1.1.0
2025-06-20 21:48:14,807 [WARN] PackLoader:240 - Cannot read IP mode file for STMicroelectronics.X-CUBE-MEMS1.11.0.0
2025-06-20 21:48:14,956 [WARN] PackLoader:240 - Cannot read IP mode file for STMicroelectronics.FP-SNS-FLIGHT1.5.0.2
2025-06-20 21:48:14,974 [WARN] PackLoader:240 - Cannot read IP mode file for STMicroelectronics.X-CUBE-DISPLAY.3.0.0
2025-06-20 21:48:14,992 [WARN] PackLoader:240 - Cannot read IP mode file for STMicroelectronics.X-CUBE-BLE1.7.0.0
2025-06-20 21:48:15,010 [WARN] PackLoader:240 - Cannot read IP mode file for STMicroelectronics.X-CUBE-NFC10.1.0.0
2025-06-20 21:48:15,029 [WARN] PackLoader:240 - Cannot read IP mode file for STMicroelectronics.X-CUBE-BLEMGR.4.0.0
2025-06-20 21:48:15,049 [WARN] PackLoader:240 - Cannot read IP mode file for emotas.I-CUBE-CANOPEN.1.3.0
2025-06-20 21:48:15,069 [WARN] PackLoader:240 - Cannot read IP mode file for STMicroelectronics.X-CUBE-BLEMGR.3.1.0
2025-06-20 21:48:15,086 [WARN] PackLoader:240 - Cannot read IP mode file for STMicroelectronics.X-CUBE-AI.10.0.0
2025-06-20 21:48:15,100 [WARN] PackLoader:240 - Cannot read IP mode file for STMicroelectronics.FP-SNS-SMARTAG2.1.2.0
2025-06-20 21:48:15,115 [ERROR] Engine:466 - C:\Users\tranc\.stm32cubemx\thirdparties\pdsc\STMicroelectronics.FP-SNS-FLIGHT1.5.1.0.pdsc: PDSC version is not supported
2025-06-20 21:48:15,175 [WARN] PackLoader:240 - Cannot read IP mode file for STMicroelectronics.X-CUBE-MEMS1.11.1.0
2025-06-20 21:48:15,333 [INFO] LogOutputStream:77 - [STDOUT_REDIRECT] 1 : Invalid condition id : UX_CORESTACK_Condition cause : null
2025-06-20 21:48:15,333 [INFO] LogOutputStream:77 - [STDOUT_REDIRECT] 1 : Invalid condition id : UX_CORESTACK_Condition cause : null
2025-06-20 21:48:15,334 [INFO] LogOutputStream:77 - [STDOUT_REDIRECT] 1 : Invalid condition id : UX_CORESTACK_Condition cause : null
2025-06-20 21:48:15,335 [INFO] LogOutputStream:77 - [STDOUT_REDIRECT] 1 : Invalid condition id : UX_CORESTACK_Condition cause : null
2025-06-20 21:48:15,336 [INFO] LogOutputStream:77 - [STDOUT_REDIRECT] 1 : Invalid condition id : UX_CORESTACK_Condition cause : null
2025-06-20 21:48:15,337 [WARN] PackLoader:240 - Cannot read IP mode file for STMicroelectronics.X-CUBE-AZRTOS-WL.2.0.0
2025-06-20 21:48:15,354 [WARN] PackLoader:240 - Cannot read IP mode file for STMicroelectronics.FP-SNS-MOTENV1.5.0.0
2025-06-20 21:48:15,369 [WARN] PackLoader:240 - Cannot read IP mode file for wolfSSL.I-CUBE-wolfMQTT.1.19.0
2025-06-20 21:48:15,385 [WARN] PackLoader:240 - Cannot read IP mode file for WES.I-CUBE-Cesium.1.3.0
2025-06-20 21:48:15,400 [WARN] PackLoader:240 - Cannot read IP mode file for STMicroelectronics.X-CUBE-BLE2.3.3.0
2025-06-20 21:48:15,414 [WARN] PackLoader:240 - Cannot read IP mode file for STMicroelectronics.X-CUBE-NFC9.1.0.0
2025-06-20 21:48:15,431 [WARN] PackLoader:240 - Cannot read IP mode file for STMicroelectronics.X-CUBE-BLE1.7.1.0
2025-06-20 21:48:15,447 [WARN] PackLoader:240 - Cannot read IP mode file for STMicroelectronics.X-CUBE-TCPP.4.1.0
2025-06-20 21:48:15,460 [WARN] PackLoader:240 - Cannot read IP mode file for STMicroelectronics.X-CUBE-AI.10.1.0
2025-06-20 21:48:15,517 [WARN] PackLoader:240 - Cannot read IP mode file for STMicroelectronics.X-CUBE-MEMS1.11.2.0
2025-06-20 21:48:15,638 [WARN] PackLoader:240 - Cannot read IP mode file for STMicroelectronics.X-CUBE-AZRTOS-G0.1.1.0
2025-06-20 21:48:15,661 [WARN] PackLoader:240 - Cannot read IP mode file for STMicroelectronics.X-CUBE-SAFEA1.1.2.2
2025-06-20 21:48:15,685 [WARN] PackLoader:240 - Cannot read IP mode file for STMicroelectronics.X-CUBE-NFC4.3.0.0
2025-06-20 21:48:15,714 [WARN] PackLoader:240 - Cannot read IP mode file for EmbeddedOffice.I-CUBE-FS-RTOS.1.0.1
2025-06-20 21:48:15,714 [ERROR] ConditionMgr:805 - Attr not supported : Dmpu
2025-06-20 21:48:15,715 [ERROR] ConditionMgr:805 - Attr not supported : Dmpu
2025-06-20 21:48:15,715 [ERROR] ConditionMgr:805 - Attr not supported : Dmpu
2025-06-20 21:48:15,715 [ERROR] ConditionMgr:805 - Attr not supported : Dmpu
2025-06-20 21:48:15,715 [ERROR] ConditionMgr:805 - Attr not supported : Dmpu
2025-06-20 21:48:15,715 [ERROR] ConditionMgr:805 - Attr not supported : Dmpu
2025-06-20 21:48:15,715 [ERROR] ConditionMgr:805 - Attr not supported : Dmpu
2025-06-20 21:48:15,715 [ERROR] ConditionMgr:805 - Attr not supported : Dmpu
2025-06-20 21:48:15,715 [ERROR] ConditionMgr:805 - Attr not supported : Dmpu
2025-06-20 21:48:15,716 [ERROR] ConditionMgr:805 - Attr not supported : Dmpu
2025-06-20 21:48:15,716 [ERROR] ConditionMgr:805 - Attr not supported : Dmpu
2025-06-20 21:48:15,716 [ERROR] ConditionMgr:805 - Attr not supported : Dmpu
2025-06-20 21:48:15,716 [ERROR] ConditionMgr:805 - Attr not supported : Dmpu
2025-06-20 21:48:15,716 [ERROR] ConditionMgr:805 - Attr not supported : Dmpu
2025-06-20 21:48:15,716 [ERROR] ConditionMgr:805 - Attr not supported : Dmpu
2025-06-20 21:48:15,716 [ERROR] ConditionMgr:805 - Attr not supported : Dmpu
2025-06-20 21:48:15,716 [ERROR] ConditionMgr:805 - Attr not supported : Dmpu
2025-06-20 21:48:15,716 [ERROR] ConditionMgr:805 - Attr not supported : Dmpu
2025-06-20 21:48:15,716 [ERROR] ConditionMgr:805 - Attr not supported : Dmpu
2025-06-20 21:48:15,717 [ERROR] ConditionMgr:805 - Attr not supported : Dmpu
2025-06-20 21:48:15,717 [ERROR] ConditionMgr:805 - Attr not supported : Dmpu
2025-06-20 21:48:15,717 [ERROR] ConditionMgr:805 - Attr not supported : Dmpu
2025-06-20 21:48:15,717 [ERROR] ConditionMgr:805 - Attr not supported : Dmpu
2025-06-20 21:48:15,717 [ERROR] ConditionMgr:805 - Attr not supported : Dmpu
2025-06-20 21:48:15,717 [ERROR] ConditionMgr:805 - Attr not supported : Dmpu
2025-06-20 21:48:15,717 [ERROR] ConditionMgr:805 - Attr not supported : Dmpu
2025-06-20 21:48:15,717 [ERROR] ConditionMgr:805 - Attr not supported : Dmpu
2025-06-20 21:48:15,717 [ERROR] ConditionMgr:805 - Attr not supported : Dmpu
2025-06-20 21:48:15,717 [ERROR] ConditionMgr:805 - Attr not supported : Dmpu
2025-06-20 21:48:15,717 [ERROR] ConditionMgr:805 - Attr not supported : Dmpu
2025-06-20 21:48:15,717 [ERROR] ConditionMgr:805 - Attr not supported : Dmpu
2025-06-20 21:48:15,717 [ERROR] ConditionMgr:805 - Attr not supported : Dmpu
2025-06-20 21:48:15,718 [ERROR] ConditionMgr:805 - Attr not supported : Dmpu
2025-06-20 21:48:15,718 [ERROR] ConditionMgr:805 - Attr not supported : Dmpu
2025-06-20 21:48:15,718 [ERROR] ConditionMgr:805 - Attr not supported : Dmpu
2025-06-20 21:48:15,718 [ERROR] ConditionMgr:805 - Attr not supported : Dmpu
2025-06-20 21:48:15,718 [ERROR] ConditionMgr:805 - Attr not supported : Dmpu
2025-06-20 21:48:15,718 [ERROR] ConditionMgr:805 - Attr not supported : Dmpu
2025-06-20 21:48:15,719 [ERROR] ConditionMgr:805 - Attr not supported : Dmpu
2025-06-20 21:48:15,719 [ERROR] ConditionMgr:805 - Attr not supported : Dmpu
2025-06-20 21:48:15,719 [ERROR] ConditionMgr:805 - Attr not supported : Dmpu
2025-06-20 21:48:15,719 [ERROR] ConditionMgr:805 - Attr not supported : Dmpu
2025-06-20 21:48:15,719 [ERROR] ConditionMgr:805 - Attr not supported : Dmpu
2025-06-20 21:48:15,719 [ERROR] ConditionMgr:805 - Attr not supported : Dmpu
2025-06-20 21:48:15,719 [ERROR] ConditionMgr:805 - Attr not supported : Dmpu
2025-06-20 21:48:15,719 [ERROR] ConditionMgr:805 - Attr not supported : Dmpu
2025-06-20 21:48:15,719 [ERROR] ConditionMgr:805 - Attr not supported : Dmpu
2025-06-20 21:48:15,719 [ERROR] ConditionMgr:805 - Attr not supported : Dmpu
2025-06-20 21:48:15,719 [ERROR] ConditionMgr:805 - Attr not supported : Dmpu
2025-06-20 21:48:15,719 [ERROR] ConditionMgr:805 - Attr not supported : Dmpu
2025-06-20 21:48:15,719 [ERROR] ConditionMgr:805 - Attr not supported : Dmpu
2025-06-20 21:48:15,720 [ERROR] ConditionMgr:805 - Attr not supported : Dmpu
2025-06-20 21:48:15,720 [ERROR] ConditionMgr:805 - Attr not supported : Dmpu
2025-06-20 21:48:15,720 [ERROR] ConditionMgr:805 - Attr not supported : Dmpu
2025-06-20 21:48:15,720 [ERROR] ConditionMgr:805 - Attr not supported : Dmpu
2025-06-20 21:48:15,720 [ERROR] ConditionMgr:805 - Attr not supported : Dmpu
2025-06-20 21:48:15,720 [ERROR] ConditionMgr:805 - Attr not supported : Dmpu
2025-06-20 21:48:15,720 [ERROR] ConditionMgr:805 - Attr not supported : Dmpu
2025-06-20 21:48:15,720 [ERROR] ConditionMgr:805 - Attr not supported : Dmpu
2025-06-20 21:48:15,720 [ERROR] ConditionMgr:805 - Attr not supported : Dmpu
2025-06-20 21:48:15,720 [ERROR] ConditionMgr:805 - Attr not supported : Dmpu
2025-06-20 21:48:15,721 [ERROR] ConditionMgr:805 - Attr not supported : Dmpu
2025-06-20 21:48:15,721 [ERROR] ConditionMgr:805 - Attr not supported : Dmpu
2025-06-20 21:48:15,721 [ERROR] ConditionMgr:805 - Attr not supported : Dmpu
2025-06-20 21:48:15,745 [WARN] PackLoader:240 - Cannot read IP mode file for STMicroelectronics.X-CUBE-WB05N.2.0.0
2025-06-20 21:48:15,768 [ERROR] Engine:466 - C:\Users\tranc\.stm32cubemx\thirdparties\pdsc\STMicroelectronics.X-CUBE-TCPP.4.2.0.pdsc: PDSC version is not supported
2025-06-20 21:48:15,786 [WARN] PackLoader:240 - Cannot read IP mode file for RealThread.X-CUBE-RT-Thread_Nano.4.1.1
2025-06-20 21:48:15,805 [WARN] PackLoader:240 - Cannot read IP mode file for STMicroelectronics.FP-ATR-SIGFOX1.3.2.0
2025-06-20 21:48:15,821 [WARN] ConditionMgr:438 - getConditionDescription Invalid condition id : Cortex-A Device cause : null
2025-06-20 21:48:15,845 [WARN] ConditionMgr:1039 - genDependencies : Invalid condition id : Cortex-A Device cause : null
2025-06-20 21:48:15,846 [WARN] ConditionMgr:1039 - genDependencies : Invalid condition id : Cortex-A Device cause : null
2025-06-20 21:48:15,846 [WARN] ConditionMgr:1039 - genDependencies : Invalid condition id : Cortex-A Device cause : null
2025-06-20 21:48:15,863 [WARN] PackLoader:240 - Cannot read IP mode file for STMicroelectronics.X-CUBE-EEPRMA1.5.1.0
2025-06-20 21:48:15,877 [WARN] PackLoader:240 - Cannot read IP mode file for wolfSSL.I-CUBE-wolfSSL.5.7.4
2025-06-20 21:48:15,893 [WARN] PackLoader:240 - Cannot read IP mode file for ITTIA_DB.I-CUBE-ITTIADB.8.9.0
2025-06-20 21:48:15,907 [ERROR] Engine:466 - C:\Users\tranc\.stm32cubemx\thirdparties\pdsc\STMicroelectronics.X-CUBE-ST67W61.1.0.0.pdsc: PDSC version is not supported
2025-06-20 21:48:15,942 [WARN] PackLoader:240 - Cannot read IP mode file for SEGGER.I-CUBE-embOS.1.3.1
2025-06-20 21:48:15,992 [WARN] PackLoader:240 - Cannot read IP mode file for STMicroelectronics.X-CUBE-ALGOBUILD.1.4.0
2025-06-20 21:48:16,045 [WARN] PackLoader:240 - Cannot read IP mode file for STMicroelectronics.X-CUBE-MEMS1.11.3.0
2025-06-20 21:48:16,170 [WARN] PackLoader:240 - Cannot read IP mode file for STMicroelectronics.X-CUBE-AI.9.1.0
2025-06-20 21:48:16,184 [WARN] PackLoader:240 - Cannot read IP mode file for STMicroelectronics.X-CUBE-PM33A1.1.0.0
2025-06-20 21:48:16,211 [WARN] PackLoader:240 - Cannot read IP mode file for STMicroelectronics.X-CUBE-AZRTOS-F4.1.1.0
2025-06-20 21:48:16,224 [ERROR] Engine:466 - C:\Users\tranc\.stm32cubemx\thirdparties\pdsc\Avnet-IotConnect.X-CUBE-IoTC-DA16k-PMOD.1.0.0.pdsc: PDSC version is not supported
2025-06-20 21:48:16,238 [WARN] PackLoader:240 - Cannot read IP mode file for STMicroelectronics.X-CUBE-ISPU.2.1.0
2025-06-20 21:48:16,255 [WARN] PackLoader:240 - Cannot read IP mode file for STMicroelectronics.X-CUBE-FREERTOS.1.2.0
2025-06-20 21:48:16,288 [WARN] PackLoader:240 - Cannot read IP mode file for STMicroelectronics.X-CUBE-AZRTOS-L5.2.0.0
2025-06-20 21:48:16,305 [WARN] PackLoader:240 - Cannot read IP mode file for STMicroelectronics.X-CUBE-NFC6.3.1.0
2025-06-20 21:48:16,320 [WARN] PackLoader:240 - Cannot read IP mode file for STMicroelectronics.X-CUBE-DPower.1.2.0
2025-06-20 21:48:16,337 [WARN] PackLoader:240 - Cannot read IP mode file for STMicroelectronics.X-CUBE-FREERTOS.1.3.1
2025-06-20 21:48:16,349 [WARN] PackLoader:240 - Cannot read IP mode file for STMicroelectronics.X-CUBE-FREERTOS.1.3.0
2025-06-20 21:48:16,367 [WARN] PackLoader:240 - Cannot read IP mode file for STMicroelectronics.X-CUBE-NFC7.1.0.1
2025-06-20 21:48:16,381 [WARN] PackLoader:240 - Cannot read IP mode file for STMicroelectronics.X-CUBE-DPower.1.3.0
2025-06-20 21:48:16,418 [WARN] ConditionMgr:438 - getConditionDescription Invalid condition id : LAN8742 Phy interface Condition cause : null
2025-06-20 21:48:16,419 [WARN] PackLoader:240 - Cannot read IP mode file for STMicroelectronics.X-CUBE-AZRTOS-L4.2.0.0
2025-06-20 21:48:16,420 [WARN] ConditionMgr:1039 - genDependencies : Invalid condition id : LAN8742 Phy interface Condition cause : null
2025-06-20 21:48:16,420 [WARN] ConditionMgr:1039 - genDependencies : Invalid condition id : LAN8742 Phy interface Condition cause : null
2025-06-20 21:48:16,421 [WARN] ConditionMgr:1039 - genDependencies : Invalid condition id : LAN8742 Phy interface Condition cause : null
2025-06-20 21:48:16,437 [WARN] PackLoader:240 - Cannot read IP mode file for STMicroelectronics.X-CUBE-SFXS2LP1.4.0.0
2025-06-20 21:48:16,473 [WARN] PackLoader:240 - Cannot read IP mode file for STMicroelectronics.X-CUBE-AZRTOS-H7.3.3.0
2025-06-20 21:48:16,496 [WARN] PackLoader:240 - Cannot read IP mode file for STMicroelectronics.X-CUBE-IPS.3.0.0
2025-06-20 21:48:16,524 [WARN] ConditionMgr:438 - getConditionDescription Invalid condition id : UX DEVICE CLASS RTOS Condition cause : null
2025-06-20 21:48:16,524 [WARN] ConditionMgr:438 - getConditionDescription Invalid condition id : UX DEVICE CLASS RTOS Condition cause : null
2025-06-20 21:48:16,525 [WARN] PackLoader:240 - Cannot read IP mode file for STMicroelectronics.X-CUBE-AZRTOS-WB.2.0.0
2025-06-20 21:48:16,526 [WARN] ConditionMgr:1039 - genDependencies : Invalid condition id : UX DEVICE CLASS RTOS Condition cause : null
2025-06-20 21:48:16,526 [WARN] ConditionMgr:1039 - genDependencies : Invalid condition id : UX DEVICE CLASS RTOS Condition cause : null
2025-06-20 21:48:16,527 [WARN] ConditionMgr:1039 - genDependencies : Invalid condition id : UX DEVICE CLASS RTOS Condition cause : null
2025-06-20 21:48:16,527 [WARN] ConditionMgr:1039 - genDependencies : Invalid condition id : UX DEVICE CLASS RTOS Condition cause : null
2025-06-20 21:48:16,527 [WARN] ConditionMgr:1039 - genDependencies : Invalid condition id : UX DEVICE CLASS RTOS Condition cause : null
2025-06-20 21:48:16,546 [WARN] PackLoader:240 - Cannot read IP mode file for STMicroelectronics.X-CUBE-GNSS1.7.0.0
2025-06-20 21:48:16,563 [WARN] PackLoader:240 - Cannot read IP mode file for STMicroelectronics.X-CUBE-GNSS1.7.0.1
2025-06-20 21:48:16,580 [WARN] PackLoader:240 - Cannot read IP mode file for STMicroelectronics.X-CUBE-TOUCHGFX.4.25.0
2025-06-20 21:48:16,597 [WARN] PackLoader:240 - Cannot read IP mode file for STMicroelectronics.FP-SNS-STBOX1.2.0.0
2025-06-20 21:48:16,619 [WARN] PackLoader:240 - Cannot read IP mode file for STMicroelectronics.X-CUBE-SUBG2.5.0.0
2025-06-20 21:48:16,655 [WARN] PackLoader:240 - Cannot read IP mode file for STMicroelectronics.X-CUBE-AZRTOS-H7RS.1.1.0
2025-06-20 21:48:16,676 [WARN] PackLoader:240 - Cannot read IP mode file for Cesanta.I-CUBE-Mongoose.7.13.0
2025-06-20 21:48:16,702 [WARN] PackLoader:240 - Cannot read IP mode file for STMicroelectronics.X-CUBE-AZRTOS-G4.2.0.0
2025-06-20 21:48:16,717 [WARN] PackLoader:240 - Cannot read IP mode file for STMicroelectronics.X-CUBE-NFC7.2.0.0
2025-06-20 21:48:16,737 [ERROR] Engine:466 - C:\Users\tranc\.stm32cubemx\thirdparties\pdsc\STMicroelectronics.X-CUBE-IPS.3.1.0.pdsc: PDSC version is not supported
2025-06-20 21:48:16,753 [WARN] PackLoader:240 - Cannot read IP mode file for STMicroelectronics.X-CUBE-ALS.1.0.2
2025-06-20 21:48:16,768 [WARN] PackLoader:240 - Cannot read IP mode file for STMicroelectronics.X-CUBE-TOUCHGFX.4.24.2
2025-06-20 21:48:16,781 [WARN] PackLoader:240 - Cannot read IP mode file for STMicroelectronics.X-CUBE-TOUCHGFX.4.24.1
2025-06-20 21:48:16,797 [WARN] PackLoader:240 - Cannot read IP mode file for wolfSSL.I-CUBE-wolfTPM.3.4.0
2025-06-20 21:48:16,814 [WARN] PackLoader:240 - Cannot read IP mode file for portGmbH.I-Cube-SoM-uGOAL.1.1.0
2025-06-20 21:48:16,847 [WARN] PackLoader:240 - Cannot read IP mode file for STMicroelectronics.X-CUBE-AZRTOS-H7RS.1.0.0
2025-06-20 21:48:16,872 [WARN] PackLoader:240 - Cannot read IP mode file for STMicroelectronics.X-CUBE-TOF1.3.4.2
2025-06-20 21:48:16,897 [ERROR] Engine:466 - C:\Users\tranc\.stm32cubemx\thirdparties\pdsc\STMicroelectronics.X-CUBE-TOF1.3.4.3.pdsc: PDSC version is not supported
2025-06-20 21:48:16,930 [WARN] PackLoader:240 - Cannot read IP mode file for Infineon.AIROC-Wi-Fi-Bluetooth-STM32.1.6.1
2025-06-20 21:48:16,950 [WARN] PackLoader:240 - Cannot read IP mode file for wolfSSL.I-CUBE-wolfSSH.1.4.17
2025-06-20 21:48:16,950 [INFO] ThirdParty:978 - Integrity check success = true
2025-06-20 21:48:16,950 [INFO] IntegrityCheckThread:100 - exiting critical section [integrity check]
2025-06-20 21:48:16,950 [INFO] IntegrityCheckThread:103 - End integrity checks thread
2025-06-20 21:48:18,033 [INFO] WebApp:167 - Instantiating new browser for Auth
2025-06-20 21:48:19,003 [INFO] WebApp:448 - Apply proxy settings
2025-06-20 21:48:19,003 [INFO] WebApp:533 - Chromium requires no authentication
2025-06-20 21:48:19,027 [INFO] WebApp:476 - Direct internet connection detected
2025-06-20 21:48:19,083 [INFO] WebApp:869 - Register for checkConnection events
2025-06-20 21:48:19,084 [INFO] WebApp:448 - Apply proxy settings
2025-06-20 21:48:19,085 [INFO] WebApp:533 - Chromium requires no authentication
2025-06-20 21:48:19,086 [INFO] WebApp:476 - Direct internet connection detected
2025-06-20 21:48:19,320 [INFO] WebApp:220 - Starting web application
2025-06-20 21:48:19,320 [INFO] WebApp:578 - Web application path used C:\ST\STM32CubeIDE_1.16.1\STM32CubeIDE\plugins\com.st.stm32cube.common.mx_6.12.1.202409122256\db\plugins\mcufinder\reactClient1\index.html
2025-06-20 21:48:19,324 [INFO] WebApp:186 - Connection restablished
2025-06-20 21:48:19,517 [INFO] UserAuth:417 - Internet connection configuration mode: 1
2025-06-20 22:18:42,168 [ERROR] LogOutputStream:75 - [STDERR_REDIRECT] 
2025-06-20 22:18:42,169 [ERROR] LogOutputStream:75 - [STDERR_REDIRECT] 
