2025-06-17 21:17:09,037 [INFO] Activator:176 - 


2025-06-17 21:17:09,042 [INFO] Activator:177 - !SESSION log4j initialized
2025-06-17 21:17:15,886 [INFO] LogOutputStream:77 - [STDOUT_REDIRECT] 
2025-06-17 21:17:18,351 [INFO] ApplicationProperties:184 - Using Application install path: C:\ST\STM32CubeIDE_1.16.1\STM32CubeIDE\plugins\com.st.stm32cube.common.mx_6.12.1.202409122256
2025-06-17 21:17:18,377 [INFO] DbMcusXml:78 - Set database path to: C:\ST\STM32CubeIDE_1.16.1\STM32CubeIDE\plugins\com.st.stm32cube.common.mx_6.12.1.202409122256\\db\/mcu/
2025-06-17 21:17:18,377 [INFO] ApiDb:274 - Set plugin database path to: C:\ST\STM32CubeIDE_1.16.1\STM32CubeIDE\plugins\com.st.stm32cube.common.mx_6.12.1.202409122256\\db\/plugins/boardmanager/
2025-06-17 21:17:18,388 [WARN] ApiDb:259 - Overriding images path with different value:  => C:\ST\STM32CubeIDE_1.16.1\STM32CubeIDE\plugins\com.st.stm32cube.common.mx_6.12.1.202409122256\\db\/plugins/mcufinder/images/
2025-06-17 21:17:18,409 [INFO] ApiDb:250 - Set database path to: C:\Users\tranc\.stmcufinder\plugins\mcufinder//mcu/
2025-06-17 21:17:18,412 [INFO] DbMcusAds:125 - Set database path to: C:\Users\tranc\.stmcufinder\plugins\mcufinder//mcu/
2025-06-17 21:17:18,416 [INFO] CrossReferenceDbSqlite:203 - Set database path to: C:\Users\tranc\.stmcufinder\plugins\mcufinder//mcu/cs/
2025-06-17 21:17:18,568 [INFO] RulesReader:64 - Compatibility file has been processed (297 Rules)
2025-06-17 21:17:18,688 [INFO] DbMcusXml:78 - Set database path to: C:\ST\STM32CubeIDE_1.16.1\STM32CubeIDE\plugins\com.st.stm32cube.common.mx_6.12.1.202409122256\\db\/mcu/
2025-06-17 21:17:18,688 [INFO] ApiDb:274 - Set plugin database path to: C:\ST\STM32CubeIDE_1.16.1\STM32CubeIDE\plugins\com.st.stm32cube.common.mx_6.12.1.202409122256\\db\/plugins/boardmanager/
2025-06-17 21:17:18,688 [INFO] ApiDb:261 - Set plugin images path to: C:\ST\STM32CubeIDE_1.16.1\STM32CubeIDE\plugins\com.st.stm32cube.common.mx_6.12.1.202409122256\\db\/plugins/mcufinder/images/
2025-06-17 21:17:18,690 [WARN] DbFile:41 - Overriding database path with different value: C:\Users\tranc\.stmcufinder\plugins\mcufinder/ => C:\Users\tranc\.stmcufinder\plugins\mcufinder
2025-06-17 21:17:18,690 [INFO] ApiDb:250 - Set database path to: C:\Users\tranc\.stmcufinder\plugins\mcufinder//mcu/
2025-06-17 21:17:18,690 [WARN] DbFile:41 - Overriding database path with different value: C:\Users\tranc\.stmcufinder\plugins\mcufinder/ => C:\Users\tranc\.stmcufinder\plugins\mcufinder
2025-06-17 21:17:18,690 [INFO] DbMcusAds:125 - Set database path to: C:\Users\tranc\.stmcufinder\plugins\mcufinder//mcu/
2025-06-17 21:17:18,690 [WARN] DbFile:41 - Overriding database path with different value: C:\Users\tranc\.stmcufinder\plugins\mcufinder/ => C:\Users\tranc\.stmcufinder\plugins\mcufinder
2025-06-17 21:17:18,690 [WARN] DbFile:41 - Overriding database path with different value: C:\Users\tranc\.stmcufinder\plugins\mcufinder/ => C:\Users\tranc\.stmcufinder\plugins\mcufinder
2025-06-17 21:17:18,690 [INFO] CrossReferenceDbSqlite:203 - Set database path to: C:\Users\tranc\.stmcufinder\plugins\mcufinder//mcu/cs/
2025-06-17 21:17:18,780 [INFO] MainPanel:268 - HeapMemory: 268435456
2025-06-17 21:17:18,916 [INFO] DbMcusXml:78 - Set database path to: C:\ST\STM32CubeIDE_1.16.1\STM32CubeIDE\plugins\com.st.stm32cube.common.mx_6.12.1.202409122256\\db\/mcu/
2025-06-17 21:17:18,916 [INFO] ApiDb:274 - Set plugin database path to: C:\ST\STM32CubeIDE_1.16.1\STM32CubeIDE\plugins\com.st.stm32cube.common.mx_6.12.1.202409122256\\db\/plugins/boardmanager/
2025-06-17 21:17:18,916 [INFO] ApiDb:261 - Set plugin images path to: C:\ST\STM32CubeIDE_1.16.1\STM32CubeIDE\plugins\com.st.stm32cube.common.mx_6.12.1.202409122256\\db\/plugins/mcufinder/images/
2025-06-17 21:17:18,917 [WARN] DbFile:41 - Overriding database path with different value: C:\Users\tranc\.stmcufinder\plugins\mcufinder/ => C:\Users\tranc\.stmcufinder\plugins\mcufinder
2025-06-17 21:17:18,917 [INFO] ApiDb:250 - Set database path to: C:\Users\tranc\.stmcufinder\plugins\mcufinder//mcu/
2025-06-17 21:17:18,917 [WARN] DbFile:41 - Overriding database path with different value: C:\Users\tranc\.stmcufinder\plugins\mcufinder/ => C:\Users\tranc\.stmcufinder\plugins\mcufinder
2025-06-17 21:17:18,917 [INFO] DbMcusAds:125 - Set database path to: C:\Users\tranc\.stmcufinder\plugins\mcufinder//mcu/
2025-06-17 21:17:18,917 [WARN] DbFile:41 - Overriding database path with different value: C:\Users\tranc\.stmcufinder\plugins\mcufinder/ => C:\Users\tranc\.stmcufinder\plugins\mcufinder
2025-06-17 21:17:18,917 [WARN] DbFile:41 - Overriding database path with different value: C:\Users\tranc\.stmcufinder\plugins\mcufinder/ => C:\Users\tranc\.stmcufinder\plugins\mcufinder
2025-06-17 21:17:18,918 [INFO] CrossReferenceDbSqlite:203 - Set database path to: C:\Users\tranc\.stmcufinder\plugins\mcufinder//mcu/cs/
2025-06-17 21:17:18,938 [INFO] ApplicationProperties:184 - Using Application install path: C:\ST\STM32CubeIDE_1.16.1\STM32CubeIDE\plugins\com.st.stm32cube.common.mx_6.12.1.202409122256
2025-06-17 21:17:18,939 [INFO] PluginManage:196 - Search for loadable plugins [exclusion list=, ]
2025-06-17 21:17:18,941 [INFO] PluginManage:310 - Check plugin analytics
2025-06-17 21:17:19,109 [INFO] AnalyticsPlugin:253 - Accepted Software Licenses: STM32CubeMX.6.12.1
2025-06-17 21:17:19,109 [INFO] AnalyticsPlugin:255 - Accepted CMSIS Pack Licenses: 
2025-06-17 21:17:19,109 [INFO] AnalyticsPlugin:257 - Accepted Firmware Licenses: FW.WL.1.3.0,FW.G4.1.6.0,FW.F4.1.28.0
2025-06-17 21:17:19,112 [INFO] PluginManage:359 - Loaded plugin analytics (category:tool,tabindex:-1)
2025-06-17 21:17:19,112 [INFO] PluginManage:310 - Check plugin cadmodel
2025-06-17 21:17:19,136 [INFO] CADModel:105 - Init CAD model plugin
2025-06-17 21:17:19,136 [INFO] PluginManage:359 - Loaded plugin cadmodel (category:power,tabindex:5)
2025-06-17 21:17:19,136 [INFO] PluginManage:310 - Check plugin clock
2025-06-17 21:17:19,161 [INFO] PluginManage:359 - Loaded plugin clock (category:base,tabindex:2)
2025-06-17 21:17:19,162 [INFO] PluginManage:310 - Check plugin ddr
2025-06-17 21:17:19,164 [INFO] PluginManage:359 - Loaded plugin ddr (category:tool,tabindex:6)
2025-06-17 21:17:19,164 [INFO] PluginManage:310 - Check plugin filemanager
2025-06-17 21:17:19,363 [INFO] PluginManage:359 - Loaded plugin filemanager (category:base,tabindex:10)
2025-06-17 21:17:19,363 [INFO] PluginManage:310 - Check plugin ipmanager
2025-06-17 21:17:19,372 [INFO] PluginManage:359 - Loaded plugin ipmanager (category:base,tabindex:5)
2025-06-17 21:17:19,372 [INFO] PluginManage:310 - Check plugin lpbam
2025-06-17 21:17:19,397 [INFO] PluginManage:359 - Loaded plugin lpbam (category:base,tabindex:0)
2025-06-17 21:17:19,397 [INFO] PluginManage:310 - Check plugin memorymap
2025-06-17 21:17:19,427 [INFO] PluginManage:359 - Loaded plugin memorymap (category:base,tabindex:4)
2025-06-17 21:17:19,427 [INFO] PluginManage:310 - Check plugin pinoutandconfiguration
2025-06-17 21:17:19,450 [INFO] PluginManage:359 - Loaded plugin pinoutandconfiguration (category:base,tabindex:1)
2025-06-17 21:17:19,451 [INFO] PluginManage:310 - Check plugin pinoutconfig
2025-06-17 21:17:19,565 [WARN] SupportedApi:132 - Cannot load RTOS API schema: s4s-elt-must-match.1: The content of 'definitions' must match (annotation?, (simpleType | complexType)?, (unique | key | keyref)*)). A problem was found starting at: attribute.
2025-06-17 21:17:19,716 [INFO] PluginManage:359 - Loaded plugin pinoutconfig (category:base,tabindex:0)
2025-06-17 21:17:19,716 [INFO] PluginManage:310 - Check plugin power
2025-06-17 21:17:19,761 [INFO] PluginManage:359 - Loaded plugin power (category:power,tabindex:4)
2025-06-17 21:17:19,761 [INFO] PluginManage:310 - Check plugin projectmanager
2025-06-17 21:17:19,782 [INFO] PluginManage:359 - Loaded plugin projectmanager (category:projectmanager,tabindex:4)
2025-06-17 21:17:19,782 [INFO] PluginManage:310 - Check plugin rif
2025-06-17 21:17:19,813 [INFO] PluginManage:359 - Loaded plugin rif (category:base,tabindex:3)
2025-06-17 21:17:19,813 [INFO] PluginManage:310 - Check plugin thirdparty
2025-06-17 21:17:20,255 [INFO] PluginManage:359 - Loaded plugin thirdparty (category:base,tabindex:-1)
2025-06-17 21:17:20,255 [WARN] IntegrityCheckThread:84 - waiting for thirdparty lock release [integrity check]
2025-06-17 21:17:20,255 [INFO] PluginManage:310 - Check plugin tools
2025-06-17 21:17:20,255 [INFO] IntegrityCheckThread:86 - entering critical section [integrity check]
2025-06-17 21:17:20,256 [INFO] ThirdPartyUpdaterWithRetryManager:70 - Updater plugin not ready yet. [1/15]
2025-06-17 21:17:20,342 [INFO] PluginManage:359 - Loaded plugin tools (category:base,tabindex:7)
2025-06-17 21:17:20,342 [INFO] PluginManage:310 - Check plugin tutovideos
2025-06-17 21:17:20,622 [INFO] PluginManage:359 - Loaded plugin tutovideos (category:base,tabindex:-1)
2025-06-17 21:17:20,622 [INFO] PluginManage:310 - Check plugin updater
2025-06-17 21:17:20,644 [INFO] PluginManage:359 - Loaded plugin updater (category:base,tabindex:12)
2025-06-17 21:17:20,645 [INFO] PluginManage:310 - Check plugin userauth
2025-06-17 21:17:20,654 [INFO] UserAuth:113 - Init User Auth plugin
2025-06-17 21:17:20,654 [INFO] PluginManage:359 - Loaded plugin userauth (category:base,tabindex:14)
2025-06-17 21:17:20,655 [INFO] PluginManage:283 - PluginManage : Loaded plugins [18]
2025-06-17 21:17:20,949 [INFO] PinOutPanel:1561 - setPackage(No Configuration,No Configuration)
2025-06-17 21:17:21,094 [INFO] CADModel:165 - CPN selected for project level
2025-06-17 21:17:21,094 [INFO] CADModel:114 - Register for checkConnection events
2025-06-17 21:17:21,133 [INFO] IPUIPlugin:80 - create IPUIPlugin
2025-06-17 21:17:21,133 [INFO] PluginManager:220 - loadIPPluginJar : add adc
2025-06-17 21:17:21,198 [INFO] IPUIPlugin:80 - create IPUIPlugin
2025-06-17 21:17:21,199 [INFO] PluginManager:220 - loadIPPluginJar : add aes
2025-06-17 21:17:21,269 [INFO] IPUIPlugin:80 - create IPUIPlugin
2025-06-17 21:17:21,269 [INFO] PluginManager:220 - loadIPPluginJar : add can
2025-06-17 21:17:21,304 [INFO] IPUIPlugin:80 - create IPUIPlugin
2025-06-17 21:17:21,305 [INFO] PluginManager:220 - loadIPPluginJar : add comp
2025-06-17 21:17:21,391 [INFO] IPUIPlugin:80 - create IPUIPlugin
2025-06-17 21:17:21,392 [INFO] PluginManager:220 - loadIPPluginJar : add cryp
2025-06-17 21:17:21,414 [INFO] IPUIPlugin:80 - create IPUIPlugin
2025-06-17 21:17:21,414 [INFO] PluginManager:220 - loadIPPluginJar : add ddr_ctrl_phy
2025-06-17 21:17:21,533 [INFO] IPUIPlugin:80 - create IPUIPlugin
2025-06-17 21:17:21,534 [INFO] PluginManager:220 - loadIPPluginJar : add dfsdm
2025-06-17 21:17:21,611 [INFO] IPUIPlugin:80 - create IPUIPlugin
2025-06-17 21:17:21,613 [INFO] PluginManager:220 - loadIPPluginJar : add dma
2025-06-17 21:17:21,787 [INFO] IPUIPlugin:80 - create IPUIPlugin
2025-06-17 21:17:21,788 [INFO] PluginManager:220 - loadIPPluginJar : add dma3
2025-06-17 21:17:21,890 [INFO] IPUIPlugin:80 - create IPUIPlugin
2025-06-17 21:17:21,890 [INFO] PluginManager:220 - loadIPPluginJar : add extmemmanager
2025-06-17 21:17:21,935 [INFO] IPUIPlugin:80 - create IPUIPlugin
2025-06-17 21:17:21,935 [INFO] PluginManager:220 - loadIPPluginJar : add fatfs
2025-06-17 21:17:22,040 [INFO] IPUIPlugin:80 - create IPUIPlugin
2025-06-17 21:17:22,041 [INFO] PluginManager:220 - loadIPPluginJar : add fmc
2025-06-17 21:17:22,070 [INFO] IPUIPlugin:80 - create IPUIPlugin
2025-06-17 21:17:22,071 [INFO] PluginManager:220 - loadIPPluginJar : add freertos
2025-06-17 21:17:22,124 [INFO] IPUIPlugin:80 - create IPUIPlugin
2025-06-17 21:17:22,125 [INFO] PluginManager:220 - loadIPPluginJar : add genericplugin
2025-06-17 21:17:22,340 [INFO] IPUIPlugin:80 - create IPUIPlugin
2025-06-17 21:17:22,340 [INFO] PluginManager:220 - loadIPPluginJar : add gfxmmu
2025-06-17 21:17:22,634 [INFO] IPUIPlugin:80 - create IPUIPlugin
2025-06-17 21:17:22,634 [INFO] PluginManager:220 - loadIPPluginJar : add gic
2025-06-17 21:17:22,656 [INFO] IPUIPlugin:80 - create IPUIPlugin
2025-06-17 21:17:22,656 [INFO] PluginManager:220 - loadIPPluginJar : add gpio
2025-06-17 21:17:22,823 [INFO] IPUIPlugin:80 - create IPUIPlugin
2025-06-17 21:17:22,825 [INFO] PluginManager:220 - loadIPPluginJar : add gtzc
2025-06-17 21:17:22,887 [INFO] IPUIPlugin:80 - create IPUIPlugin
2025-06-17 21:17:22,887 [INFO] PluginManager:220 - loadIPPluginJar : add hash
2025-06-17 21:17:22,963 [INFO] IPUIPlugin:80 - create IPUIPlugin
2025-06-17 21:17:22,963 [INFO] PluginManager:220 - loadIPPluginJar : add i2c
2025-06-17 21:17:23,012 [INFO] IPUIPlugin:80 - create IPUIPlugin
2025-06-17 21:17:23,012 [INFO] PluginManager:220 - loadIPPluginJar : add i2s
2025-06-17 21:17:23,070 [INFO] IPUIPlugin:80 - create IPUIPlugin
2025-06-17 21:17:23,070 [INFO] PluginManager:220 - loadIPPluginJar : add i3c
2025-06-17 21:17:23,189 [INFO] IPUIPlugin:80 - create IPUIPlugin
2025-06-17 21:17:23,189 [INFO] PluginManager:220 - loadIPPluginJar : add ipddr
2025-06-17 21:17:23,262 [INFO] ThirdPartyUpdaterWithRetryManager:70 - Updater plugin not ready yet. [2/15]
2025-06-17 21:17:23,332 [INFO] IPUIPlugin:80 - create IPUIPlugin
2025-06-17 21:17:23,332 [INFO] PluginManager:220 - loadIPPluginJar : add linkedlist
2025-06-17 21:17:23,380 [INFO] IPUIPlugin:80 - create IPUIPlugin
2025-06-17 21:17:23,380 [INFO] PluginManager:220 - loadIPPluginJar : add lorawan
2025-06-17 21:17:23,437 [INFO] IPUIPlugin:80 - create IPUIPlugin
2025-06-17 21:17:23,437 [INFO] PluginManager:220 - loadIPPluginJar : add ltdc
2025-06-17 21:17:23,455 [INFO] IPUIPlugin:80 - create IPUIPlugin
2025-06-17 21:17:23,455 [INFO] PluginManager:220 - loadIPPluginJar : add mdma
2025-06-17 21:17:23,472 [INFO] IPUIPlugin:80 - create IPUIPlugin
2025-06-17 21:17:23,472 [INFO] PluginManager:220 - loadIPPluginJar : add nvic
2025-06-17 21:17:23,539 [INFO] IPUIPlugin:80 - create IPUIPlugin
2025-06-17 21:17:23,539 [INFO] PluginManager:220 - loadIPPluginJar : add opamp
2025-06-17 21:17:23,668 [INFO] IPUIPlugin:80 - create IPUIPlugin
2025-06-17 21:17:23,668 [INFO] PluginManager:220 - loadIPPluginJar : add openamp
2025-06-17 21:17:23,770 [INFO] IPUIPlugin:80 - create IPUIPlugin
2025-06-17 21:17:23,770 [INFO] PluginManager:220 - loadIPPluginJar : add pdm2pcm
2025-06-17 21:17:23,796 [INFO] IPUIPlugin:80 - create IPUIPlugin
2025-06-17 21:17:23,800 [INFO] PluginManager:220 - loadIPPluginJar : add plateformsettings
2025-06-17 21:17:23,864 [INFO] IPUIPlugin:80 - create IPUIPlugin
2025-06-17 21:17:23,864 [INFO] PluginManager:220 - loadIPPluginJar : add quadspi
2025-06-17 21:17:23,915 [INFO] IPUIPlugin:80 - create IPUIPlugin
2025-06-17 21:17:23,916 [INFO] PluginManager:220 - loadIPPluginJar : add radio
2025-06-17 21:17:23,933 [INFO] IPUIPlugin:80 - create IPUIPlugin
2025-06-17 21:17:23,933 [INFO] PluginManager:220 - loadIPPluginJar : add resmgrutility
2025-06-17 21:17:23,996 [INFO] IPUIPlugin:80 - create IPUIPlugin
2025-06-17 21:17:23,997 [INFO] PluginManager:220 - loadIPPluginJar : add sai
2025-06-17 21:17:24,049 [INFO] IPUIPlugin:80 - create IPUIPlugin
2025-06-17 21:17:24,049 [INFO] PluginManager:220 - loadIPPluginJar : add spi
2025-06-17 21:17:24,132 [INFO] IPUIPlugin:80 - create IPUIPlugin
2025-06-17 21:17:24,132 [INFO] PluginManager:220 - loadIPPluginJar : add stm32_wpan
2025-06-17 21:17:24,166 [INFO] IPUIPlugin:80 - create IPUIPlugin
2025-06-17 21:17:24,166 [INFO] PluginManager:220 - loadIPPluginJar : add tim
2025-06-17 21:17:24,241 [INFO] IPUIPlugin:80 - create IPUIPlugin
2025-06-17 21:17:24,241 [INFO] PluginManager:220 - loadIPPluginJar : add touchsensing
2025-06-17 21:17:24,278 [INFO] IPUIPlugin:80 - create IPUIPlugin
2025-06-17 21:17:24,278 [INFO] PluginManager:220 - loadIPPluginJar : add tracer_emb
2025-06-17 21:17:24,316 [INFO] IPUIPlugin:80 - create IPUIPlugin
2025-06-17 21:17:24,316 [INFO] PluginManager:220 - loadIPPluginJar : add ts
2025-06-17 21:17:24,355 [INFO] IPUIPlugin:80 - create IPUIPlugin
2025-06-17 21:17:24,355 [INFO] PluginManager:220 - loadIPPluginJar : add tsc
2025-06-17 21:17:24,406 [INFO] IPUIPlugin:80 - create IPUIPlugin
2025-06-17 21:17:24,406 [INFO] PluginManager:220 - loadIPPluginJar : add ucpd
2025-06-17 21:17:24,518 [INFO] IPUIPlugin:80 - create IPUIPlugin
2025-06-17 21:17:24,518 [INFO] PluginManager:220 - loadIPPluginJar : add usart
2025-06-17 21:17:24,576 [INFO] IPUIPlugin:80 - create IPUIPlugin
2025-06-17 21:17:24,577 [INFO] PluginManager:220 - loadIPPluginJar : add usbx
2025-06-17 21:17:24,719 [INFO] CADModel:165 - CPN selected for project level
2025-06-17 21:17:24,719 [INFO] CADModel:114 - Register for checkConnection events
2025-06-17 21:17:24,719 [FATAL] Updater:334 - Updater called before beeing initialized
2025-06-17 21:17:24,719 [ERROR] CADModel:125 - Updater not yet initialized, retry later 
2025-06-17 21:17:24,866 [INFO] CADModel:165 - CPN selected for project level
2025-06-17 21:17:24,866 [INFO] CADModel:114 - Register for checkConnection events
2025-06-17 21:17:24,866 [FATAL] Updater:334 - Updater called before beeing initialized
2025-06-17 21:17:24,866 [ERROR] CADModel:125 - Updater not yet initialized, retry later 
2025-06-17 21:17:24,872 [FATAL] Updater:334 - Updater called before beeing initialized
2025-06-17 21:17:24,978 [FATAL] Updater:334 - Updater called before beeing initialized
2025-06-17 21:17:24,990 [INFO] DbMcusAds:53 - JSON generation date=Wed May 07 16:07:55 ICT 2025 (1746608875484)
2025-06-17 21:17:24,990 [FATAL] Updater:334 - Updater called before beeing initialized
2025-06-17 21:17:25,032 [WARN] DetailPanel:346 - Failed to get advertising image, set to default
2025-06-17 21:17:25,129 [FATAL] Updater:334 - Updater called before beeing initialized
2025-06-17 21:17:25,132 [FATAL] Updater:334 - Updater called before beeing initialized
2025-06-17 21:17:25,132 [FATAL] Updater:334 - Updater called before beeing initialized
2025-06-17 21:17:25,132 [WARN] DetailPanel:346 - Failed to get advertising image, set to default
2025-06-17 21:17:25,133 [FATAL] Updater:334 - Updater called before beeing initialized
2025-06-17 21:17:25,205 [ERROR] Updater:1164 - MainUpdater not yet initialized. External WinMGr cannot be set.
2025-06-17 21:17:25,220 [INFO] Updater:1100 - Updater Version found : 6.12.1
2025-06-17 21:17:25,245 [INFO] ApplicationProperties:184 - Using Application install path: C:\ST\STM32CubeIDE_1.16.1\STM32CubeIDE\plugins\com.st.stm32cube.common.mx_6.12.1.202409122256
2025-06-17 21:17:26,272 [INFO] ThirdPartyUpdaterWithRetryManager:70 - Updater plugin not ready yet. [3/15]
2025-06-17 21:17:26,857 [ERROR] LogOutputStream:75 - [STDERR_REDIRECT] Jun 17, 2025 9:17:26 PM java.util.prefs.WindowsPreferences <init>
2025-06-17 21:17:26,858 [ERROR] LogOutputStream:75 - [STDERR_REDIRECT] WARNING: Could not open/create prefs root node Software\JavaSoft\Prefs at root 0xffffffff80000002. Windows RegCreateKeyEx(...) returned error code 5.
2025-06-17 21:17:26,859 [ERROR] LogOutputStream:75 - [STDERR_REDIRECT] 
2025-06-17 21:17:27,437 [INFO] MainUpdater:2873 - connection check result : 10
2025-06-17 21:17:27,437 [INFO] MainUpdater:290 - Updater Check For Update Now.
2025-06-17 21:17:27,438 [INFO] MicroXplorer:498 - Change Database Version : DB.6.0.121
2025-06-17 21:17:27,455 [INFO] McuFinderGlobals:63 - Set McuFinder mode to 2 (CubeIDE integrated)
2025-06-17 21:17:27,465 [INFO] UserAuth:417 - Internet connection configuration mode: 1
2025-06-17 21:17:27,505 [INFO] JxBrowserEngine:152 - Initiate JxBrowser Engine with user profile folder
2025-06-17 21:17:27,698 [INFO] CheckServerUpdateThread:120 - End of CheckServer Thread
2025-06-17 21:17:29,583 [WARN] PackLoader:240 - Cannot read IP mode file for STMicroelectronics.FP-SNS-MOTENVWB1.1.4.0
2025-06-17 21:17:29,600 [WARN] PackLoader:240 - Cannot read IP mode file for STMicroelectronics.FP-ATR-ASTRA1.2.0.2
2025-06-17 21:17:29,614 [WARN] PackLoader:240 - Cannot read IP mode file for STMicroelectronics.FP-ATR-ASTRA1.2.0.1
2025-06-17 21:17:29,634 [WARN] PackLoader:240 - Cannot read IP mode file for STMicroelectronics.X-CUBE-SMBUS.2.1.0
2025-06-17 21:17:29,652 [WARN] PackLoader:240 - Cannot read IP mode file for STMicroelectronics.X-CUBE-WB05N.1.1.0
2025-06-17 21:17:29,671 [ERROR] Engine:466 - C:\Users\tranc\.stm32cubemx\thirdparties\pdsc\STMicroelectronics.X-CUBE-ST60.1.0.0.pdsc: PDSC version is not supported
2025-06-17 21:17:29,738 [WARN] PackLoader:240 - Cannot read IP mode file for STMicroelectronics.X-CUBE-AZRTOS-F7.1.1.0
2025-06-17 21:17:29,827 [WARN] PackLoader:240 - Cannot read IP mode file for STMicroelectronics.X-CUBE-MEMS1.11.0.0
2025-06-17 21:17:30,012 [WARN] PackLoader:240 - Cannot read IP mode file for STMicroelectronics.FP-SNS-FLIGHT1.5.0.2
2025-06-17 21:17:30,033 [WARN] PackLoader:240 - Cannot read IP mode file for STMicroelectronics.X-CUBE-DISPLAY.3.0.0
2025-06-17 21:17:30,054 [WARN] PackLoader:240 - Cannot read IP mode file for STMicroelectronics.X-CUBE-BLE1.7.0.0
2025-06-17 21:17:30,075 [WARN] PackLoader:240 - Cannot read IP mode file for STMicroelectronics.X-CUBE-NFC10.1.0.0
2025-06-17 21:17:30,103 [WARN] PackLoader:240 - Cannot read IP mode file for STMicroelectronics.X-CUBE-BLEMGR.4.0.0
2025-06-17 21:17:30,127 [WARN] PackLoader:240 - Cannot read IP mode file for emotas.I-CUBE-CANOPEN.1.3.0
2025-06-17 21:17:30,151 [WARN] PackLoader:240 - Cannot read IP mode file for STMicroelectronics.X-CUBE-BLEMGR.3.1.0
2025-06-17 21:17:30,179 [WARN] PackLoader:240 - Cannot read IP mode file for STMicroelectronics.X-CUBE-AI.10.0.0
2025-06-17 21:17:30,218 [WARN] PackLoader:240 - Cannot read IP mode file for STMicroelectronics.FP-SNS-SMARTAG2.1.2.0
2025-06-17 21:17:30,242 [ERROR] Engine:466 - C:\Users\tranc\.stm32cubemx\thirdparties\pdsc\STMicroelectronics.FP-SNS-FLIGHT1.5.1.0.pdsc: PDSC version is not supported
2025-06-17 21:17:30,338 [WARN] PackLoader:240 - Cannot read IP mode file for STMicroelectronics.X-CUBE-MEMS1.11.1.0
2025-06-17 21:17:30,517 [INFO] LogOutputStream:77 - [STDOUT_REDIRECT] 1 : Invalid condition id : UX_CORESTACK_Condition cause : null
2025-06-17 21:17:30,517 [INFO] LogOutputStream:77 - [STDOUT_REDIRECT] 1 : Invalid condition id : UX_CORESTACK_Condition cause : null
2025-06-17 21:17:30,518 [INFO] LogOutputStream:77 - [STDOUT_REDIRECT] 1 : Invalid condition id : UX_CORESTACK_Condition cause : null
2025-06-17 21:17:30,520 [INFO] LogOutputStream:77 - [STDOUT_REDIRECT] 1 : Invalid condition id : UX_CORESTACK_Condition cause : null
2025-06-17 21:17:30,521 [INFO] LogOutputStream:77 - [STDOUT_REDIRECT] 1 : Invalid condition id : UX_CORESTACK_Condition cause : null
2025-06-17 21:17:30,523 [WARN] PackLoader:240 - Cannot read IP mode file for STMicroelectronics.X-CUBE-AZRTOS-WL.2.0.0
2025-06-17 21:17:30,543 [WARN] PackLoader:240 - Cannot read IP mode file for STMicroelectronics.FP-SNS-MOTENV1.5.0.0
2025-06-17 21:17:30,563 [WARN] PackLoader:240 - Cannot read IP mode file for wolfSSL.I-CUBE-wolfMQTT.1.19.0
2025-06-17 21:17:30,584 [WARN] PackLoader:240 - Cannot read IP mode file for WES.I-CUBE-Cesium.1.3.0
2025-06-17 21:17:30,603 [WARN] PackLoader:240 - Cannot read IP mode file for STMicroelectronics.X-CUBE-BLE2.3.3.0
2025-06-17 21:17:30,622 [WARN] PackLoader:240 - Cannot read IP mode file for STMicroelectronics.X-CUBE-NFC9.1.0.0
2025-06-17 21:17:30,640 [WARN] PackLoader:240 - Cannot read IP mode file for STMicroelectronics.X-CUBE-BLE1.7.1.0
2025-06-17 21:17:30,658 [WARN] PackLoader:240 - Cannot read IP mode file for STMicroelectronics.X-CUBE-TCPP.4.1.0
2025-06-17 21:17:30,677 [WARN] PackLoader:240 - Cannot read IP mode file for STMicroelectronics.X-CUBE-AI.10.1.0
2025-06-17 21:17:30,746 [WARN] PackLoader:240 - Cannot read IP mode file for STMicroelectronics.X-CUBE-MEMS1.11.2.0
2025-06-17 21:17:30,929 [WARN] PackLoader:240 - Cannot read IP mode file for STMicroelectronics.X-CUBE-AZRTOS-G0.1.1.0
2025-06-17 21:17:30,951 [WARN] PackLoader:240 - Cannot read IP mode file for STMicroelectronics.X-CUBE-SAFEA1.1.2.2
2025-06-17 21:17:30,969 [WARN] PackLoader:240 - Cannot read IP mode file for STMicroelectronics.X-CUBE-NFC4.3.0.0
2025-06-17 21:17:30,997 [WARN] PackLoader:240 - Cannot read IP mode file for EmbeddedOffice.I-CUBE-FS-RTOS.1.0.1
2025-06-17 21:17:30,997 [ERROR] ConditionMgr:805 - Attr not supported : Dmpu
2025-06-17 21:17:30,998 [ERROR] ConditionMgr:805 - Attr not supported : Dmpu
2025-06-17 21:17:30,998 [ERROR] ConditionMgr:805 - Attr not supported : Dmpu
2025-06-17 21:17:30,998 [ERROR] ConditionMgr:805 - Attr not supported : Dmpu
2025-06-17 21:17:30,998 [ERROR] ConditionMgr:805 - Attr not supported : Dmpu
2025-06-17 21:17:30,998 [ERROR] ConditionMgr:805 - Attr not supported : Dmpu
2025-06-17 21:17:30,998 [ERROR] ConditionMgr:805 - Attr not supported : Dmpu
2025-06-17 21:17:30,998 [ERROR] ConditionMgr:805 - Attr not supported : Dmpu
2025-06-17 21:17:30,998 [ERROR] ConditionMgr:805 - Attr not supported : Dmpu
2025-06-17 21:17:30,998 [ERROR] ConditionMgr:805 - Attr not supported : Dmpu
2025-06-17 21:17:30,998 [ERROR] ConditionMgr:805 - Attr not supported : Dmpu
2025-06-17 21:17:30,998 [ERROR] ConditionMgr:805 - Attr not supported : Dmpu
2025-06-17 21:17:30,998 [ERROR] ConditionMgr:805 - Attr not supported : Dmpu
2025-06-17 21:17:30,998 [ERROR] ConditionMgr:805 - Attr not supported : Dmpu
2025-06-17 21:17:30,998 [ERROR] ConditionMgr:805 - Attr not supported : Dmpu
2025-06-17 21:17:30,999 [ERROR] ConditionMgr:805 - Attr not supported : Dmpu
2025-06-17 21:17:30,999 [ERROR] ConditionMgr:805 - Attr not supported : Dmpu
2025-06-17 21:17:30,999 [ERROR] ConditionMgr:805 - Attr not supported : Dmpu
2025-06-17 21:17:30,999 [ERROR] ConditionMgr:805 - Attr not supported : Dmpu
2025-06-17 21:17:30,999 [ERROR] ConditionMgr:805 - Attr not supported : Dmpu
2025-06-17 21:17:30,999 [ERROR] ConditionMgr:805 - Attr not supported : Dmpu
2025-06-17 21:17:30,999 [ERROR] ConditionMgr:805 - Attr not supported : Dmpu
2025-06-17 21:17:30,999 [ERROR] ConditionMgr:805 - Attr not supported : Dmpu
2025-06-17 21:17:30,999 [ERROR] ConditionMgr:805 - Attr not supported : Dmpu
2025-06-17 21:17:30,999 [ERROR] ConditionMgr:805 - Attr not supported : Dmpu
2025-06-17 21:17:30,999 [ERROR] ConditionMgr:805 - Attr not supported : Dmpu
2025-06-17 21:17:30,999 [ERROR] ConditionMgr:805 - Attr not supported : Dmpu
2025-06-17 21:17:30,999 [ERROR] ConditionMgr:805 - Attr not supported : Dmpu
2025-06-17 21:17:30,999 [ERROR] ConditionMgr:805 - Attr not supported : Dmpu
2025-06-17 21:17:30,999 [ERROR] ConditionMgr:805 - Attr not supported : Dmpu
2025-06-17 21:17:31,000 [ERROR] ConditionMgr:805 - Attr not supported : Dmpu
2025-06-17 21:17:31,000 [ERROR] ConditionMgr:805 - Attr not supported : Dmpu
2025-06-17 21:17:31,000 [ERROR] ConditionMgr:805 - Attr not supported : Dmpu
2025-06-17 21:17:31,000 [ERROR] ConditionMgr:805 - Attr not supported : Dmpu
2025-06-17 21:17:31,000 [ERROR] ConditionMgr:805 - Attr not supported : Dmpu
2025-06-17 21:17:31,000 [ERROR] ConditionMgr:805 - Attr not supported : Dmpu
2025-06-17 21:17:31,000 [ERROR] ConditionMgr:805 - Attr not supported : Dmpu
2025-06-17 21:17:31,000 [ERROR] ConditionMgr:805 - Attr not supported : Dmpu
2025-06-17 21:17:31,000 [ERROR] ConditionMgr:805 - Attr not supported : Dmpu
2025-06-17 21:17:31,000 [ERROR] ConditionMgr:805 - Attr not supported : Dmpu
2025-06-17 21:17:31,000 [ERROR] ConditionMgr:805 - Attr not supported : Dmpu
2025-06-17 21:17:31,000 [ERROR] ConditionMgr:805 - Attr not supported : Dmpu
2025-06-17 21:17:31,000 [ERROR] ConditionMgr:805 - Attr not supported : Dmpu
2025-06-17 21:17:31,000 [ERROR] ConditionMgr:805 - Attr not supported : Dmpu
2025-06-17 21:17:31,001 [ERROR] ConditionMgr:805 - Attr not supported : Dmpu
2025-06-17 21:17:31,001 [ERROR] ConditionMgr:805 - Attr not supported : Dmpu
2025-06-17 21:17:31,001 [ERROR] ConditionMgr:805 - Attr not supported : Dmpu
2025-06-17 21:17:31,001 [ERROR] ConditionMgr:805 - Attr not supported : Dmpu
2025-06-17 21:17:31,001 [ERROR] ConditionMgr:805 - Attr not supported : Dmpu
2025-06-17 21:17:31,001 [ERROR] ConditionMgr:805 - Attr not supported : Dmpu
2025-06-17 21:17:31,001 [ERROR] ConditionMgr:805 - Attr not supported : Dmpu
2025-06-17 21:17:31,001 [ERROR] ConditionMgr:805 - Attr not supported : Dmpu
2025-06-17 21:17:31,001 [ERROR] ConditionMgr:805 - Attr not supported : Dmpu
2025-06-17 21:17:31,001 [ERROR] ConditionMgr:805 - Attr not supported : Dmpu
2025-06-17 21:17:31,001 [ERROR] ConditionMgr:805 - Attr not supported : Dmpu
2025-06-17 21:17:31,001 [ERROR] ConditionMgr:805 - Attr not supported : Dmpu
2025-06-17 21:17:31,001 [ERROR] ConditionMgr:805 - Attr not supported : Dmpu
2025-06-17 21:17:31,001 [ERROR] ConditionMgr:805 - Attr not supported : Dmpu
2025-06-17 21:17:31,001 [ERROR] ConditionMgr:805 - Attr not supported : Dmpu
2025-06-17 21:17:31,001 [ERROR] ConditionMgr:805 - Attr not supported : Dmpu
2025-06-17 21:17:31,002 [ERROR] ConditionMgr:805 - Attr not supported : Dmpu
2025-06-17 21:17:31,002 [ERROR] ConditionMgr:805 - Attr not supported : Dmpu
2025-06-17 21:17:31,002 [ERROR] ConditionMgr:805 - Attr not supported : Dmpu
2025-06-17 21:17:31,002 [ERROR] ConditionMgr:805 - Attr not supported : Dmpu
2025-06-17 21:17:31,020 [WARN] PackLoader:240 - Cannot read IP mode file for STMicroelectronics.X-CUBE-WB05N.2.0.0
2025-06-17 21:17:31,038 [ERROR] Engine:466 - C:\Users\tranc\.stm32cubemx\thirdparties\pdsc\STMicroelectronics.X-CUBE-TCPP.4.2.0.pdsc: PDSC version is not supported
2025-06-17 21:17:31,057 [WARN] PackLoader:240 - Cannot read IP mode file for RealThread.X-CUBE-RT-Thread_Nano.4.1.1
2025-06-17 21:17:31,074 [WARN] PackLoader:240 - Cannot read IP mode file for STMicroelectronics.FP-ATR-SIGFOX1.3.2.0
2025-06-17 21:17:31,092 [WARN] ConditionMgr:438 - getConditionDescription Invalid condition id : Cortex-A Device cause : null
2025-06-17 21:17:31,123 [WARN] ConditionMgr:1039 - genDependencies : Invalid condition id : Cortex-A Device cause : null
2025-06-17 21:17:31,123 [WARN] ConditionMgr:1039 - genDependencies : Invalid condition id : Cortex-A Device cause : null
2025-06-17 21:17:31,123 [WARN] ConditionMgr:1039 - genDependencies : Invalid condition id : Cortex-A Device cause : null
2025-06-17 21:17:31,144 [WARN] PackLoader:240 - Cannot read IP mode file for STMicroelectronics.X-CUBE-EEPRMA1.5.1.0
2025-06-17 21:17:31,169 [WARN] PackLoader:240 - Cannot read IP mode file for wolfSSL.I-CUBE-wolfSSL.5.7.4
2025-06-17 21:17:31,192 [WARN] PackLoader:240 - Cannot read IP mode file for ITTIA_DB.I-CUBE-ITTIADB.8.9.0
2025-06-17 21:17:31,210 [ERROR] Engine:466 - C:\Users\tranc\.stm32cubemx\thirdparties\pdsc\STMicroelectronics.X-CUBE-ST67W61.1.0.0.pdsc: PDSC version is not supported
2025-06-17 21:17:31,256 [WARN] PackLoader:240 - Cannot read IP mode file for SEGGER.I-CUBE-embOS.1.3.1
2025-06-17 21:17:31,321 [WARN] PackLoader:240 - Cannot read IP mode file for STMicroelectronics.X-CUBE-ALGOBUILD.1.4.0
2025-06-17 21:17:31,387 [WARN] PackLoader:240 - Cannot read IP mode file for STMicroelectronics.X-CUBE-MEMS1.11.3.0
2025-06-17 21:17:31,574 [WARN] PackLoader:240 - Cannot read IP mode file for STMicroelectronics.X-CUBE-AI.9.1.0
2025-06-17 21:17:31,646 [WARN] PackLoader:240 - Cannot read IP mode file for STMicroelectronics.X-CUBE-AZRTOS-F4.1.1.0
2025-06-17 21:17:31,671 [ERROR] Engine:466 - C:\Users\tranc\.stm32cubemx\thirdparties\pdsc\Avnet-IotConnect.X-CUBE-IoTC-DA16k-PMOD.1.0.0.pdsc: PDSC version is not supported
2025-06-17 21:17:31,703 [WARN] PackLoader:240 - Cannot read IP mode file for STMicroelectronics.X-CUBE-ISPU.2.1.0
2025-06-17 21:17:31,728 [WARN] PackLoader:240 - Cannot read IP mode file for STMicroelectronics.X-CUBE-FREERTOS.1.2.0
2025-06-17 21:17:31,773 [WARN] PackLoader:240 - Cannot read IP mode file for STMicroelectronics.X-CUBE-AZRTOS-L5.2.0.0
2025-06-17 21:17:31,807 [WARN] PackLoader:240 - Cannot read IP mode file for STMicroelectronics.X-CUBE-NFC6.3.1.0
2025-06-17 21:17:31,834 [WARN] PackLoader:240 - Cannot read IP mode file for STMicroelectronics.X-CUBE-DPower.1.2.0
2025-06-17 21:17:31,862 [WARN] PackLoader:240 - Cannot read IP mode file for STMicroelectronics.X-CUBE-FREERTOS.1.3.1
2025-06-17 21:17:31,922 [WARN] PackLoader:240 - Cannot read IP mode file for STMicroelectronics.X-CUBE-FREERTOS.1.3.0
2025-06-17 21:17:31,953 [WARN] PackLoader:240 - Cannot read IP mode file for STMicroelectronics.X-CUBE-NFC7.1.0.1
2025-06-17 21:17:31,981 [WARN] PackLoader:240 - Cannot read IP mode file for STMicroelectronics.X-CUBE-DPower.1.3.0
2025-06-17 21:17:32,149 [WARN] ConditionMgr:438 - getConditionDescription Invalid condition id : LAN8742 Phy interface Condition cause : null
2025-06-17 21:17:32,151 [WARN] PackLoader:240 - Cannot read IP mode file for STMicroelectronics.X-CUBE-AZRTOS-L4.2.0.0
2025-06-17 21:17:32,155 [WARN] ConditionMgr:1039 - genDependencies : Invalid condition id : LAN8742 Phy interface Condition cause : null
2025-06-17 21:17:32,155 [WARN] ConditionMgr:1039 - genDependencies : Invalid condition id : LAN8742 Phy interface Condition cause : null
2025-06-17 21:17:32,156 [WARN] ConditionMgr:1039 - genDependencies : Invalid condition id : LAN8742 Phy interface Condition cause : null
2025-06-17 21:17:32,233 [WARN] PackLoader:240 - Cannot read IP mode file for STMicroelectronics.X-CUBE-SFXS2LP1.4.0.0
2025-06-17 21:17:32,313 [WARN] PackLoader:240 - Cannot read IP mode file for STMicroelectronics.X-CUBE-AZRTOS-H7.3.3.0
2025-06-17 21:17:32,371 [WARN] PackLoader:240 - Cannot read IP mode file for STMicroelectronics.X-CUBE-IPS.3.0.0
2025-06-17 21:17:32,430 [WARN] ConditionMgr:438 - getConditionDescription Invalid condition id : UX DEVICE CLASS RTOS Condition cause : null
2025-06-17 21:17:32,431 [WARN] ConditionMgr:438 - getConditionDescription Invalid condition id : UX DEVICE CLASS RTOS Condition cause : null
2025-06-17 21:17:32,442 [WARN] PackLoader:240 - Cannot read IP mode file for STMicroelectronics.X-CUBE-AZRTOS-WB.2.0.0
2025-06-17 21:17:32,445 [WARN] ConditionMgr:1039 - genDependencies : Invalid condition id : UX DEVICE CLASS RTOS Condition cause : null
2025-06-17 21:17:32,445 [WARN] ConditionMgr:1039 - genDependencies : Invalid condition id : UX DEVICE CLASS RTOS Condition cause : null
2025-06-17 21:17:32,448 [WARN] ConditionMgr:1039 - genDependencies : Invalid condition id : UX DEVICE CLASS RTOS Condition cause : null
2025-06-17 21:17:32,448 [WARN] ConditionMgr:1039 - genDependencies : Invalid condition id : UX DEVICE CLASS RTOS Condition cause : null
2025-06-17 21:17:32,448 [WARN] ConditionMgr:1039 - genDependencies : Invalid condition id : UX DEVICE CLASS RTOS Condition cause : null
2025-06-17 21:17:32,730 [WARN] PackLoader:240 - Cannot read IP mode file for STMicroelectronics.X-CUBE-GNSS1.7.0.0
2025-06-17 21:17:32,887 [WARN] PackLoader:240 - Cannot read IP mode file for STMicroelectronics.X-CUBE-GNSS1.7.0.1
2025-06-17 21:17:33,026 [WARN] PackLoader:240 - Cannot read IP mode file for STMicroelectronics.X-CUBE-TOUCHGFX.4.25.0
2025-06-17 21:17:33,067 [WARN] PackLoader:240 - Cannot read IP mode file for STMicroelectronics.FP-SNS-STBOX1.2.0.0
2025-06-17 21:17:33,123 [WARN] PackLoader:240 - Cannot read IP mode file for STMicroelectronics.X-CUBE-SUBG2.5.0.0
2025-06-17 21:17:33,225 [WARN] PackLoader:240 - Cannot read IP mode file for STMicroelectronics.X-CUBE-AZRTOS-H7RS.1.1.0
2025-06-17 21:17:33,448 [WARN] PackLoader:240 - Cannot read IP mode file for Cesanta.I-CUBE-Mongoose.7.13.0
2025-06-17 21:17:33,512 [WARN] PackLoader:240 - Cannot read IP mode file for STMicroelectronics.X-CUBE-AZRTOS-G4.2.0.0
2025-06-17 21:17:33,555 [WARN] PackLoader:240 - Cannot read IP mode file for STMicroelectronics.X-CUBE-NFC7.2.0.0
2025-06-17 21:17:33,599 [ERROR] Engine:466 - C:\Users\tranc\.stm32cubemx\thirdparties\pdsc\STMicroelectronics.X-CUBE-IPS.3.1.0.pdsc: PDSC version is not supported
2025-06-17 21:17:33,655 [WARN] PackLoader:240 - Cannot read IP mode file for STMicroelectronics.X-CUBE-ALS.1.0.2
2025-06-17 21:17:33,673 [INFO] WebApp:167 - Instantiating new browser for Auth
2025-06-17 21:17:33,682 [WARN] PackLoader:240 - Cannot read IP mode file for STMicroelectronics.X-CUBE-TOUCHGFX.4.24.2
2025-06-17 21:17:33,791 [WARN] PackLoader:240 - Cannot read IP mode file for STMicroelectronics.X-CUBE-TOUCHGFX.4.24.1
2025-06-17 21:17:33,823 [WARN] PackLoader:240 - Cannot read IP mode file for wolfSSL.I-CUBE-wolfTPM.3.4.0
2025-06-17 21:17:33,849 [WARN] PackLoader:240 - Cannot read IP mode file for portGmbH.I-Cube-SoM-uGOAL.1.1.0
2025-06-17 21:17:33,885 [WARN] PackLoader:240 - Cannot read IP mode file for STMicroelectronics.X-CUBE-AZRTOS-H7RS.1.0.0
2025-06-17 21:17:33,914 [WARN] PackLoader:240 - Cannot read IP mode file for STMicroelectronics.X-CUBE-TOF1.3.4.2
2025-06-17 21:17:33,946 [ERROR] Engine:466 - C:\Users\tranc\.stm32cubemx\thirdparties\pdsc\STMicroelectronics.X-CUBE-TOF1.3.4.3.pdsc: PDSC version is not supported
2025-06-17 21:17:33,996 [WARN] PackLoader:240 - Cannot read IP mode file for Infineon.AIROC-Wi-Fi-Bluetooth-STM32.1.6.1
2025-06-17 21:17:34,034 [WARN] PackLoader:240 - Cannot read IP mode file for wolfSSL.I-CUBE-wolfSSH.1.4.17
2025-06-17 21:17:34,035 [INFO] ThirdParty:978 - Integrity check success = true
2025-06-17 21:17:34,035 [INFO] IntegrityCheckThread:100 - exiting critical section [integrity check]
2025-06-17 21:17:34,036 [INFO] IntegrityCheckThread:103 - End integrity checks thread
2025-06-17 21:17:34,899 [INFO] WebApp:448 - Apply proxy settings
2025-06-17 21:17:34,901 [INFO] WebApp:533 - Chromium requires no authentication
2025-06-17 21:17:35,012 [INFO] WebApp:476 - Direct internet connection detected
2025-06-17 21:17:35,103 [INFO] WebApp:869 - Register for checkConnection events
2025-06-17 21:17:35,103 [INFO] WebApp:448 - Apply proxy settings
2025-06-17 21:17:35,104 [INFO] WebApp:533 - Chromium requires no authentication
2025-06-17 21:17:35,106 [INFO] WebApp:476 - Direct internet connection detected
2025-06-17 21:17:35,329 [INFO] WebApp:186 - Connection restablished
2025-06-17 21:17:35,685 [INFO] WebApp:220 - Starting web application
2025-06-17 21:17:35,685 [INFO] WebApp:578 - Web application path used C:\ST\STM32CubeIDE_1.16.1\STM32CubeIDE\plugins\com.st.stm32cube.common.mx_6.12.1.202409122256\db\plugins\mcufinder\reactClient1\index.html
2025-06-17 21:17:35,909 [INFO] UserAuth:417 - Internet connection configuration mode: 1
2025-06-17 21:22:08,026 [ERROR] LogOutputStream:75 - [STDERR_REDIRECT] 
2025-06-17 21:22:08,027 [ERROR] LogOutputStream:75 - [STDERR_REDIRECT] 
