2025-06-06 20:37:41,930 [INFO] Activator:176 - 


2025-06-06 20:37:41,935 [INFO] Activator:177 - !SESSION log4j initialized
2025-06-06 20:37:48,465 [INFO] LogOutputStream:77 - [STDOUT_REDIRECT] 
2025-06-06 20:37:50,292 [INFO] ApplicationProperties:184 - Using Application install path: C:\ST\STM32CubeIDE_1.16.1\STM32CubeIDE\plugins\com.st.stm32cube.common.mx_6.12.1.202409122256
2025-06-06 20:37:50,311 [INFO] DbMcusXml:78 - Set database path to: C:\ST\STM32CubeIDE_1.16.1\STM32CubeIDE\plugins\com.st.stm32cube.common.mx_6.12.1.202409122256\\db\/mcu/
2025-06-06 20:37:50,311 [INFO] ApiDb:274 - Set plugin database path to: C:\ST\STM32CubeIDE_1.16.1\STM32CubeIDE\plugins\com.st.stm32cube.common.mx_6.12.1.202409122256\\db\/plugins/boardmanager/
2025-06-06 20:37:50,313 [WARN] ApiDb:259 - Overriding images path with different value:  => C:\ST\STM32CubeIDE_1.16.1\STM32CubeIDE\plugins\com.st.stm32cube.common.mx_6.12.1.202409122256\\db\/plugins/mcufinder/images/
2025-06-06 20:37:50,334 [INFO] ApiDb:250 - Set database path to: C:\Users\tranc\.stmcufinder\plugins\mcufinder//mcu/
2025-06-06 20:37:50,336 [INFO] DbMcusAds:125 - Set database path to: C:\Users\tranc\.stmcufinder\plugins\mcufinder//mcu/
2025-06-06 20:37:50,344 [INFO] CrossReferenceDbSqlite:203 - Set database path to: C:\Users\tranc\.stmcufinder\plugins\mcufinder//mcu/cs/
2025-06-06 20:37:50,511 [INFO] RulesReader:64 - Compatibility file has been processed (297 Rules)
2025-06-06 20:37:50,647 [INFO] DbMcusXml:78 - Set database path to: C:\ST\STM32CubeIDE_1.16.1\STM32CubeIDE\plugins\com.st.stm32cube.common.mx_6.12.1.202409122256\\db\/mcu/
2025-06-06 20:37:50,649 [INFO] ApiDb:274 - Set plugin database path to: C:\ST\STM32CubeIDE_1.16.1\STM32CubeIDE\plugins\com.st.stm32cube.common.mx_6.12.1.202409122256\\db\/plugins/boardmanager/
2025-06-06 20:37:50,649 [INFO] ApiDb:261 - Set plugin images path to: C:\ST\STM32CubeIDE_1.16.1\STM32CubeIDE\plugins\com.st.stm32cube.common.mx_6.12.1.202409122256\\db\/plugins/mcufinder/images/
2025-06-06 20:37:50,649 [WARN] DbFile:41 - Overriding database path with different value: C:\Users\tranc\.stmcufinder\plugins\mcufinder/ => C:\Users\tranc\.stmcufinder\plugins\mcufinder
2025-06-06 20:37:50,649 [INFO] ApiDb:250 - Set database path to: C:\Users\tranc\.stmcufinder\plugins\mcufinder//mcu/
2025-06-06 20:37:50,649 [WARN] DbFile:41 - Overriding database path with different value: C:\Users\tranc\.stmcufinder\plugins\mcufinder/ => C:\Users\tranc\.stmcufinder\plugins\mcufinder
2025-06-06 20:37:50,649 [INFO] DbMcusAds:125 - Set database path to: C:\Users\tranc\.stmcufinder\plugins\mcufinder//mcu/
2025-06-06 20:37:50,649 [WARN] DbFile:41 - Overriding database path with different value: C:\Users\tranc\.stmcufinder\plugins\mcufinder/ => C:\Users\tranc\.stmcufinder\plugins\mcufinder
2025-06-06 20:37:50,650 [WARN] DbFile:41 - Overriding database path with different value: C:\Users\tranc\.stmcufinder\plugins\mcufinder/ => C:\Users\tranc\.stmcufinder\plugins\mcufinder
2025-06-06 20:37:50,650 [INFO] CrossReferenceDbSqlite:203 - Set database path to: C:\Users\tranc\.stmcufinder\plugins\mcufinder//mcu/cs/
2025-06-06 20:37:50,753 [INFO] MainPanel:268 - HeapMemory: 268435456
2025-06-06 20:37:50,866 [INFO] DbMcusXml:78 - Set database path to: C:\ST\STM32CubeIDE_1.16.1\STM32CubeIDE\plugins\com.st.stm32cube.common.mx_6.12.1.202409122256\\db\/mcu/
2025-06-06 20:37:50,866 [INFO] ApiDb:274 - Set plugin database path to: C:\ST\STM32CubeIDE_1.16.1\STM32CubeIDE\plugins\com.st.stm32cube.common.mx_6.12.1.202409122256\\db\/plugins/boardmanager/
2025-06-06 20:37:50,866 [INFO] ApiDb:261 - Set plugin images path to: C:\ST\STM32CubeIDE_1.16.1\STM32CubeIDE\plugins\com.st.stm32cube.common.mx_6.12.1.202409122256\\db\/plugins/mcufinder/images/
2025-06-06 20:37:50,866 [WARN] DbFile:41 - Overriding database path with different value: C:\Users\tranc\.stmcufinder\plugins\mcufinder/ => C:\Users\tranc\.stmcufinder\plugins\mcufinder
2025-06-06 20:37:50,866 [INFO] ApiDb:250 - Set database path to: C:\Users\tranc\.stmcufinder\plugins\mcufinder//mcu/
2025-06-06 20:37:50,867 [WARN] DbFile:41 - Overriding database path with different value: C:\Users\tranc\.stmcufinder\plugins\mcufinder/ => C:\Users\tranc\.stmcufinder\plugins\mcufinder
2025-06-06 20:37:50,872 [INFO] DbMcusAds:125 - Set database path to: C:\Users\tranc\.stmcufinder\plugins\mcufinder//mcu/
2025-06-06 20:37:50,872 [WARN] DbFile:41 - Overriding database path with different value: C:\Users\tranc\.stmcufinder\plugins\mcufinder/ => C:\Users\tranc\.stmcufinder\plugins\mcufinder
2025-06-06 20:37:50,872 [WARN] DbFile:41 - Overriding database path with different value: C:\Users\tranc\.stmcufinder\plugins\mcufinder/ => C:\Users\tranc\.stmcufinder\plugins\mcufinder
2025-06-06 20:37:50,872 [INFO] CrossReferenceDbSqlite:203 - Set database path to: C:\Users\tranc\.stmcufinder\plugins\mcufinder//mcu/cs/
2025-06-06 20:37:50,889 [INFO] ApplicationProperties:184 - Using Application install path: C:\ST\STM32CubeIDE_1.16.1\STM32CubeIDE\plugins\com.st.stm32cube.common.mx_6.12.1.202409122256
2025-06-06 20:37:50,890 [INFO] PluginManage:196 - Search for loadable plugins [exclusion list=, ]
2025-06-06 20:37:50,892 [INFO] PluginManage:310 - Check plugin analytics
2025-06-06 20:37:51,058 [INFO] AnalyticsPlugin:253 - Accepted Software Licenses: STM32CubeMX.6.12.1
2025-06-06 20:37:51,058 [INFO] AnalyticsPlugin:255 - Accepted CMSIS Pack Licenses: 
2025-06-06 20:37:51,059 [INFO] AnalyticsPlugin:257 - Accepted Firmware Licenses: FW.WL.1.3.0,FW.G4.1.6.0,FW.F4.1.28.0
2025-06-06 20:37:51,062 [INFO] PluginManage:359 - Loaded plugin analytics (category:tool,tabindex:-1)
2025-06-06 20:37:51,062 [INFO] PluginManage:310 - Check plugin cadmodel
2025-06-06 20:37:51,089 [INFO] CADModel:105 - Init CAD model plugin
2025-06-06 20:37:51,089 [INFO] PluginManage:359 - Loaded plugin cadmodel (category:power,tabindex:5)
2025-06-06 20:37:51,089 [INFO] PluginManage:310 - Check plugin clock
2025-06-06 20:37:51,122 [INFO] PluginManage:359 - Loaded plugin clock (category:base,tabindex:2)
2025-06-06 20:37:51,122 [INFO] PluginManage:310 - Check plugin ddr
2025-06-06 20:37:51,132 [INFO] PluginManage:359 - Loaded plugin ddr (category:tool,tabindex:6)
2025-06-06 20:37:51,133 [INFO] PluginManage:310 - Check plugin filemanager
2025-06-06 20:37:51,337 [INFO] PluginManage:359 - Loaded plugin filemanager (category:base,tabindex:10)
2025-06-06 20:37:51,337 [INFO] PluginManage:310 - Check plugin ipmanager
2025-06-06 20:37:51,349 [INFO] PluginManage:359 - Loaded plugin ipmanager (category:base,tabindex:5)
2025-06-06 20:37:51,350 [INFO] PluginManage:310 - Check plugin lpbam
2025-06-06 20:37:51,383 [INFO] PluginManage:359 - Loaded plugin lpbam (category:base,tabindex:0)
2025-06-06 20:37:51,383 [INFO] PluginManage:310 - Check plugin memorymap
2025-06-06 20:37:51,423 [INFO] PluginManage:359 - Loaded plugin memorymap (category:base,tabindex:4)
2025-06-06 20:37:51,423 [INFO] PluginManage:310 - Check plugin pinoutandconfiguration
2025-06-06 20:37:51,454 [INFO] PluginManage:359 - Loaded plugin pinoutandconfiguration (category:base,tabindex:1)
2025-06-06 20:37:51,454 [INFO] PluginManage:310 - Check plugin pinoutconfig
2025-06-06 20:37:51,641 [WARN] SupportedApi:132 - Cannot load RTOS API schema: s4s-elt-must-match.1: The content of 'definitions' must match (annotation?, (simpleType | complexType)?, (unique | key | keyref)*)). A problem was found starting at: attribute.
2025-06-06 20:37:51,856 [INFO] PluginManage:359 - Loaded plugin pinoutconfig (category:base,tabindex:0)
2025-06-06 20:37:51,858 [INFO] PluginManage:310 - Check plugin power
2025-06-06 20:37:51,896 [INFO] PluginManage:359 - Loaded plugin power (category:power,tabindex:4)
2025-06-06 20:37:51,897 [INFO] PluginManage:310 - Check plugin projectmanager
2025-06-06 20:37:51,923 [INFO] PluginManage:359 - Loaded plugin projectmanager (category:projectmanager,tabindex:4)
2025-06-06 20:37:51,923 [INFO] PluginManage:310 - Check plugin rif
2025-06-06 20:37:51,951 [INFO] PluginManage:359 - Loaded plugin rif (category:base,tabindex:3)
2025-06-06 20:37:51,951 [INFO] PluginManage:310 - Check plugin thirdparty
2025-06-06 20:37:52,438 [INFO] PluginManage:359 - Loaded plugin thirdparty (category:base,tabindex:-1)
2025-06-06 20:37:52,438 [WARN] IntegrityCheckThread:84 - waiting for thirdparty lock release [integrity check]
2025-06-06 20:37:52,439 [INFO] PluginManage:310 - Check plugin tools
2025-06-06 20:37:52,439 [INFO] IntegrityCheckThread:86 - entering critical section [integrity check]
2025-06-06 20:37:52,439 [INFO] ThirdPartyUpdaterWithRetryManager:70 - Updater plugin not ready yet. [1/15]
2025-06-06 20:37:52,520 [INFO] PluginManage:359 - Loaded plugin tools (category:base,tabindex:7)
2025-06-06 20:37:52,520 [INFO] PluginManage:310 - Check plugin tutovideos
2025-06-06 20:37:52,748 [INFO] PluginManage:359 - Loaded plugin tutovideos (category:base,tabindex:-1)
2025-06-06 20:37:52,749 [INFO] PluginManage:310 - Check plugin updater
2025-06-06 20:37:52,766 [INFO] PluginManage:359 - Loaded plugin updater (category:base,tabindex:12)
2025-06-06 20:37:52,766 [INFO] PluginManage:310 - Check plugin userauth
2025-06-06 20:37:52,774 [INFO] UserAuth:113 - Init User Auth plugin
2025-06-06 20:37:52,774 [INFO] PluginManage:359 - Loaded plugin userauth (category:base,tabindex:14)
2025-06-06 20:37:52,774 [INFO] PluginManage:283 - PluginManage : Loaded plugins [18]
2025-06-06 20:37:53,030 [INFO] PinOutPanel:1561 - setPackage(No Configuration,No Configuration)
2025-06-06 20:37:53,158 [INFO] CADModel:165 - CPN selected for project level
2025-06-06 20:37:53,158 [INFO] CADModel:114 - Register for checkConnection events
2025-06-06 20:37:53,199 [INFO] IPUIPlugin:80 - create IPUIPlugin
2025-06-06 20:37:53,199 [INFO] PluginManager:220 - loadIPPluginJar : add adc
2025-06-06 20:37:53,261 [INFO] IPUIPlugin:80 - create IPUIPlugin
2025-06-06 20:37:53,261 [INFO] PluginManager:220 - loadIPPluginJar : add aes
2025-06-06 20:37:53,330 [INFO] IPUIPlugin:80 - create IPUIPlugin
2025-06-06 20:37:53,331 [INFO] PluginManager:220 - loadIPPluginJar : add can
2025-06-06 20:37:53,382 [INFO] IPUIPlugin:80 - create IPUIPlugin
2025-06-06 20:37:53,382 [INFO] PluginManager:220 - loadIPPluginJar : add comp
2025-06-06 20:37:53,433 [INFO] IPUIPlugin:80 - create IPUIPlugin
2025-06-06 20:37:53,433 [INFO] PluginManager:220 - loadIPPluginJar : add cryp
2025-06-06 20:37:53,452 [INFO] IPUIPlugin:80 - create IPUIPlugin
2025-06-06 20:37:53,452 [INFO] PluginManager:220 - loadIPPluginJar : add ddr_ctrl_phy
2025-06-06 20:37:53,502 [INFO] IPUIPlugin:80 - create IPUIPlugin
2025-06-06 20:37:53,502 [INFO] PluginManager:220 - loadIPPluginJar : add dfsdm
2025-06-06 20:37:53,520 [INFO] IPUIPlugin:80 - create IPUIPlugin
2025-06-06 20:37:53,520 [INFO] PluginManager:220 - loadIPPluginJar : add dma
2025-06-06 20:37:53,592 [INFO] IPUIPlugin:80 - create IPUIPlugin
2025-06-06 20:37:53,592 [INFO] PluginManager:220 - loadIPPluginJar : add dma3
2025-06-06 20:37:53,673 [INFO] IPUIPlugin:80 - create IPUIPlugin
2025-06-06 20:37:53,673 [INFO] PluginManager:220 - loadIPPluginJar : add extmemmanager
2025-06-06 20:37:53,710 [INFO] IPUIPlugin:80 - create IPUIPlugin
2025-06-06 20:37:53,710 [INFO] PluginManager:220 - loadIPPluginJar : add fatfs
2025-06-06 20:37:53,779 [INFO] IPUIPlugin:80 - create IPUIPlugin
2025-06-06 20:37:53,779 [INFO] PluginManager:220 - loadIPPluginJar : add fmc
2025-06-06 20:37:53,799 [INFO] IPUIPlugin:80 - create IPUIPlugin
2025-06-06 20:37:53,799 [INFO] PluginManager:220 - loadIPPluginJar : add freertos
2025-06-06 20:37:53,829 [INFO] IPUIPlugin:80 - create IPUIPlugin
2025-06-06 20:37:53,829 [INFO] PluginManager:220 - loadIPPluginJar : add genericplugin
2025-06-06 20:37:53,996 [INFO] IPUIPlugin:80 - create IPUIPlugin
2025-06-06 20:37:53,996 [INFO] PluginManager:220 - loadIPPluginJar : add gfxmmu
2025-06-06 20:37:54,207 [INFO] IPUIPlugin:80 - create IPUIPlugin
2025-06-06 20:37:54,207 [INFO] PluginManager:220 - loadIPPluginJar : add gic
2025-06-06 20:37:54,228 [INFO] IPUIPlugin:80 - create IPUIPlugin
2025-06-06 20:37:54,228 [INFO] PluginManager:220 - loadIPPluginJar : add gpio
2025-06-06 20:37:54,390 [INFO] IPUIPlugin:80 - create IPUIPlugin
2025-06-06 20:37:54,390 [INFO] PluginManager:220 - loadIPPluginJar : add gtzc
2025-06-06 20:37:54,445 [INFO] IPUIPlugin:80 - create IPUIPlugin
2025-06-06 20:37:54,445 [INFO] PluginManager:220 - loadIPPluginJar : add hash
2025-06-06 20:37:54,541 [INFO] IPUIPlugin:80 - create IPUIPlugin
2025-06-06 20:37:54,541 [INFO] PluginManager:220 - loadIPPluginJar : add i2c
2025-06-06 20:37:54,608 [INFO] IPUIPlugin:80 - create IPUIPlugin
2025-06-06 20:37:54,608 [INFO] PluginManager:220 - loadIPPluginJar : add i2s
2025-06-06 20:37:54,685 [INFO] IPUIPlugin:80 - create IPUIPlugin
2025-06-06 20:37:54,685 [INFO] PluginManager:220 - loadIPPluginJar : add i3c
2025-06-06 20:37:54,847 [INFO] IPUIPlugin:80 - create IPUIPlugin
2025-06-06 20:37:54,847 [INFO] PluginManager:220 - loadIPPluginJar : add ipddr
2025-06-06 20:37:55,003 [INFO] IPUIPlugin:80 - create IPUIPlugin
2025-06-06 20:37:55,004 [INFO] PluginManager:220 - loadIPPluginJar : add linkedlist
2025-06-06 20:37:55,067 [INFO] IPUIPlugin:80 - create IPUIPlugin
2025-06-06 20:37:55,067 [INFO] PluginManager:220 - loadIPPluginJar : add lorawan
2025-06-06 20:37:55,127 [INFO] IPUIPlugin:80 - create IPUIPlugin
2025-06-06 20:37:55,127 [INFO] PluginManager:220 - loadIPPluginJar : add ltdc
2025-06-06 20:37:55,146 [INFO] IPUIPlugin:80 - create IPUIPlugin
2025-06-06 20:37:55,146 [INFO] PluginManager:220 - loadIPPluginJar : add mdma
2025-06-06 20:37:55,163 [INFO] IPUIPlugin:80 - create IPUIPlugin
2025-06-06 20:37:55,163 [INFO] PluginManager:220 - loadIPPluginJar : add nvic
2025-06-06 20:37:55,217 [INFO] IPUIPlugin:80 - create IPUIPlugin
2025-06-06 20:37:55,217 [INFO] PluginManager:220 - loadIPPluginJar : add opamp
2025-06-06 20:37:55,329 [INFO] IPUIPlugin:80 - create IPUIPlugin
2025-06-06 20:37:55,329 [INFO] PluginManager:220 - loadIPPluginJar : add openamp
2025-06-06 20:37:55,420 [INFO] IPUIPlugin:80 - create IPUIPlugin
2025-06-06 20:37:55,421 [INFO] PluginManager:220 - loadIPPluginJar : add pdm2pcm
2025-06-06 20:37:55,441 [INFO] ThirdPartyUpdaterWithRetryManager:70 - Updater plugin not ready yet. [2/15]
2025-06-06 20:37:55,443 [INFO] IPUIPlugin:80 - create IPUIPlugin
2025-06-06 20:37:55,445 [INFO] PluginManager:220 - loadIPPluginJar : add plateformsettings
2025-06-06 20:37:55,481 [INFO] IPUIPlugin:80 - create IPUIPlugin
2025-06-06 20:37:55,482 [INFO] PluginManager:220 - loadIPPluginJar : add quadspi
2025-06-06 20:37:55,523 [INFO] IPUIPlugin:80 - create IPUIPlugin
2025-06-06 20:37:55,523 [INFO] PluginManager:220 - loadIPPluginJar : add radio
2025-06-06 20:37:55,544 [INFO] IPUIPlugin:80 - create IPUIPlugin
2025-06-06 20:37:55,545 [INFO] PluginManager:220 - loadIPPluginJar : add resmgrutility
2025-06-06 20:37:55,612 [INFO] IPUIPlugin:80 - create IPUIPlugin
2025-06-06 20:37:55,612 [INFO] PluginManager:220 - loadIPPluginJar : add sai
2025-06-06 20:37:55,671 [INFO] IPUIPlugin:80 - create IPUIPlugin
2025-06-06 20:37:55,671 [INFO] PluginManager:220 - loadIPPluginJar : add spi
2025-06-06 20:37:55,761 [INFO] IPUIPlugin:80 - create IPUIPlugin
2025-06-06 20:37:55,761 [INFO] PluginManager:220 - loadIPPluginJar : add stm32_wpan
2025-06-06 20:37:55,791 [INFO] IPUIPlugin:80 - create IPUIPlugin
2025-06-06 20:37:55,791 [INFO] PluginManager:220 - loadIPPluginJar : add tim
2025-06-06 20:37:55,875 [INFO] IPUIPlugin:80 - create IPUIPlugin
2025-06-06 20:37:55,875 [INFO] PluginManager:220 - loadIPPluginJar : add touchsensing
2025-06-06 20:37:55,906 [INFO] IPUIPlugin:80 - create IPUIPlugin
2025-06-06 20:37:55,906 [INFO] PluginManager:220 - loadIPPluginJar : add tracer_emb
2025-06-06 20:37:55,945 [INFO] IPUIPlugin:80 - create IPUIPlugin
2025-06-06 20:37:55,945 [INFO] PluginManager:220 - loadIPPluginJar : add ts
2025-06-06 20:37:55,985 [INFO] IPUIPlugin:80 - create IPUIPlugin
2025-06-06 20:37:55,985 [INFO] PluginManager:220 - loadIPPluginJar : add tsc
2025-06-06 20:37:56,020 [INFO] IPUIPlugin:80 - create IPUIPlugin
2025-06-06 20:37:56,020 [INFO] PluginManager:220 - loadIPPluginJar : add ucpd
2025-06-06 20:37:56,106 [INFO] IPUIPlugin:80 - create IPUIPlugin
2025-06-06 20:37:56,107 [INFO] PluginManager:220 - loadIPPluginJar : add usart
2025-06-06 20:37:56,202 [INFO] IPUIPlugin:80 - create IPUIPlugin
2025-06-06 20:37:56,202 [INFO] PluginManager:220 - loadIPPluginJar : add usbx
2025-06-06 20:37:56,357 [INFO] CADModel:165 - CPN selected for project level
2025-06-06 20:37:56,357 [INFO] CADModel:114 - Register for checkConnection events
2025-06-06 20:37:56,359 [FATAL] Updater:334 - Updater called before beeing initialized
2025-06-06 20:37:56,359 [ERROR] CADModel:125 - Updater not yet initialized, retry later 
2025-06-06 20:37:56,553 [INFO] CADModel:165 - CPN selected for project level
2025-06-06 20:37:56,553 [INFO] CADModel:114 - Register for checkConnection events
2025-06-06 20:37:56,553 [FATAL] Updater:334 - Updater called before beeing initialized
2025-06-06 20:37:56,553 [ERROR] CADModel:125 - Updater not yet initialized, retry later 
2025-06-06 20:37:56,557 [FATAL] Updater:334 - Updater called before beeing initialized
2025-06-06 20:37:56,690 [FATAL] Updater:334 - Updater called before beeing initialized
2025-06-06 20:37:56,710 [INFO] DbMcusAds:53 - JSON generation date=Wed May 07 16:07:55 ICT 2025 (1746608875484)
2025-06-06 20:37:56,711 [FATAL] Updater:334 - Updater called before beeing initialized
2025-06-06 20:37:56,777 [WARN] DetailPanel:346 - Failed to get advertising image, set to default
2025-06-06 20:37:56,892 [FATAL] Updater:334 - Updater called before beeing initialized
2025-06-06 20:37:56,897 [FATAL] Updater:334 - Updater called before beeing initialized
2025-06-06 20:37:56,897 [FATAL] Updater:334 - Updater called before beeing initialized
2025-06-06 20:37:56,897 [WARN] DetailPanel:346 - Failed to get advertising image, set to default
2025-06-06 20:37:56,898 [FATAL] Updater:334 - Updater called before beeing initialized
2025-06-06 20:37:56,983 [ERROR] Updater:1164 - MainUpdater not yet initialized. External WinMGr cannot be set.
2025-06-06 20:37:57,003 [INFO] Updater:1100 - Updater Version found : 6.12.1
2025-06-06 20:37:57,046 [INFO] ApplicationProperties:184 - Using Application install path: C:\ST\STM32CubeIDE_1.16.1\STM32CubeIDE\plugins\com.st.stm32cube.common.mx_6.12.1.202409122256
2025-06-06 20:37:58,442 [INFO] ThirdPartyUpdaterWithRetryManager:70 - Updater plugin not ready yet. [3/15]
2025-06-06 20:37:58,640 [ERROR] LogOutputStream:75 - [STDERR_REDIRECT] Jun 06, 2025 8:37:58 PM java.util.prefs.WindowsPreferences <init>
2025-06-06 20:37:58,641 [ERROR] LogOutputStream:75 - [STDERR_REDIRECT] WARNING: Could not open/create prefs root node Software\JavaSoft\Prefs at root 0xffffffff80000002. Windows RegCreateKeyEx(...) returned error code 5.
2025-06-06 20:37:58,642 [ERROR] LogOutputStream:75 - [STDERR_REDIRECT] 
2025-06-06 20:37:59,145 [INFO] MainUpdater:2873 - connection check result : 10
2025-06-06 20:37:59,145 [INFO] MainUpdater:290 - Updater Check For Update Now.
2025-06-06 20:37:59,146 [INFO] MicroXplorer:498 - Change Database Version : DB.6.0.121
2025-06-06 20:37:59,169 [INFO] McuFinderGlobals:63 - Set McuFinder mode to 2 (CubeIDE integrated)
2025-06-06 20:37:59,180 [INFO] UserAuth:417 - Internet connection configuration mode: 1
2025-06-06 20:37:59,222 [INFO] JxBrowserEngine:152 - Initiate JxBrowser Engine with user profile folder
2025-06-06 20:37:59,393 [INFO] CheckServerUpdateThread:120 - End of CheckServer Thread
2025-06-06 20:38:01,747 [WARN] PackLoader:240 - Cannot read IP mode file for STMicroelectronics.FP-SNS-MOTENVWB1.1.4.0
2025-06-06 20:38:01,771 [WARN] PackLoader:240 - Cannot read IP mode file for STMicroelectronics.FP-ATR-ASTRA1.2.0.2
2025-06-06 20:38:01,785 [WARN] PackLoader:240 - Cannot read IP mode file for STMicroelectronics.FP-ATR-ASTRA1.2.0.1
2025-06-06 20:38:01,805 [WARN] PackLoader:240 - Cannot read IP mode file for STMicroelectronics.X-CUBE-SMBUS.2.1.0
2025-06-06 20:38:01,828 [WARN] PackLoader:240 - Cannot read IP mode file for STMicroelectronics.X-CUBE-WB05N.1.1.0
2025-06-06 20:38:01,847 [ERROR] Engine:466 - C:\Users\tranc\.stm32cubemx\thirdparties\pdsc\STMicroelectronics.X-CUBE-ST60.1.0.0.pdsc: PDSC version is not supported
2025-06-06 20:38:01,899 [WARN] PackLoader:240 - Cannot read IP mode file for STMicroelectronics.X-CUBE-AZRTOS-F7.1.1.0
2025-06-06 20:38:01,986 [WARN] PackLoader:240 - Cannot read IP mode file for STMicroelectronics.X-CUBE-MEMS1.11.0.0
2025-06-06 20:38:02,200 [WARN] PackLoader:240 - Cannot read IP mode file for STMicroelectronics.FP-SNS-FLIGHT1.5.0.2
2025-06-06 20:38:02,230 [WARN] PackLoader:240 - Cannot read IP mode file for STMicroelectronics.X-CUBE-DISPLAY.3.0.0
2025-06-06 20:38:02,259 [WARN] PackLoader:240 - Cannot read IP mode file for STMicroelectronics.X-CUBE-BLE1.7.0.0
2025-06-06 20:38:02,282 [WARN] PackLoader:240 - Cannot read IP mode file for STMicroelectronics.X-CUBE-NFC10.1.0.0
2025-06-06 20:38:02,312 [WARN] PackLoader:240 - Cannot read IP mode file for STMicroelectronics.X-CUBE-BLEMGR.4.0.0
2025-06-06 20:38:02,336 [WARN] PackLoader:240 - Cannot read IP mode file for emotas.I-CUBE-CANOPEN.1.3.0
2025-06-06 20:38:02,357 [WARN] PackLoader:240 - Cannot read IP mode file for STMicroelectronics.X-CUBE-BLEMGR.3.1.0
2025-06-06 20:38:02,379 [WARN] PackLoader:240 - Cannot read IP mode file for STMicroelectronics.X-CUBE-AI.10.0.0
2025-06-06 20:38:02,399 [WARN] PackLoader:240 - Cannot read IP mode file for STMicroelectronics.FP-SNS-SMARTAG2.1.2.0
2025-06-06 20:38:02,417 [ERROR] Engine:466 - C:\Users\tranc\.stm32cubemx\thirdparties\pdsc\STMicroelectronics.FP-SNS-FLIGHT1.5.1.0.pdsc: PDSC version is not supported
2025-06-06 20:38:02,494 [WARN] PackLoader:240 - Cannot read IP mode file for STMicroelectronics.X-CUBE-MEMS1.11.1.0
2025-06-06 20:38:02,674 [INFO] LogOutputStream:77 - [STDOUT_REDIRECT] 1 : Invalid condition id : UX_CORESTACK_Condition cause : null
2025-06-06 20:38:02,674 [INFO] LogOutputStream:77 - [STDOUT_REDIRECT] 1 : Invalid condition id : UX_CORESTACK_Condition cause : null
2025-06-06 20:38:02,676 [INFO] LogOutputStream:77 - [STDOUT_REDIRECT] 1 : Invalid condition id : UX_CORESTACK_Condition cause : null
2025-06-06 20:38:02,677 [INFO] LogOutputStream:77 - [STDOUT_REDIRECT] 1 : Invalid condition id : UX_CORESTACK_Condition cause : null
2025-06-06 20:38:02,678 [INFO] LogOutputStream:77 - [STDOUT_REDIRECT] 1 : Invalid condition id : UX_CORESTACK_Condition cause : null
2025-06-06 20:38:02,680 [WARN] PackLoader:240 - Cannot read IP mode file for STMicroelectronics.X-CUBE-AZRTOS-WL.2.0.0
2025-06-06 20:38:02,701 [WARN] PackLoader:240 - Cannot read IP mode file for STMicroelectronics.FP-SNS-MOTENV1.5.0.0
2025-06-06 20:38:02,721 [WARN] PackLoader:240 - Cannot read IP mode file for wolfSSL.I-CUBE-wolfMQTT.1.19.0
2025-06-06 20:38:02,742 [WARN] PackLoader:240 - Cannot read IP mode file for WES.I-CUBE-Cesium.1.3.0
2025-06-06 20:38:02,759 [WARN] PackLoader:240 - Cannot read IP mode file for STMicroelectronics.X-CUBE-BLE2.3.3.0
2025-06-06 20:38:02,781 [WARN] PackLoader:240 - Cannot read IP mode file for STMicroelectronics.X-CUBE-NFC9.1.0.0
2025-06-06 20:38:02,801 [WARN] PackLoader:240 - Cannot read IP mode file for STMicroelectronics.X-CUBE-BLE1.7.1.0
2025-06-06 20:38:02,818 [WARN] PackLoader:240 - Cannot read IP mode file for STMicroelectronics.X-CUBE-TCPP.4.1.0
2025-06-06 20:38:02,840 [WARN] PackLoader:240 - Cannot read IP mode file for STMicroelectronics.X-CUBE-AI.10.1.0
2025-06-06 20:38:02,981 [WARN] PackLoader:240 - Cannot read IP mode file for STMicroelectronics.X-CUBE-MEMS1.11.2.0
2025-06-06 20:38:03,194 [WARN] PackLoader:240 - Cannot read IP mode file for STMicroelectronics.X-CUBE-AZRTOS-G0.1.1.0
2025-06-06 20:38:03,223 [WARN] PackLoader:240 - Cannot read IP mode file for STMicroelectronics.X-CUBE-SAFEA1.1.2.2
2025-06-06 20:38:03,251 [WARN] PackLoader:240 - Cannot read IP mode file for STMicroelectronics.X-CUBE-NFC4.3.0.0
2025-06-06 20:38:03,277 [WARN] PackLoader:240 - Cannot read IP mode file for EmbeddedOffice.I-CUBE-FS-RTOS.1.0.1
2025-06-06 20:38:03,278 [ERROR] ConditionMgr:805 - Attr not supported : Dmpu
2025-06-06 20:38:03,278 [ERROR] ConditionMgr:805 - Attr not supported : Dmpu
2025-06-06 20:38:03,278 [ERROR] ConditionMgr:805 - Attr not supported : Dmpu
2025-06-06 20:38:03,278 [ERROR] ConditionMgr:805 - Attr not supported : Dmpu
2025-06-06 20:38:03,278 [ERROR] ConditionMgr:805 - Attr not supported : Dmpu
2025-06-06 20:38:03,278 [ERROR] ConditionMgr:805 - Attr not supported : Dmpu
2025-06-06 20:38:03,278 [ERROR] ConditionMgr:805 - Attr not supported : Dmpu
2025-06-06 20:38:03,278 [ERROR] ConditionMgr:805 - Attr not supported : Dmpu
2025-06-06 20:38:03,278 [ERROR] ConditionMgr:805 - Attr not supported : Dmpu
2025-06-06 20:38:03,278 [ERROR] ConditionMgr:805 - Attr not supported : Dmpu
2025-06-06 20:38:03,278 [ERROR] ConditionMgr:805 - Attr not supported : Dmpu
2025-06-06 20:38:03,279 [ERROR] ConditionMgr:805 - Attr not supported : Dmpu
2025-06-06 20:38:03,279 [ERROR] ConditionMgr:805 - Attr not supported : Dmpu
2025-06-06 20:38:03,279 [ERROR] ConditionMgr:805 - Attr not supported : Dmpu
2025-06-06 20:38:03,279 [ERROR] ConditionMgr:805 - Attr not supported : Dmpu
2025-06-06 20:38:03,279 [ERROR] ConditionMgr:805 - Attr not supported : Dmpu
2025-06-06 20:38:03,279 [ERROR] ConditionMgr:805 - Attr not supported : Dmpu
2025-06-06 20:38:03,279 [ERROR] ConditionMgr:805 - Attr not supported : Dmpu
2025-06-06 20:38:03,279 [ERROR] ConditionMgr:805 - Attr not supported : Dmpu
2025-06-06 20:38:03,279 [ERROR] ConditionMgr:805 - Attr not supported : Dmpu
2025-06-06 20:38:03,279 [ERROR] ConditionMgr:805 - Attr not supported : Dmpu
2025-06-06 20:38:03,279 [ERROR] ConditionMgr:805 - Attr not supported : Dmpu
2025-06-06 20:38:03,279 [ERROR] ConditionMgr:805 - Attr not supported : Dmpu
2025-06-06 20:38:03,279 [ERROR] ConditionMgr:805 - Attr not supported : Dmpu
2025-06-06 20:38:03,279 [ERROR] ConditionMgr:805 - Attr not supported : Dmpu
2025-06-06 20:38:03,279 [ERROR] ConditionMgr:805 - Attr not supported : Dmpu
2025-06-06 20:38:03,279 [ERROR] ConditionMgr:805 - Attr not supported : Dmpu
2025-06-06 20:38:03,279 [ERROR] ConditionMgr:805 - Attr not supported : Dmpu
2025-06-06 20:38:03,279 [ERROR] ConditionMgr:805 - Attr not supported : Dmpu
2025-06-06 20:38:03,279 [ERROR] ConditionMgr:805 - Attr not supported : Dmpu
2025-06-06 20:38:03,279 [ERROR] ConditionMgr:805 - Attr not supported : Dmpu
2025-06-06 20:38:03,280 [ERROR] ConditionMgr:805 - Attr not supported : Dmpu
2025-06-06 20:38:03,280 [ERROR] ConditionMgr:805 - Attr not supported : Dmpu
2025-06-06 20:38:03,280 [ERROR] ConditionMgr:805 - Attr not supported : Dmpu
2025-06-06 20:38:03,280 [ERROR] ConditionMgr:805 - Attr not supported : Dmpu
2025-06-06 20:38:03,280 [ERROR] ConditionMgr:805 - Attr not supported : Dmpu
2025-06-06 20:38:03,280 [ERROR] ConditionMgr:805 - Attr not supported : Dmpu
2025-06-06 20:38:03,280 [ERROR] ConditionMgr:805 - Attr not supported : Dmpu
2025-06-06 20:38:03,280 [ERROR] ConditionMgr:805 - Attr not supported : Dmpu
2025-06-06 20:38:03,280 [ERROR] ConditionMgr:805 - Attr not supported : Dmpu
2025-06-06 20:38:03,280 [ERROR] ConditionMgr:805 - Attr not supported : Dmpu
2025-06-06 20:38:03,280 [ERROR] ConditionMgr:805 - Attr not supported : Dmpu
2025-06-06 20:38:03,280 [ERROR] ConditionMgr:805 - Attr not supported : Dmpu
2025-06-06 20:38:03,280 [ERROR] ConditionMgr:805 - Attr not supported : Dmpu
2025-06-06 20:38:03,281 [ERROR] ConditionMgr:805 - Attr not supported : Dmpu
2025-06-06 20:38:03,281 [ERROR] ConditionMgr:805 - Attr not supported : Dmpu
2025-06-06 20:38:03,281 [ERROR] ConditionMgr:805 - Attr not supported : Dmpu
2025-06-06 20:38:03,281 [ERROR] ConditionMgr:805 - Attr not supported : Dmpu
2025-06-06 20:38:03,281 [ERROR] ConditionMgr:805 - Attr not supported : Dmpu
2025-06-06 20:38:03,281 [ERROR] ConditionMgr:805 - Attr not supported : Dmpu
2025-06-06 20:38:03,281 [ERROR] ConditionMgr:805 - Attr not supported : Dmpu
2025-06-06 20:38:03,281 [ERROR] ConditionMgr:805 - Attr not supported : Dmpu
2025-06-06 20:38:03,281 [ERROR] ConditionMgr:805 - Attr not supported : Dmpu
2025-06-06 20:38:03,281 [ERROR] ConditionMgr:805 - Attr not supported : Dmpu
2025-06-06 20:38:03,281 [ERROR] ConditionMgr:805 - Attr not supported : Dmpu
2025-06-06 20:38:03,282 [ERROR] ConditionMgr:805 - Attr not supported : Dmpu
2025-06-06 20:38:03,282 [ERROR] ConditionMgr:805 - Attr not supported : Dmpu
2025-06-06 20:38:03,282 [ERROR] ConditionMgr:805 - Attr not supported : Dmpu
2025-06-06 20:38:03,282 [ERROR] ConditionMgr:805 - Attr not supported : Dmpu
2025-06-06 20:38:03,282 [ERROR] ConditionMgr:805 - Attr not supported : Dmpu
2025-06-06 20:38:03,282 [ERROR] ConditionMgr:805 - Attr not supported : Dmpu
2025-06-06 20:38:03,282 [ERROR] ConditionMgr:805 - Attr not supported : Dmpu
2025-06-06 20:38:03,282 [ERROR] ConditionMgr:805 - Attr not supported : Dmpu
2025-06-06 20:38:03,282 [ERROR] ConditionMgr:805 - Attr not supported : Dmpu
2025-06-06 20:38:03,303 [WARN] PackLoader:240 - Cannot read IP mode file for STMicroelectronics.X-CUBE-WB05N.2.0.0
2025-06-06 20:38:03,325 [ERROR] Engine:466 - C:\Users\tranc\.stm32cubemx\thirdparties\pdsc\STMicroelectronics.X-CUBE-TCPP.4.2.0.pdsc: PDSC version is not supported
2025-06-06 20:38:03,344 [WARN] PackLoader:240 - Cannot read IP mode file for RealThread.X-CUBE-RT-Thread_Nano.4.1.1
2025-06-06 20:38:03,364 [WARN] PackLoader:240 - Cannot read IP mode file for STMicroelectronics.FP-ATR-SIGFOX1.3.2.0
2025-06-06 20:38:03,390 [WARN] ConditionMgr:438 - getConditionDescription Invalid condition id : Cortex-A Device cause : null
2025-06-06 20:38:03,416 [INFO] WebApp:167 - Instantiating new browser for Auth
2025-06-06 20:38:03,417 [WARN] ConditionMgr:1039 - genDependencies : Invalid condition id : Cortex-A Device cause : null
2025-06-06 20:38:03,417 [WARN] ConditionMgr:1039 - genDependencies : Invalid condition id : Cortex-A Device cause : null
2025-06-06 20:38:03,419 [WARN] ConditionMgr:1039 - genDependencies : Invalid condition id : Cortex-A Device cause : null
2025-06-06 20:38:03,439 [WARN] PackLoader:240 - Cannot read IP mode file for STMicroelectronics.X-CUBE-EEPRMA1.5.1.0
2025-06-06 20:38:03,468 [WARN] PackLoader:240 - Cannot read IP mode file for wolfSSL.I-CUBE-wolfSSL.5.7.4
2025-06-06 20:38:03,492 [WARN] PackLoader:240 - Cannot read IP mode file for ITTIA_DB.I-CUBE-ITTIADB.8.9.0
2025-06-06 20:38:03,573 [WARN] PackLoader:240 - Cannot read IP mode file for SEGGER.I-CUBE-embOS.1.3.1
2025-06-06 20:38:03,679 [WARN] PackLoader:240 - Cannot read IP mode file for STMicroelectronics.X-CUBE-ALGOBUILD.1.4.0
2025-06-06 20:38:03,701 [WARN] PackLoader:240 - Cannot read IP mode file for STMicroelectronics.X-CUBE-AI.9.1.0
2025-06-06 20:38:03,747 [WARN] PackLoader:240 - Cannot read IP mode file for STMicroelectronics.X-CUBE-AZRTOS-F4.1.1.0
2025-06-06 20:38:03,793 [ERROR] Engine:466 - C:\Users\tranc\.stm32cubemx\thirdparties\pdsc\Avnet-IotConnect.X-CUBE-IoTC-DA16k-PMOD.1.0.0.pdsc: PDSC version is not supported
2025-06-06 20:38:03,836 [WARN] PackLoader:240 - Cannot read IP mode file for STMicroelectronics.X-CUBE-ISPU.2.1.0
2025-06-06 20:38:03,866 [WARN] PackLoader:240 - Cannot read IP mode file for STMicroelectronics.X-CUBE-FREERTOS.1.2.0
2025-06-06 20:38:03,911 [WARN] PackLoader:240 - Cannot read IP mode file for STMicroelectronics.X-CUBE-AZRTOS-L5.2.0.0
2025-06-06 20:38:03,940 [WARN] PackLoader:240 - Cannot read IP mode file for STMicroelectronics.X-CUBE-NFC6.3.1.0
2025-06-06 20:38:03,973 [WARN] PackLoader:240 - Cannot read IP mode file for STMicroelectronics.X-CUBE-DPower.1.2.0
2025-06-06 20:38:04,004 [WARN] PackLoader:240 - Cannot read IP mode file for STMicroelectronics.X-CUBE-FREERTOS.1.3.1
2025-06-06 20:38:04,035 [WARN] PackLoader:240 - Cannot read IP mode file for STMicroelectronics.X-CUBE-FREERTOS.1.3.0
2025-06-06 20:38:04,084 [WARN] PackLoader:240 - Cannot read IP mode file for STMicroelectronics.X-CUBE-NFC7.1.0.1
2025-06-06 20:38:04,127 [WARN] PackLoader:240 - Cannot read IP mode file for STMicroelectronics.X-CUBE-DPower.1.3.0
2025-06-06 20:38:04,213 [WARN] ConditionMgr:438 - getConditionDescription Invalid condition id : LAN8742 Phy interface Condition cause : null
2025-06-06 20:38:04,214 [WARN] PackLoader:240 - Cannot read IP mode file for STMicroelectronics.X-CUBE-AZRTOS-L4.2.0.0
2025-06-06 20:38:04,221 [WARN] ConditionMgr:1039 - genDependencies : Invalid condition id : LAN8742 Phy interface Condition cause : null
2025-06-06 20:38:04,230 [WARN] ConditionMgr:1039 - genDependencies : Invalid condition id : LAN8742 Phy interface Condition cause : null
2025-06-06 20:38:04,231 [WARN] ConditionMgr:1039 - genDependencies : Invalid condition id : LAN8742 Phy interface Condition cause : null
2025-06-06 20:38:04,263 [WARN] PackLoader:240 - Cannot read IP mode file for STMicroelectronics.X-CUBE-SFXS2LP1.4.0.0
2025-06-06 20:38:04,326 [WARN] PackLoader:240 - Cannot read IP mode file for STMicroelectronics.X-CUBE-AZRTOS-H7.3.3.0
2025-06-06 20:38:04,361 [WARN] PackLoader:240 - Cannot read IP mode file for STMicroelectronics.X-CUBE-IPS.3.0.0
2025-06-06 20:38:04,410 [WARN] ConditionMgr:438 - getConditionDescription Invalid condition id : UX DEVICE CLASS RTOS Condition cause : null
2025-06-06 20:38:04,411 [WARN] ConditionMgr:438 - getConditionDescription Invalid condition id : UX DEVICE CLASS RTOS Condition cause : null
2025-06-06 20:38:04,412 [WARN] PackLoader:240 - Cannot read IP mode file for STMicroelectronics.X-CUBE-AZRTOS-WB.2.0.0
2025-06-06 20:38:04,413 [WARN] ConditionMgr:1039 - genDependencies : Invalid condition id : UX DEVICE CLASS RTOS Condition cause : null
2025-06-06 20:38:04,413 [WARN] ConditionMgr:1039 - genDependencies : Invalid condition id : UX DEVICE CLASS RTOS Condition cause : null
2025-06-06 20:38:04,413 [WARN] ConditionMgr:1039 - genDependencies : Invalid condition id : UX DEVICE CLASS RTOS Condition cause : null
2025-06-06 20:38:04,415 [WARN] ConditionMgr:1039 - genDependencies : Invalid condition id : UX DEVICE CLASS RTOS Condition cause : null
2025-06-06 20:38:04,415 [WARN] ConditionMgr:1039 - genDependencies : Invalid condition id : UX DEVICE CLASS RTOS Condition cause : null
2025-06-06 20:38:04,443 [WARN] PackLoader:240 - Cannot read IP mode file for STMicroelectronics.X-CUBE-GNSS1.7.0.0
2025-06-06 20:38:04,463 [WARN] PackLoader:240 - Cannot read IP mode file for STMicroelectronics.X-CUBE-GNSS1.7.0.1
2025-06-06 20:38:04,483 [WARN] PackLoader:240 - Cannot read IP mode file for STMicroelectronics.X-CUBE-TOUCHGFX.4.25.0
2025-06-06 20:38:04,504 [WARN] PackLoader:240 - Cannot read IP mode file for STMicroelectronics.FP-SNS-STBOX1.2.0.0
2025-06-06 20:38:04,529 [WARN] PackLoader:240 - Cannot read IP mode file for STMicroelectronics.X-CUBE-SUBG2.5.0.0
2025-06-06 20:38:04,576 [WARN] PackLoader:240 - Cannot read IP mode file for STMicroelectronics.X-CUBE-AZRTOS-H7RS.1.1.0
2025-06-06 20:38:04,623 [WARN] PackLoader:240 - Cannot read IP mode file for Cesanta.I-CUBE-Mongoose.7.13.0
2025-06-06 20:38:04,688 [WARN] PackLoader:240 - Cannot read IP mode file for STMicroelectronics.X-CUBE-AZRTOS-G4.2.0.0
2025-06-06 20:38:04,727 [WARN] PackLoader:240 - Cannot read IP mode file for STMicroelectronics.X-CUBE-NFC7.2.0.0
2025-06-06 20:38:04,766 [ERROR] Engine:466 - C:\Users\tranc\.stm32cubemx\thirdparties\pdsc\STMicroelectronics.X-CUBE-IPS.3.1.0.pdsc: PDSC version is not supported
2025-06-06 20:38:04,831 [WARN] PackLoader:240 - Cannot read IP mode file for STMicroelectronics.X-CUBE-ALS.1.0.2
2025-06-06 20:38:04,871 [INFO] WebApp:448 - Apply proxy settings
2025-06-06 20:38:04,872 [INFO] WebApp:533 - Chromium requires no authentication
2025-06-06 20:38:04,884 [WARN] PackLoader:240 - Cannot read IP mode file for STMicroelectronics.X-CUBE-TOUCHGFX.4.24.2
2025-06-06 20:38:04,905 [INFO] WebApp:476 - Direct internet connection detected
2025-06-06 20:38:04,920 [WARN] PackLoader:240 - Cannot read IP mode file for STMicroelectronics.X-CUBE-TOUCHGFX.4.24.1
2025-06-06 20:38:04,947 [WARN] PackLoader:240 - Cannot read IP mode file for wolfSSL.I-CUBE-wolfTPM.3.4.0
2025-06-06 20:38:04,963 [INFO] WebApp:869 - Register for checkConnection events
2025-06-06 20:38:04,964 [INFO] WebApp:448 - Apply proxy settings
2025-06-06 20:38:04,964 [INFO] WebApp:533 - Chromium requires no authentication
2025-06-06 20:38:04,965 [INFO] WebApp:476 - Direct internet connection detected
2025-06-06 20:38:04,974 [WARN] PackLoader:240 - Cannot read IP mode file for portGmbH.I-Cube-SoM-uGOAL.1.1.0
2025-06-06 20:38:05,021 [WARN] PackLoader:240 - Cannot read IP mode file for STMicroelectronics.X-CUBE-AZRTOS-H7RS.1.0.0
2025-06-06 20:38:05,064 [WARN] PackLoader:240 - Cannot read IP mode file for STMicroelectronics.X-CUBE-TOF1.3.4.2
2025-06-06 20:38:05,109 [ERROR] Engine:466 - C:\Users\tranc\.stm32cubemx\thirdparties\pdsc\STMicroelectronics.X-CUBE-TOF1.3.4.3.pdsc: PDSC version is not supported
2025-06-06 20:38:05,157 [WARN] PackLoader:240 - Cannot read IP mode file for Infineon.AIROC-Wi-Fi-Bluetooth-STM32.1.6.1
2025-06-06 20:38:05,180 [INFO] WebApp:186 - Connection restablished
2025-06-06 20:38:05,195 [WARN] PackLoader:240 - Cannot read IP mode file for wolfSSL.I-CUBE-wolfSSH.1.4.17
2025-06-06 20:38:05,196 [INFO] ThirdParty:978 - Integrity check success = true
2025-06-06 20:38:05,196 [INFO] IntegrityCheckThread:100 - exiting critical section [integrity check]
2025-06-06 20:38:05,196 [INFO] IntegrityCheckThread:103 - End integrity checks thread
2025-06-06 20:38:05,544 [INFO] WebApp:220 - Starting web application
2025-06-06 20:38:05,544 [INFO] WebApp:578 - Web application path used C:\ST\STM32CubeIDE_1.16.1\STM32CubeIDE\plugins\com.st.stm32cube.common.mx_6.12.1.202409122256\db\plugins\mcufinder\reactClient1\index.html
2025-06-06 20:38:05,791 [INFO] UserAuth:417 - Internet connection configuration mode: 1
2025-06-06 22:00:14,859 [ERROR] LogOutputStream:75 - [STDERR_REDIRECT] 
2025-06-06 22:00:14,860 [ERROR] LogOutputStream:75 - [STDERR_REDIRECT] 
