2025-06-06 20:37:41,930 [INFO] Activator:176 - 


2025-06-06 20:37:41,935 [INFO] Activator:177 - !SESSION log4j initialized
2025-06-06 20:37:48,465 [INFO] LogOutputStream:77 - [STDOUT_REDIRECT] 
2025-06-06 20:37:50,292 [INFO] ApplicationProperties:184 - Using Application install path: C:\ST\STM32CubeIDE_1.16.1\STM32CubeIDE\plugins\com.st.stm32cube.common.mx_6.12.1.202409122256
2025-06-06 20:37:50,311 [INFO] DbMcusXml:78 - Set database path to: C:\ST\STM32CubeIDE_1.16.1\STM32CubeIDE\plugins\com.st.stm32cube.common.mx_6.12.1.202409122256\\db\/mcu/
2025-06-06 20:37:50,311 [INFO] ApiDb:274 - Set plugin database path to: C:\ST\STM32CubeIDE_1.16.1\STM32CubeIDE\plugins\com.st.stm32cube.common.mx_6.12.1.202409122256\\db\/plugins/boardmanager/
2025-06-06 20:37:50,313 [WARN] ApiDb:259 - Overriding images path with different value:  => C:\ST\STM32CubeIDE_1.16.1\STM32CubeIDE\plugins\com.st.stm32cube.common.mx_6.12.1.202409122256\\db\/plugins/mcufinder/images/
2025-06-06 20:37:50,334 [INFO] ApiDb:250 - Set database path to: C:\Users\tranc\.stmcufinder\plugins\mcufinder//mcu/
2025-06-06 20:37:50,336 [INFO] DbMcusAds:125 - Set database path to: C:\Users\tranc\.stmcufinder\plugins\mcufinder//mcu/
2025-06-06 20:37:50,344 [INFO] CrossReferenceDbSqlite:203 - Set database path to: C:\Users\tranc\.stmcufinder\plugins\mcufinder//mcu/cs/
2025-06-06 20:37:50,511 [INFO] RulesReader:64 - Compatibility file has been processed (297 Rules)
2025-06-06 20:37:50,647 [INFO] DbMcusXml:78 - Set database path to: C:\ST\STM32CubeIDE_1.16.1\STM32CubeIDE\plugins\com.st.stm32cube.common.mx_6.12.1.202409122256\\db\/mcu/
2025-06-06 20:37:50,649 [INFO] ApiDb:274 - Set plugin database path to: C:\ST\STM32CubeIDE_1.16.1\STM32CubeIDE\plugins\com.st.stm32cube.common.mx_6.12.1.202409122256\\db\/plugins/boardmanager/
2025-06-06 20:37:50,649 [INFO] ApiDb:261 - Set plugin images path to: C:\ST\STM32CubeIDE_1.16.1\STM32CubeIDE\plugins\com.st.stm32cube.common.mx_6.12.1.202409122256\\db\/plugins/mcufinder/images/
2025-06-06 20:37:50,649 [WARN] DbFile:41 - Overriding database path with different value: C:\Users\tranc\.stmcufinder\plugins\mcufinder/ => C:\Users\tranc\.stmcufinder\plugins\mcufinder
2025-06-06 20:37:50,649 [INFO] ApiDb:250 - Set database path to: C:\Users\tranc\.stmcufinder\plugins\mcufinder//mcu/
2025-06-06 20:37:50,649 [WARN] DbFile:41 - Overriding database path with different value: C:\Users\tranc\.stmcufinder\plugins\mcufinder/ => C:\Users\tranc\.stmcufinder\plugins\mcufinder
2025-06-06 20:37:50,649 [INFO] DbMcusAds:125 - Set database path to: C:\Users\tranc\.stmcufinder\plugins\mcufinder//mcu/
2025-06-06 20:37:50,649 [WARN] DbFile:41 - Overriding database path with different value: C:\Users\tranc\.stmcufinder\plugins\mcufinder/ => C:\Users\tranc\.stmcufinder\plugins\mcufinder
2025-06-06 20:37:50,650 [WARN] DbFile:41 - Overriding database path with different value: C:\Users\tranc\.stmcufinder\plugins\mcufinder/ => C:\Users\tranc\.stmcufinder\plugins\mcufinder
2025-06-06 20:37:50,650 [INFO] CrossReferenceDbSqlite:203 - Set database path to: C:\Users\tranc\.stmcufinder\plugins\mcufinder//mcu/cs/
2025-06-06 20:37:50,753 [INFO] MainPanel:268 - HeapMemory: 268435456
2025-06-06 20:37:50,866 [INFO] DbMcusXml:78 - Set database path to: C:\ST\STM32CubeIDE_1.16.1\STM32CubeIDE\plugins\com.st.stm32cube.common.mx_6.12.1.202409122256\\db\/mcu/
2025-06-06 20:37:50,866 [INFO] ApiDb:274 - Set plugin database path to: C:\ST\STM32CubeIDE_1.16.1\STM32CubeIDE\plugins\com.st.stm32cube.common.mx_6.12.1.202409122256\\db\/plugins/boardmanager/
2025-06-06 20:37:50,866 [INFO] ApiDb:261 - Set plugin images path to: C:\ST\STM32CubeIDE_1.16.1\STM32CubeIDE\plugins\com.st.stm32cube.common.mx_6.12.1.202409122256\\db\/plugins/mcufinder/images/
2025-06-06 20:37:50,866 [WARN] DbFile:41 - Overriding database path with different value: C:\Users\tranc\.stmcufinder\plugins\mcufinder/ => C:\Users\tranc\.stmcufinder\plugins\mcufinder
2025-06-06 20:37:50,866 [INFO] ApiDb:250 - Set database path to: C:\Users\tranc\.stmcufinder\plugins\mcufinder//mcu/
2025-06-06 20:37:50,867 [WARN] DbFile:41 - Overriding database path with different value: C:\Users\tranc\.stmcufinder\plugins\mcufinder/ => C:\Users\tranc\.stmcufinder\plugins\mcufinder
2025-06-06 20:37:50,872 [INFO] DbMcusAds:125 - Set database path to: C:\Users\tranc\.stmcufinder\plugins\mcufinder//mcu/
2025-06-06 20:37:50,872 [WARN] DbFile:41 - Overriding database path with different value: C:\Users\tranc\.stmcufinder\plugins\mcufinder/ => C:\Users\tranc\.stmcufinder\plugins\mcufinder
2025-06-06 20:37:50,872 [WARN] DbFile:41 - Overriding database path with different value: C:\Users\tranc\.stmcufinder\plugins\mcufinder/ => C:\Users\tranc\.stmcufinder\plugins\mcufinder
2025-06-06 20:37:50,872 [INFO] CrossReferenceDbSqlite:203 - Set database path to: C:\Users\tranc\.stmcufinder\plugins\mcufinder//mcu/cs/
2025-06-06 20:37:50,889 [INFO] ApplicationProperties:184 - Using Application install path: C:\ST\STM32CubeIDE_1.16.1\STM32CubeIDE\plugins\com.st.stm32cube.common.mx_6.12.1.202409122256
2025-06-06 20:37:50,890 [INFO] PluginManage:196 - Search for loadable plugins [exclusion list=, ]
2025-06-06 20:37:50,892 [INFO] PluginManage:310 - Check plugin analytics
2025-06-06 20:37:51,058 [INFO] AnalyticsPlugin:253 - Accepted Software Licenses: STM32CubeMX.6.12.1
2025-06-06 20:37:51,058 [INFO] AnalyticsPlugin:255 - Accepted CMSIS Pack Licenses: 
2025-06-06 20:37:51,059 [INFO] AnalyticsPlugin:257 - Accepted Firmware Licenses: FW.WL.1.3.0,FW.G4.1.6.0,FW.F4.1.28.0
2025-06-06 20:37:51,062 [INFO] PluginManage:359 - Loaded plugin analytics (category:tool,tabindex:-1)
2025-06-06 20:37:51,062 [INFO] PluginManage:310 - Check plugin cadmodel
2025-06-06 20:37:51,089 [INFO] CADModel:105 - Init CAD model plugin
2025-06-06 20:37:51,089 [INFO] PluginManage:359 - Loaded plugin cadmodel (category:power,tabindex:5)
2025-06-06 20:37:51,089 [INFO] PluginManage:310 - Check plugin clock
2025-06-06 20:37:51,122 [INFO] PluginManage:359 - Loaded plugin clock (category:base,tabindex:2)
2025-06-06 20:37:51,122 [INFO] PluginManage:310 - Check plugin ddr
2025-06-06 20:37:51,132 [INFO] PluginManage:359 - Loaded plugin ddr (category:tool,tabindex:6)
2025-06-06 20:37:51,133 [INFO] PluginManage:310 - Check plugin filemanager
2025-06-06 20:37:51,337 [INFO] PluginManage:359 - Loaded plugin filemanager (category:base,tabindex:10)
2025-06-06 20:37:51,337 [INFO] PluginManage:310 - Check plugin ipmanager
2025-06-06 20:37:51,349 [INFO] PluginManage:359 - Loaded plugin ipmanager (category:base,tabindex:5)
2025-06-06 20:37:51,350 [INFO] PluginManage:310 - Check plugin lpbam
2025-06-06 20:37:51,383 [INFO] PluginManage:359 - Loaded plugin lpbam (category:base,tabindex:0)
2025-06-06 20:37:51,383 [INFO] PluginManage:310 - Check plugin memorymap
2025-06-06 20:37:51,423 [INFO] PluginManage:359 - Loaded plugin memorymap (category:base,tabindex:4)
2025-06-06 20:37:51,423 [INFO] PluginManage:310 - Check plugin pinoutandconfiguration
2025-06-06 20:37:51,454 [INFO] PluginManage:359 - Loaded plugin pinoutandconfiguration (category:base,tabindex:1)
2025-06-06 20:37:51,454 [INFO] PluginManage:310 - Check plugin pinoutconfig
2025-06-06 20:37:51,641 [WARN] SupportedApi:132 - Cannot load RTOS API schema: s4s-elt-must-match.1: The content of 'definitions' must match (annotation?, (simpleType | complexType)?, (unique | key | keyref)*)). A problem was found starting at: attribute.
2025-06-06 20:37:51,856 [INFO] PluginManage:359 - Loaded plugin pinoutconfig (category:base,tabindex:0)
2025-06-06 20:37:51,858 [INFO] PluginManage:310 - Check plugin power
2025-06-06 20:37:51,896 [INFO] PluginManage:359 - Loaded plugin power (category:power,tabindex:4)
2025-06-06 20:37:51,897 [INFO] PluginManage:310 - Check plugin projectmanager
2025-06-06 20:37:51,923 [INFO] PluginManage:359 - Loaded plugin projectmanager (category:projectmanager,tabindex:4)
2025-06-06 20:37:51,923 [INFO] PluginManage:310 - Check plugin rif
2025-06-06 20:37:51,951 [INFO] PluginManage:359 - Loaded plugin rif (category:base,tabindex:3)
2025-06-06 20:37:51,951 [INFO] PluginManage:310 - Check plugin thirdparty
2025-06-06 20:37:52,438 [INFO] PluginManage:359 - Loaded plugin thirdparty (category:base,tabindex:-1)
2025-06-06 20:37:52,438 [WARN] IntegrityCheckThread:84 - waiting for thirdparty lock release [integrity check]
2025-06-06 20:37:52,439 [INFO] PluginManage:310 - Check plugin tools
2025-06-06 20:37:52,439 [INFO] IntegrityCheckThread:86 - entering critical section [integrity check]
2025-06-06 20:37:52,439 [INFO] ThirdPartyUpdaterWithRetryManager:70 - Updater plugin not ready yet. [1/15]
2025-06-06 20:37:52,520 [INFO] PluginManage:359 - Loaded plugin tools (category:base,tabindex:7)
2025-06-06 20:37:52,520 [INFO] PluginManage:310 - Check plugin tutovideos
2025-06-06 20:37:52,748 [INFO] PluginManage:359 - Loaded plugin tutovideos (category:base,tabindex:-1)
2025-06-06 20:37:52,749 [INFO] PluginManage:310 - Check plugin updater
2025-06-06 20:37:52,766 [INFO] PluginManage:359 - Loaded plugin updater (category:base,tabindex:12)
2025-06-06 20:37:52,766 [INFO] PluginManage:310 - Check plugin userauth
2025-06-06 20:37:52,774 [INFO] UserAuth:113 - Init User Auth plugin
2025-06-06 20:37:52,774 [INFO] PluginManage:359 - Loaded plugin userauth (category:base,tabindex:14)
2025-06-06 20:37:52,774 [INFO] PluginManage:283 - PluginManage : Loaded plugins [18]
2025-06-06 20:37:53,030 [INFO] PinOutPanel:1561 - setPackage(No Configuration,No Configuration)
2025-06-06 20:37:53,158 [INFO] CADModel:165 - CPN selected for project level
2025-06-06 20:37:53,158 [INFO] CADModel:114 - Register for checkConnection events
2025-06-06 20:37:53,199 [INFO] IPUIPlugin:80 - create IPUIPlugin
2025-06-06 20:37:53,199 [INFO] PluginManager:220 - loadIPPluginJar : add adc
2025-06-06 20:37:53,261 [INFO] IPUIPlugin:80 - create IPUIPlugin
2025-06-06 20:37:53,261 [INFO] PluginManager:220 - loadIPPluginJar : add aes
2025-06-06 20:37:53,330 [INFO] IPUIPlugin:80 - create IPUIPlugin
2025-06-06 20:37:53,331 [INFO] PluginManager:220 - loadIPPluginJar : add can
2025-06-06 20:37:53,382 [INFO] IPUIPlugin:80 - create IPUIPlugin
2025-06-06 20:37:53,382 [INFO] PluginManager:220 - loadIPPluginJar : add comp
2025-06-06 20:37:53,433 [INFO] IPUIPlugin:80 - create IPUIPlugin
2025-06-06 20:37:53,433 [INFO] PluginManager:220 - loadIPPluginJar : add cryp
2025-06-06 20:37:53,452 [INFO] IPUIPlugin:80 - create IPUIPlugin
2025-06-06 20:37:53,452 [INFO] PluginManager:220 - loadIPPluginJar : add ddr_ctrl_phy
2025-06-06 20:37:53,502 [INFO] IPUIPlugin:80 - create IPUIPlugin
2025-06-06 20:37:53,502 [INFO] PluginManager:220 - loadIPPluginJar : add dfsdm
2025-06-06 20:37:53,520 [INFO] IPUIPlugin:80 - create IPUIPlugin
2025-06-06 20:37:53,520 [INFO] PluginManager:220 - loadIPPluginJar : add dma
2025-06-06 20:37:53,592 [INFO] IPUIPlugin:80 - create IPUIPlugin
2025-06-06 20:37:53,592 [INFO] PluginManager:220 - loadIPPluginJar : add dma3
2025-06-06 20:37:53,673 [INFO] IPUIPlugin:80 - create IPUIPlugin
2025-06-06 20:37:53,673 [INFO] PluginManager:220 - loadIPPluginJar : add extmemmanager
2025-06-06 20:37:53,710 [INFO] IPUIPlugin:80 - create IPUIPlugin
2025-06-06 20:37:53,710 [INFO] PluginManager:220 - loadIPPluginJar : add fatfs
2025-06-06 20:37:53,779 [INFO] IPUIPlugin:80 - create IPUIPlugin
2025-06-06 20:37:53,779 [INFO] PluginManager:220 - loadIPPluginJar : add fmc
2025-06-06 20:37:53,799 [INFO] IPUIPlugin:80 - create IPUIPlugin
2025-06-06 20:37:53,799 [INFO] PluginManager:220 - loadIPPluginJar : add freertos
2025-06-06 20:37:53,829 [INFO] IPUIPlugin:80 - create IPUIPlugin
2025-06-06 20:37:53,829 [INFO] PluginManager:220 - loadIPPluginJar : add genericplugin
2025-06-06 20:37:53,996 [INFO] IPUIPlugin:80 - create IPUIPlugin
2025-06-06 20:37:53,996 [INFO] PluginManager:220 - loadIPPluginJar : add gfxmmu
2025-06-06 20:37:54,207 [INFO] IPUIPlugin:80 - create IPUIPlugin
2025-06-06 20:37:54,207 [INFO] PluginManager:220 - loadIPPluginJar : add gic
2025-06-06 20:37:54,228 [INFO] IPUIPlugin:80 - create IPUIPlugin
2025-06-06 20:37:54,228 [INFO] PluginManager:220 - loadIPPluginJar : add gpio
2025-06-06 20:37:54,390 [INFO] IPUIPlugin:80 - create IPUIPlugin
2025-06-06 20:37:54,390 [INFO] PluginManager:220 - loadIPPluginJar : add gtzc
2025-06-06 20:37:54,445 [INFO] IPUIPlugin:80 - create IPUIPlugin
2025-06-06 20:37:54,445 [INFO] PluginManager:220 - loadIPPluginJar : add hash
2025-06-06 20:37:54,541 [INFO] IPUIPlugin:80 - create IPUIPlugin
2025-06-06 20:37:54,541 [INFO] PluginManager:220 - loadIPPluginJar : add i2c
2025-06-06 20:37:54,608 [INFO] IPUIPlugin:80 - create IPUIPlugin
2025-06-06 20:37:54,608 [INFO] PluginManager:220 - loadIPPluginJar : add i2s
2025-06-06 20:37:54,685 [INFO] IPUIPlugin:80 - create IPUIPlugin
2025-06-06 20:37:54,685 [INFO] PluginManager:220 - loadIPPluginJar : add i3c
2025-06-06 20:37:54,847 [INFO] IPUIPlugin:80 - create IPUIPlugin
2025-06-06 20:37:54,847 [INFO] PluginManager:220 - loadIPPluginJar : add ipddr
2025-06-06 20:37:55,003 [INFO] IPUIPlugin:80 - create IPUIPlugin
2025-06-06 20:37:55,004 [INFO] PluginManager:220 - loadIPPluginJar : add linkedlist
2025-06-06 20:37:55,067 [INFO] IPUIPlugin:80 - create IPUIPlugin
2025-06-06 20:37:55,067 [INFO] PluginManager:220 - loadIPPluginJar : add lorawan
2025-06-06 20:37:55,127 [INFO] IPUIPlugin:80 - create IPUIPlugin
2025-06-06 20:37:55,127 [INFO] PluginManager:220 - loadIPPluginJar : add ltdc
2025-06-06 20:37:55,146 [INFO] IPUIPlugin:80 - create IPUIPlugin
2025-06-06 20:37:55,146 [INFO] PluginManager:220 - loadIPPluginJar : add mdma
2025-06-06 20:37:55,163 [INFO] IPUIPlugin:80 - create IPUIPlugin
2025-06-06 20:37:55,163 [INFO] PluginManager:220 - loadIPPluginJar : add nvic
2025-06-06 20:37:55,217 [INFO] IPUIPlugin:80 - create IPUIPlugin
2025-06-06 20:37:55,217 [INFO] PluginManager:220 - loadIPPluginJar : add opamp
2025-06-06 20:37:55,329 [INFO] IPUIPlugin:80 - create IPUIPlugin
2025-06-06 20:37:55,329 [INFO] PluginManager:220 - loadIPPluginJar : add openamp
2025-06-06 20:37:55,420 [INFO] IPUIPlugin:80 - create IPUIPlugin
2025-06-06 20:37:55,421 [INFO] PluginManager:220 - loadIPPluginJar : add pdm2pcm
2025-06-06 20:37:55,441 [INFO] ThirdPartyUpdaterWithRetryManager:70 - Updater plugin not ready yet. [2/15]
2025-06-06 20:37:55,443 [INFO] IPUIPlugin:80 - create IPUIPlugin
2025-06-06 20:37:55,445 [INFO] PluginManager:220 - loadIPPluginJar : add plateformsettings
2025-06-06 20:37:55,481 [INFO] IPUIPlugin:80 - create IPUIPlugin
2025-06-06 20:37:55,482 [INFO] PluginManager:220 - loadIPPluginJar : add quadspi
2025-06-06 20:37:55,523 [INFO] IPUIPlugin:80 - create IPUIPlugin
2025-06-06 20:37:55,523 [INFO] PluginManager:220 - loadIPPluginJar : add radio
2025-06-06 20:37:55,544 [INFO] IPUIPlugin:80 - create IPUIPlugin
2025-06-06 20:37:55,545 [INFO] PluginManager:220 - loadIPPluginJar : add resmgrutility
2025-06-06 20:37:55,612 [INFO] IPUIPlugin:80 - create IPUIPlugin
2025-06-06 20:37:55,612 [INFO] PluginManager:220 - loadIPPluginJar : add sai
2025-06-06 20:37:55,671 [INFO] IPUIPlugin:80 - create IPUIPlugin
2025-06-06 20:37:55,671 [INFO] PluginManager:220 - loadIPPluginJar : add spi
2025-06-06 20:37:55,761 [INFO] IPUIPlugin:80 - create IPUIPlugin
2025-06-06 20:37:55,761 [INFO] PluginManager:220 - loadIPPluginJar : add stm32_wpan
2025-06-06 20:37:55,791 [INFO] IPUIPlugin:80 - create IPUIPlugin
2025-06-06 20:37:55,791 [INFO] PluginManager:220 - loadIPPluginJar : add tim
2025-06-06 20:37:55,875 [INFO] IPUIPlugin:80 - create IPUIPlugin
2025-06-06 20:37:55,875 [INFO] PluginManager:220 - loadIPPluginJar : add touchsensing
2025-06-06 20:37:55,906 [INFO] IPUIPlugin:80 - create IPUIPlugin
2025-06-06 20:37:55,906 [INFO] PluginManager:220 - loadIPPluginJar : add tracer_emb
2025-06-06 20:37:55,945 [INFO] IPUIPlugin:80 - create IPUIPlugin
2025-06-06 20:37:55,945 [INFO] PluginManager:220 - loadIPPluginJar : add ts
2025-06-06 20:37:55,985 [INFO] IPUIPlugin:80 - create IPUIPlugin
2025-06-06 20:37:55,985 [INFO] PluginManager:220 - loadIPPluginJar : add tsc
2025-06-06 20:37:56,020 [INFO] IPUIPlugin:80 - create IPUIPlugin
2025-06-06 20:37:56,020 [INFO] PluginManager:220 - loadIPPluginJar : add ucpd
2025-06-06 20:37:56,106 [INFO] IPUIPlugin:80 - create IPUIPlugin
2025-06-06 20:37:56,107 [INFO] PluginManager:220 - loadIPPluginJar : add usart
2025-06-06 20:37:56,202 [INFO] IPUIPlugin:80 - create IPUIPlugin
2025-06-06 20:37:56,202 [INFO] PluginManager:220 - loadIPPluginJar : add usbx
2025-06-06 20:37:56,357 [INFO] CADModel:165 - CPN selected for project level
2025-06-06 20:37:56,357 [INFO] CADModel:114 - Register for checkConnection events
2025-06-06 20:37:56,359 [FATAL] Updater:334 - Updater called before beeing initialized
2025-06-06 20:37:56,359 [ERROR] CADModel:125 - Updater not yet initialized, retry later 
2025-06-06 20:37:56,553 [INFO] CADModel:165 - CPN selected for project level
2025-06-06 20:37:56,553 [INFO] CADModel:114 - Register for checkConnection events
2025-06-06 20:37:56,553 [FATAL] Updater:334 - Updater called before beeing initialized
2025-06-06 20:37:56,553 [ERROR] CADModel:125 - Updater not yet initialized, retry later 
2025-06-06 20:37:56,557 [FATAL] Updater:334 - Updater called before beeing initialized
2025-06-06 20:37:56,690 [FATAL] Updater:334 - Updater called before beeing initialized
2025-06-06 20:37:56,710 [INFO] DbMcusAds:53 - JSON generation date=Wed May 07 16:07:55 ICT 2025 (1746608875484)
2025-06-06 20:37:56,711 [FATAL] Updater:334 - Updater called before beeing initialized
2025-06-06 20:37:56,777 [WARN] DetailPanel:346 - Failed to get advertising image, set to default
2025-06-06 20:37:56,892 [FATAL] Updater:334 - Updater called before beeing initialized
2025-06-06 20:37:56,897 [FATAL] Updater:334 - Updater called before beeing initialized
2025-06-06 20:37:56,897 [FATAL] Updater:334 - Updater called before beeing initialized
2025-06-06 20:37:56,897 [WARN] DetailPanel:346 - Failed to get advertising image, set to default
2025-06-06 20:37:56,898 [FATAL] Updater:334 - Updater called before beeing initialized
2025-06-06 20:37:56,983 [ERROR] Updater:1164 - MainUpdater not yet initialized. External WinMGr cannot be set.
2025-06-06 20:37:57,003 [INFO] Updater:1100 - Updater Version found : 6.12.1
2025-06-06 20:37:57,046 [INFO] ApplicationProperties:184 - Using Application install path: C:\ST\STM32CubeIDE_1.16.1\STM32CubeIDE\plugins\com.st.stm32cube.common.mx_6.12.1.202409122256
2025-06-06 20:37:58,442 [INFO] ThirdPartyUpdaterWithRetryManager:70 - Updater plugin not ready yet. [3/15]
2025-06-06 20:37:58,640 [ERROR] LogOutputStream:75 - [STDERR_REDIRECT] Jun 06, 2025 8:37:58 PM java.util.prefs.WindowsPreferences <init>
2025-06-06 20:37:58,641 [ERROR] LogOutputStream:75 - [STDERR_REDIRECT] WARNING: Could not open/create prefs root node Software\JavaSoft\Prefs at root 0xffffffff80000002. Windows RegCreateKeyEx(...) returned error code 5.
2025-06-06 20:37:58,642 [ERROR] LogOutputStream:75 - [STDERR_REDIRECT] 
2025-06-06 20:37:59,145 [INFO] MainUpdater:2873 - connection check result : 10
2025-06-06 20:37:59,145 [INFO] MainUpdater:290 - Updater Check For Update Now.
2025-06-06 20:37:59,146 [INFO] MicroXplorer:498 - Change Database Version : DB.6.0.121
2025-06-06 20:37:59,169 [INFO] McuFinderGlobals:63 - Set McuFinder mode to 2 (CubeIDE integrated)
2025-06-06 20:37:59,180 [INFO] UserAuth:417 - Internet connection configuration mode: 1
2025-06-06 20:37:59,222 [INFO] JxBrowserEngine:152 - Initiate JxBrowser Engine with user profile folder
2025-06-06 20:37:59,393 [INFO] CheckServerUpdateThread:120 - End of CheckServer Thread
2025-06-06 20:38:01,747 [WARN] PackLoader:240 - Cannot read IP mode file for STMicroelectronics.FP-SNS-MOTENVWB1.1.4.0
2025-06-06 20:38:01,771 [WARN] PackLoader:240 - Cannot read IP mode file for STMicroelectronics.FP-ATR-ASTRA1.2.0.2
2025-06-06 20:38:01,785 [WARN] PackLoader:240 - Cannot read IP mode file for STMicroelectronics.FP-ATR-ASTRA1.2.0.1
2025-06-06 20:38:01,805 [WARN] PackLoader:240 - Cannot read IP mode file for STMicroelectronics.X-CUBE-SMBUS.2.1.0
2025-06-06 20:38:01,828 [WARN] PackLoader:240 - Cannot read IP mode file for STMicroelectronics.X-CUBE-WB05N.1.1.0
2025-06-06 20:38:01,847 [ERROR] Engine:466 - C:\Users\tranc\.stm32cubemx\thirdparties\pdsc\STMicroelectronics.X-CUBE-ST60.1.0.0.pdsc: PDSC version is not supported
2025-06-06 20:38:01,899 [WARN] PackLoader:240 - Cannot read IP mode file for STMicroelectronics.X-CUBE-AZRTOS-F7.1.1.0
2025-06-06 20:38:01,986 [WARN] PackLoader:240 - Cannot read IP mode file for STMicroelectronics.X-CUBE-MEMS1.11.0.0
2025-06-06 20:38:02,200 [WARN] PackLoader:240 - Cannot read IP mode file for STMicroelectronics.FP-SNS-FLIGHT1.5.0.2
2025-06-06 20:38:02,230 [WARN] PackLoader:240 - Cannot read IP mode file for STMicroelectronics.X-CUBE-DISPLAY.3.0.0
2025-06-06 20:38:02,259 [WARN] PackLoader:240 - Cannot read IP mode file for STMicroelectronics.X-CUBE-BLE1.7.0.0
2025-06-06 20:38:02,282 [WARN] PackLoader:240 - Cannot read IP mode file for STMicroelectronics.X-CUBE-NFC10.1.0.0
2025-06-06 20:38:02,312 [WARN] PackLoader:240 - Cannot read IP mode file for STMicroelectronics.X-CUBE-BLEMGR.4.0.0
2025-06-06 20:38:02,336 [WARN] PackLoader:240 - Cannot read IP mode file for emotas.I-CUBE-CANOPEN.1.3.0
2025-06-06 20:38:02,357 [WARN] PackLoader:240 - Cannot read IP mode file for STMicroelectronics.X-CUBE-BLEMGR.3.1.0
2025-06-06 20:38:02,379 [WARN] PackLoader:240 - Cannot read IP mode file for STMicroelectronics.X-CUBE-AI.10.0.0
2025-06-06 20:38:02,399 [WARN] PackLoader:240 - Cannot read IP mode file for STMicroelectronics.FP-SNS-SMARTAG2.1.2.0
2025-06-06 20:38:02,417 [ERROR] Engine:466 - C:\Users\tranc\.stm32cubemx\thirdparties\pdsc\STMicroelectronics.FP-SNS-FLIGHT1.5.1.0.pdsc: PDSC version is not supported
2025-06-06 20:38:02,494 [WARN] PackLoader:240 - Cannot read IP mode file for STMicroelectronics.X-CUBE-MEMS1.11.1.0
2025-06-06 20:38:02,674 [INFO] LogOutputStream:77 - [STDOUT_REDIRECT] 1 : Invalid condition id : UX_CORESTACK_Condition cause : null
2025-06-06 20:38:02,674 [INFO] LogOutputStream:77 - [STDOUT_REDIRECT] 1 : Invalid condition id : UX_CORESTACK_Condition cause : null
2025-06-06 20:38:02,676 [INFO] LogOutputStream:77 - [STDOUT_REDIRECT] 1 : Invalid condition id : UX_CORESTACK_Condition cause : null
2025-06-06 20:38:02,677 [INFO] LogOutputStream:77 - [STDOUT_REDIRECT] 1 : Invalid condition id : UX_CORESTACK_Condition cause : null
2025-06-06 20:38:02,678 [INFO] LogOutputStream:77 - [STDOUT_REDIRECT] 1 : Invalid condition id : UX_CORESTACK_Condition cause : null
2025-06-06 20:38:02,680 [WARN] PackLoader:240 - Cannot read IP mode file for STMicroelectronics.X-CUBE-AZRTOS-WL.2.0.0
2025-06-06 20:38:02,701 [WARN] PackLoader:240 - Cannot read IP mode file for STMicroelectronics.FP-SNS-MOTENV1.5.0.0
2025-06-06 20:38:02,721 [WARN] PackLoader:240 - Cannot read IP mode file for wolfSSL.I-CUBE-wolfMQTT.1.19.0
2025-06-06 20:38:02,742 [WARN] PackLoader:240 - Cannot read IP mode file for WES.I-CUBE-Cesium.1.3.0
2025-06-06 20:38:02,759 [WARN] PackLoader:240 - Cannot read IP mode file for STMicroelectronics.X-CUBE-BLE2.3.3.0
2025-06-06 20:38:02,781 [WARN] PackLoader:240 - Cannot read IP mode file for STMicroelectronics.X-CUBE-NFC9.1.0.0
2025-06-06 20:38:02,801 [WARN] PackLoader:240 - Cannot read IP mode file for STMicroelectronics.X-CUBE-BLE1.7.1.0
2025-06-06 20:38:02,818 [WARN] PackLoader:240 - Cannot read IP mode file for STMicroelectronics.X-CUBE-TCPP.4.1.0
2025-06-06 20:38:02,840 [WARN] PackLoader:240 - Cannot read IP mode file for STMicroelectronics.X-CUBE-AI.10.1.0
2025-06-06 20:38:02,981 [WARN] PackLoader:240 - Cannot read IP mode file for STMicroelectronics.X-CUBE-MEMS1.11.2.0
2025-06-06 20:38:03,194 [WARN] PackLoader:240 - Cannot read IP mode file for STMicroelectronics.X-CUBE-AZRTOS-G0.1.1.0
2025-06-06 20:38:03,223 [WARN] PackLoader:240 - Cannot read IP mode file for STMicroelectronics.X-CUBE-SAFEA1.1.2.2
2025-06-06 20:38:03,251 [WARN] PackLoader:240 - Cannot read IP mode file for STMicroelectronics.X-CUBE-NFC4.3.0.0
2025-06-06 20:38:03,277 [WARN] PackLoader:240 - Cannot read IP mode file for EmbeddedOffice.I-CUBE-FS-RTOS.1.0.1
2025-06-06 20:38:03,278 [ERROR] ConditionMgr:805 - Attr not supported : Dmpu
2025-06-06 20:38:03,278 [ERROR] ConditionMgr:805 - Attr not supported : Dmpu
2025-06-06 20:38:03,278 [ERROR] ConditionMgr:805 - Attr not supported : Dmpu
2025-06-06 20:38:03,278 [ERROR] ConditionMgr:805 - Attr not supported : Dmpu
2025-06-06 20:38:03,278 [ERROR] ConditionMgr:805 - Attr not supported : Dmpu
2025-06-06 20:38:03,278 [ERROR] ConditionMgr:805 - Attr not supported : Dmpu
2025-06-06 20:38:03,278 [ERROR] ConditionMgr:805 - Attr not supported : Dmpu
2025-06-06 20:38:03,278 [ERROR] ConditionMgr:805 - Attr not supported : Dmpu
2025-06-06 20:38:03,278 [ERROR] ConditionMgr:805 - Attr not supported : Dmpu
2025-06-06 20:38:03,278 [ERROR] ConditionMgr:805 - Attr not supported : Dmpu
2025-06-06 20:38:03,278 [ERROR] ConditionMgr:805 - Attr not supported : Dmpu
2025-06-06 20:38:03,279 [ERROR] ConditionMgr:805 - Attr not supported : Dmpu
2025-06-06 20:38:03,279 [ERROR] ConditionMgr:805 - Attr not supported : Dmpu
2025-06-06 20:38:03,279 [ERROR] ConditionMgr:805 - Attr not supported : Dmpu
2025-06-06 20:38:03,279 [ERROR] ConditionMgr:805 - Attr not supported : Dmpu
2025-06-06 20:38:03,279 [ERROR] ConditionMgr:805 - Attr not supported : Dmpu
2025-06-06 20:38:03,279 [ERROR] ConditionMgr:805 - Attr not supported : Dmpu
2025-06-06 20:38:03,279 [ERROR] ConditionMgr:805 - Attr not supported : Dmpu
2025-06-06 20:38:03,279 [ERROR] ConditionMgr:805 - Attr not supported : Dmpu
2025-06-06 20:38:03,279 [ERROR] ConditionMgr:805 - Attr not supported : Dmpu
2025-06-06 20:38:03,279 [ERROR] ConditionMgr:805 - Attr not supported : Dmpu
2025-06-06 20:38:03,279 [ERROR] ConditionMgr:805 - Attr not supported : Dmpu
2025-06-06 20:38:03,279 [ERROR] ConditionMgr:805 - Attr not supported : Dmpu
2025-06-06 20:38:03,279 [ERROR] ConditionMgr:805 - Attr not supported : Dmpu
2025-06-06 20:38:03,279 [ERROR] ConditionMgr:805 - Attr not supported : Dmpu
2025-06-06 20:38:03,279 [ERROR] ConditionMgr:805 - Attr not supported : Dmpu
2025-06-06 20:38:03,279 [ERROR] ConditionMgr:805 - Attr not supported : Dmpu
2025-06-06 20:38:03,279 [ERROR] ConditionMgr:805 - Attr not supported : Dmpu
2025-06-06 20:38:03,279 [ERROR] ConditionMgr:805 - Attr not supported : Dmpu
2025-06-06 20:38:03,279 [ERROR] ConditionMgr:805 - Attr not supported : Dmpu
2025-06-06 20:38:03,279 [ERROR] ConditionMgr:805 - Attr not supported : Dmpu
2025-06-06 20:38:03,280 [ERROR] ConditionMgr:805 - Attr not supported : Dmpu
2025-06-06 20:38:03,280 [ERROR] ConditionMgr:805 - Attr not supported : Dmpu
2025-06-06 20:38:03,280 [ERROR] ConditionMgr:805 - Attr not supported : Dmpu
2025-06-06 20:38:03,280 [ERROR] ConditionMgr:805 - Attr not supported : Dmpu
2025-06-06 20:38:03,280 [ERROR] ConditionMgr:805 - Attr not supported : Dmpu
2025-06-06 20:38:03,280 [ERROR] ConditionMgr:805 - Attr not supported : Dmpu
2025-06-06 20:38:03,280 [ERROR] ConditionMgr:805 - Attr not supported : Dmpu
2025-06-06 20:38:03,280 [ERROR] ConditionMgr:805 - Attr not supported : Dmpu
2025-06-06 20:38:03,280 [ERROR] ConditionMgr:805 - Attr not supported : Dmpu
2025-06-06 20:38:03,280 [ERROR] ConditionMgr:805 - Attr not supported : Dmpu
2025-06-06 20:38:03,280 [ERROR] ConditionMgr:805 - Attr not supported : Dmpu
2025-06-06 20:38:03,280 [ERROR] ConditionMgr:805 - Attr not supported : Dmpu
2025-06-06 20:38:03,280 [ERROR] ConditionMgr:805 - Attr not supported : Dmpu
2025-06-06 20:38:03,281 [ERROR] ConditionMgr:805 - Attr not supported : Dmpu
2025-06-06 20:38:03,281 [ERROR] ConditionMgr:805 - Attr not supported : Dmpu
2025-06-06 20:38:03,281 [ERROR] ConditionMgr:805 - Attr not supported : Dmpu
2025-06-06 20:38:03,281 [ERROR] ConditionMgr:805 - Attr not supported : Dmpu
2025-06-06 20:38:03,281 [ERROR] ConditionMgr:805 - Attr not supported : Dmpu
2025-06-06 20:38:03,281 [ERROR] ConditionMgr:805 - Attr not supported : Dmpu
2025-06-06 20:38:03,281 [ERROR] ConditionMgr:805 - Attr not supported : Dmpu
2025-06-06 20:38:03,281 [ERROR] ConditionMgr:805 - Attr not supported : Dmpu
2025-06-06 20:38:03,281 [ERROR] ConditionMgr:805 - Attr not supported : Dmpu
2025-06-06 20:38:03,281 [ERROR] ConditionMgr:805 - Attr not supported : Dmpu
2025-06-06 20:38:03,281 [ERROR] ConditionMgr:805 - Attr not supported : Dmpu
2025-06-06 20:38:03,282 [ERROR] ConditionMgr:805 - Attr not supported : Dmpu
2025-06-06 20:38:03,282 [ERROR] ConditionMgr:805 - Attr not supported : Dmpu
2025-06-06 20:38:03,282 [ERROR] ConditionMgr:805 - Attr not supported : Dmpu
2025-06-06 20:38:03,282 [ERROR] ConditionMgr:805 - Attr not supported : Dmpu
2025-06-06 20:38:03,282 [ERROR] ConditionMgr:805 - Attr not supported : Dmpu
2025-06-06 20:38:03,282 [ERROR] ConditionMgr:805 - Attr not supported : Dmpu
2025-06-06 20:38:03,282 [ERROR] ConditionMgr:805 - Attr not supported : Dmpu
2025-06-06 20:38:03,282 [ERROR] ConditionMgr:805 - Attr not supported : Dmpu
2025-06-06 20:38:03,282 [ERROR] ConditionMgr:805 - Attr not supported : Dmpu
2025-06-06 20:38:03,303 [WARN] PackLoader:240 - Cannot read IP mode file for STMicroelectronics.X-CUBE-WB05N.2.0.0
2025-06-06 20:38:03,325 [ERROR] Engine:466 - C:\Users\tranc\.stm32cubemx\thirdparties\pdsc\STMicroelectronics.X-CUBE-TCPP.4.2.0.pdsc: PDSC version is not supported
2025-06-06 20:38:03,344 [WARN] PackLoader:240 - Cannot read IP mode file for RealThread.X-CUBE-RT-Thread_Nano.4.1.1
2025-06-06 20:38:03,364 [WARN] PackLoader:240 - Cannot read IP mode file for STMicroelectronics.FP-ATR-SIGFOX1.3.2.0
2025-06-06 20:38:03,390 [WARN] ConditionMgr:438 - getConditionDescription Invalid condition id : Cortex-A Device cause : null
2025-06-06 20:38:03,416 [INFO] WebApp:167 - Instantiating new browser for Auth
2025-06-06 20:38:03,417 [WARN] ConditionMgr:1039 - genDependencies : Invalid condition id : Cortex-A Device cause : null
2025-06-06 20:38:03,417 [WARN] ConditionMgr:1039 - genDependencies : Invalid condition id : Cortex-A Device cause : null
2025-06-06 20:38:03,419 [WARN] ConditionMgr:1039 - genDependencies : Invalid condition id : Cortex-A Device cause : null
2025-06-06 20:38:03,439 [WARN] PackLoader:240 - Cannot read IP mode file for STMicroelectronics.X-CUBE-EEPRMA1.5.1.0
2025-06-06 20:38:03,468 [WARN] PackLoader:240 - Cannot read IP mode file for wolfSSL.I-CUBE-wolfSSL.5.7.4
2025-06-06 20:38:03,492 [WARN] PackLoader:240 - Cannot read IP mode file for ITTIA_DB.I-CUBE-ITTIADB.8.9.0
2025-06-06 20:38:03,573 [WARN] PackLoader:240 - Cannot read IP mode file for SEGGER.I-CUBE-embOS.1.3.1
2025-06-06 20:38:03,679 [WARN] PackLoader:240 - Cannot read IP mode file for STMicroelectronics.X-CUBE-ALGOBUILD.1.4.0
2025-06-06 20:38:03,701 [WARN] PackLoader:240 - Cannot read IP mode file for STMicroelectronics.X-CUBE-AI.9.1.0
2025-06-06 20:38:03,747 [WARN] PackLoader:240 - Cannot read IP mode file for STMicroelectronics.X-CUBE-AZRTOS-F4.1.1.0
2025-06-06 20:38:03,793 [ERROR] Engine:466 - C:\Users\tranc\.stm32cubemx\thirdparties\pdsc\Avnet-IotConnect.X-CUBE-IoTC-DA16k-PMOD.1.0.0.pdsc: PDSC version is not supported
2025-06-06 20:38:03,836 [WARN] PackLoader:240 - Cannot read IP mode file for STMicroelectronics.X-CUBE-ISPU.2.1.0
2025-06-06 20:38:03,866 [WARN] PackLoader:240 - Cannot read IP mode file for STMicroelectronics.X-CUBE-FREERTOS.1.2.0
2025-06-06 20:38:03,911 [WARN] PackLoader:240 - Cannot read IP mode file for STMicroelectronics.X-CUBE-AZRTOS-L5.2.0.0
2025-06-06 20:38:03,940 [WARN] PackLoader:240 - Cannot read IP mode file for STMicroelectronics.X-CUBE-NFC6.3.1.0
2025-06-06 20:38:03,973 [WARN] PackLoader:240 - Cannot read IP mode file for STMicroelectronics.X-CUBE-DPower.1.2.0
2025-06-06 20:38:04,004 [WARN] PackLoader:240 - Cannot read IP mode file for STMicroelectronics.X-CUBE-FREERTOS.1.3.1
2025-06-06 20:38:04,035 [WARN] PackLoader:240 - Cannot read IP mode file for STMicroelectronics.X-CUBE-FREERTOS.1.3.0
2025-06-06 20:38:04,084 [WARN] PackLoader:240 - Cannot read IP mode file for STMicroelectronics.X-CUBE-NFC7.1.0.1
2025-06-06 20:38:04,127 [WARN] PackLoader:240 - Cannot read IP mode file for STMicroelectronics.X-CUBE-DPower.1.3.0
2025-06-06 20:38:04,213 [WARN] ConditionMgr:438 - getConditionDescription Invalid condition id : LAN8742 Phy interface Condition cause : null
2025-06-06 20:38:04,214 [WARN] PackLoader:240 - Cannot read IP mode file for STMicroelectronics.X-CUBE-AZRTOS-L4.2.0.0
2025-06-06 20:38:04,221 [WARN] ConditionMgr:1039 - genDependencies : Invalid condition id : LAN8742 Phy interface Condition cause : null
2025-06-06 20:38:04,230 [WARN] ConditionMgr:1039 - genDependencies : Invalid condition id : LAN8742 Phy interface Condition cause : null
2025-06-06 20:38:04,231 [WARN] ConditionMgr:1039 - genDependencies : Invalid condition id : LAN8742 Phy interface Condition cause : null
2025-06-06 20:38:04,263 [WARN] PackLoader:240 - Cannot read IP mode file for STMicroelectronics.X-CUBE-SFXS2LP1.4.0.0
2025-06-06 20:38:04,326 [WARN] PackLoader:240 - Cannot read IP mode file for STMicroelectronics.X-CUBE-AZRTOS-H7.3.3.0
2025-06-06 20:38:04,361 [WARN] PackLoader:240 - Cannot read IP mode file for STMicroelectronics.X-CUBE-IPS.3.0.0
2025-06-06 20:38:04,410 [WARN] ConditionMgr:438 - getConditionDescription Invalid condition id : UX DEVICE CLASS RTOS Condition cause : null
2025-06-06 20:38:04,411 [WARN] ConditionMgr:438 - getConditionDescription Invalid condition id : UX DEVICE CLASS RTOS Condition cause : null
2025-06-06 20:38:04,412 [WARN] PackLoader:240 - Cannot read IP mode file for STMicroelectronics.X-CUBE-AZRTOS-WB.2.0.0
2025-06-06 20:38:04,413 [WARN] ConditionMgr:1039 - genDependencies : Invalid condition id : UX DEVICE CLASS RTOS Condition cause : null
2025-06-06 20:38:04,413 [WARN] ConditionMgr:1039 - genDependencies : Invalid condition id : UX DEVICE CLASS RTOS Condition cause : null
2025-06-06 20:38:04,413 [WARN] ConditionMgr:1039 - genDependencies : Invalid condition id : UX DEVICE CLASS RTOS Condition cause : null
2025-06-06 20:38:04,415 [WARN] ConditionMgr:1039 - genDependencies : Invalid condition id : UX DEVICE CLASS RTOS Condition cause : null
2025-06-06 20:38:04,415 [WARN] ConditionMgr:1039 - genDependencies : Invalid condition id : UX DEVICE CLASS RTOS Condition cause : null
2025-06-06 20:38:04,443 [WARN] PackLoader:240 - Cannot read IP mode file for STMicroelectronics.X-CUBE-GNSS1.7.0.0
2025-06-06 20:38:04,463 [WARN] PackLoader:240 - Cannot read IP mode file for STMicroelectronics.X-CUBE-GNSS1.7.0.1
2025-06-06 20:38:04,483 [WARN] PackLoader:240 - Cannot read IP mode file for STMicroelectronics.X-CUBE-TOUCHGFX.4.25.0
2025-06-06 20:38:04,504 [WARN] PackLoader:240 - Cannot read IP mode file for STMicroelectronics.FP-SNS-STBOX1.2.0.0
2025-06-06 20:38:04,529 [WARN] PackLoader:240 - Cannot read IP mode file for STMicroelectronics.X-CUBE-SUBG2.5.0.0
2025-06-06 20:38:04,576 [WARN] PackLoader:240 - Cannot read IP mode file for STMicroelectronics.X-CUBE-AZRTOS-H7RS.1.1.0
2025-06-06 20:38:04,623 [WARN] PackLoader:240 - Cannot read IP mode file for Cesanta.I-CUBE-Mongoose.7.13.0
2025-06-06 20:38:04,688 [WARN] PackLoader:240 - Cannot read IP mode file for STMicroelectronics.X-CUBE-AZRTOS-G4.2.0.0
2025-06-06 20:38:04,727 [WARN] PackLoader:240 - Cannot read IP mode file for STMicroelectronics.X-CUBE-NFC7.2.0.0
2025-06-06 20:38:04,766 [ERROR] Engine:466 - C:\Users\tranc\.stm32cubemx\thirdparties\pdsc\STMicroelectronics.X-CUBE-IPS.3.1.0.pdsc: PDSC version is not supported
2025-06-06 20:38:04,831 [WARN] PackLoader:240 - Cannot read IP mode file for STMicroelectronics.X-CUBE-ALS.1.0.2
2025-06-06 20:38:04,871 [INFO] WebApp:448 - Apply proxy settings
2025-06-06 20:38:04,872 [INFO] WebApp:533 - Chromium requires no authentication
2025-06-06 20:38:04,884 [WARN] PackLoader:240 - Cannot read IP mode file for STMicroelectronics.X-CUBE-TOUCHGFX.4.24.2
2025-06-06 20:38:04,905 [INFO] WebApp:476 - Direct internet connection detected
2025-06-06 20:38:04,920 [WARN] PackLoader:240 - Cannot read IP mode file for STMicroelectronics.X-CUBE-TOUCHGFX.4.24.1
2025-06-06 20:38:04,947 [WARN] PackLoader:240 - Cannot read IP mode file for wolfSSL.I-CUBE-wolfTPM.3.4.0
2025-06-06 20:38:04,963 [INFO] WebApp:869 - Register for checkConnection events
2025-06-06 20:38:04,964 [INFO] WebApp:448 - Apply proxy settings
2025-06-06 20:38:04,964 [INFO] WebApp:533 - Chromium requires no authentication
2025-06-06 20:38:04,965 [INFO] WebApp:476 - Direct internet connection detected
2025-06-06 20:38:04,974 [WARN] PackLoader:240 - Cannot read IP mode file for portGmbH.I-Cube-SoM-uGOAL.1.1.0
2025-06-06 20:38:05,021 [WARN] PackLoader:240 - Cannot read IP mode file for STMicroelectronics.X-CUBE-AZRTOS-H7RS.1.0.0
2025-06-06 20:38:05,064 [WARN] PackLoader:240 - Cannot read IP mode file for STMicroelectronics.X-CUBE-TOF1.3.4.2
2025-06-06 20:38:05,109 [ERROR] Engine:466 - C:\Users\tranc\.stm32cubemx\thirdparties\pdsc\STMicroelectronics.X-CUBE-TOF1.3.4.3.pdsc: PDSC version is not supported
2025-06-06 20:38:05,157 [WARN] PackLoader:240 - Cannot read IP mode file for Infineon.AIROC-Wi-Fi-Bluetooth-STM32.1.6.1
2025-06-06 20:38:05,180 [INFO] WebApp:186 - Connection restablished
2025-06-06 20:38:05,195 [WARN] PackLoader:240 - Cannot read IP mode file for wolfSSL.I-CUBE-wolfSSH.1.4.17
2025-06-06 20:38:05,196 [INFO] ThirdParty:978 - Integrity check success = true
2025-06-06 20:38:05,196 [INFO] IntegrityCheckThread:100 - exiting critical section [integrity check]
2025-06-06 20:38:05,196 [INFO] IntegrityCheckThread:103 - End integrity checks thread
2025-06-06 20:38:05,544 [INFO] WebApp:220 - Starting web application
2025-06-06 20:38:05,544 [INFO] WebApp:578 - Web application path used C:\ST\STM32CubeIDE_1.16.1\STM32CubeIDE\plugins\com.st.stm32cube.common.mx_6.12.1.202409122256\db\plugins\mcufinder\reactClient1\index.html
2025-06-06 20:38:05,791 [INFO] UserAuth:417 - Internet connection configuration mode: 1
2025-06-06 22:00:14,859 [ERROR] LogOutputStream:75 - [STDERR_REDIRECT] 
2025-06-06 22:00:14,860 [ERROR] LogOutputStream:75 - [STDERR_REDIRECT] 
2025-06-06 22:02:28,324 [INFO] Activator:176 - 


2025-06-06 22:02:28,327 [INFO] Activator:177 - !SESSION log4j initialized
2025-06-06 22:02:34,598 [INFO] LogOutputStream:77 - [STDOUT_REDIRECT] 
2025-06-06 22:02:35,631 [INFO] ApplicationProperties:184 - Using Application install path: C:\ST\STM32CubeIDE_1.16.1\STM32CubeIDE\plugins\com.st.stm32cube.common.mx_6.12.1.202409122256
2025-06-06 22:02:35,649 [INFO] DbMcusXml:78 - Set database path to: C:\ST\STM32CubeIDE_1.16.1\STM32CubeIDE\plugins\com.st.stm32cube.common.mx_6.12.1.202409122256\\db\/mcu/
2025-06-06 22:02:35,650 [INFO] ApiDb:274 - Set plugin database path to: C:\ST\STM32CubeIDE_1.16.1\STM32CubeIDE\plugins\com.st.stm32cube.common.mx_6.12.1.202409122256\\db\/plugins/boardmanager/
2025-06-06 22:02:35,650 [WARN] ApiDb:259 - Overriding images path with different value:  => C:\ST\STM32CubeIDE_1.16.1\STM32CubeIDE\plugins\com.st.stm32cube.common.mx_6.12.1.202409122256\\db\/plugins/mcufinder/images/
2025-06-06 22:02:35,664 [INFO] ApiDb:250 - Set database path to: C:\Users\tranc\.stmcufinder\plugins\mcufinder//mcu/
2025-06-06 22:02:35,665 [INFO] DbMcusAds:125 - Set database path to: C:\Users\tranc\.stmcufinder\plugins\mcufinder//mcu/
2025-06-06 22:02:35,669 [INFO] CrossReferenceDbSqlite:203 - Set database path to: C:\Users\tranc\.stmcufinder\plugins\mcufinder//mcu/cs/
2025-06-06 22:02:35,788 [INFO] RulesReader:64 - Compatibility file has been processed (297 Rules)
2025-06-06 22:02:35,878 [INFO] DbMcusXml:78 - Set database path to: C:\ST\STM32CubeIDE_1.16.1\STM32CubeIDE\plugins\com.st.stm32cube.common.mx_6.12.1.202409122256\\db\/mcu/
2025-06-06 22:02:35,879 [INFO] ApiDb:274 - Set plugin database path to: C:\ST\STM32CubeIDE_1.16.1\STM32CubeIDE\plugins\com.st.stm32cube.common.mx_6.12.1.202409122256\\db\/plugins/boardmanager/
2025-06-06 22:02:35,879 [INFO] ApiDb:261 - Set plugin images path to: C:\ST\STM32CubeIDE_1.16.1\STM32CubeIDE\plugins\com.st.stm32cube.common.mx_6.12.1.202409122256\\db\/plugins/mcufinder/images/
2025-06-06 22:02:35,879 [WARN] DbFile:41 - Overriding database path with different value: C:\Users\tranc\.stmcufinder\plugins\mcufinder/ => C:\Users\tranc\.stmcufinder\plugins\mcufinder
2025-06-06 22:02:35,879 [INFO] ApiDb:250 - Set database path to: C:\Users\tranc\.stmcufinder\plugins\mcufinder//mcu/
2025-06-06 22:02:35,879 [WARN] DbFile:41 - Overriding database path with different value: C:\Users\tranc\.stmcufinder\plugins\mcufinder/ => C:\Users\tranc\.stmcufinder\plugins\mcufinder
2025-06-06 22:02:35,879 [INFO] DbMcusAds:125 - Set database path to: C:\Users\tranc\.stmcufinder\plugins\mcufinder//mcu/
2025-06-06 22:02:35,879 [WARN] DbFile:41 - Overriding database path with different value: C:\Users\tranc\.stmcufinder\plugins\mcufinder/ => C:\Users\tranc\.stmcufinder\plugins\mcufinder
2025-06-06 22:02:35,879 [WARN] DbFile:41 - Overriding database path with different value: C:\Users\tranc\.stmcufinder\plugins\mcufinder/ => C:\Users\tranc\.stmcufinder\plugins\mcufinder
2025-06-06 22:02:35,879 [INFO] CrossReferenceDbSqlite:203 - Set database path to: C:\Users\tranc\.stmcufinder\plugins\mcufinder//mcu/cs/
2025-06-06 22:02:35,967 [INFO] MainPanel:268 - HeapMemory: 268435456
2025-06-06 22:02:36,098 [INFO] DbMcusXml:78 - Set database path to: C:\ST\STM32CubeIDE_1.16.1\STM32CubeIDE\plugins\com.st.stm32cube.common.mx_6.12.1.202409122256\\db\/mcu/
2025-06-06 22:02:36,098 [INFO] ApiDb:274 - Set plugin database path to: C:\ST\STM32CubeIDE_1.16.1\STM32CubeIDE\plugins\com.st.stm32cube.common.mx_6.12.1.202409122256\\db\/plugins/boardmanager/
2025-06-06 22:02:36,098 [INFO] ApiDb:261 - Set plugin images path to: C:\ST\STM32CubeIDE_1.16.1\STM32CubeIDE\plugins\com.st.stm32cube.common.mx_6.12.1.202409122256\\db\/plugins/mcufinder/images/
2025-06-06 22:02:36,098 [WARN] DbFile:41 - Overriding database path with different value: C:\Users\tranc\.stmcufinder\plugins\mcufinder/ => C:\Users\tranc\.stmcufinder\plugins\mcufinder
2025-06-06 22:02:36,098 [INFO] ApiDb:250 - Set database path to: C:\Users\tranc\.stmcufinder\plugins\mcufinder//mcu/
2025-06-06 22:02:36,098 [WARN] DbFile:41 - Overriding database path with different value: C:\Users\tranc\.stmcufinder\plugins\mcufinder/ => C:\Users\tranc\.stmcufinder\plugins\mcufinder
2025-06-06 22:02:36,100 [INFO] DbMcusAds:125 - Set database path to: C:\Users\tranc\.stmcufinder\plugins\mcufinder//mcu/
2025-06-06 22:02:36,100 [WARN] DbFile:41 - Overriding database path with different value: C:\Users\tranc\.stmcufinder\plugins\mcufinder/ => C:\Users\tranc\.stmcufinder\plugins\mcufinder
2025-06-06 22:02:36,100 [WARN] DbFile:41 - Overriding database path with different value: C:\Users\tranc\.stmcufinder\plugins\mcufinder/ => C:\Users\tranc\.stmcufinder\plugins\mcufinder
2025-06-06 22:02:36,100 [INFO] CrossReferenceDbSqlite:203 - Set database path to: C:\Users\tranc\.stmcufinder\plugins\mcufinder//mcu/cs/
2025-06-06 22:02:36,118 [INFO] ApplicationProperties:184 - Using Application install path: C:\ST\STM32CubeIDE_1.16.1\STM32CubeIDE\plugins\com.st.stm32cube.common.mx_6.12.1.202409122256
2025-06-06 22:02:36,121 [INFO] PluginManage:196 - Search for loadable plugins [exclusion list=, ]
2025-06-06 22:02:36,122 [INFO] PluginManage:310 - Check plugin analytics
2025-06-06 22:02:36,277 [INFO] AnalyticsPlugin:253 - Accepted Software Licenses: STM32CubeMX.6.12.1
2025-06-06 22:02:36,277 [INFO] AnalyticsPlugin:255 - Accepted CMSIS Pack Licenses: 
2025-06-06 22:02:36,277 [INFO] AnalyticsPlugin:257 - Accepted Firmware Licenses: FW.WL.1.3.0,FW.G4.1.6.0,FW.F4.1.28.0
2025-06-06 22:02:36,281 [INFO] PluginManage:359 - Loaded plugin analytics (category:tool,tabindex:-1)
2025-06-06 22:02:36,282 [INFO] PluginManage:310 - Check plugin cadmodel
2025-06-06 22:02:36,310 [INFO] CADModel:105 - Init CAD model plugin
2025-06-06 22:02:36,310 [INFO] PluginManage:359 - Loaded plugin cadmodel (category:power,tabindex:5)
2025-06-06 22:02:36,312 [INFO] PluginManage:310 - Check plugin clock
2025-06-06 22:02:36,337 [INFO] PluginManage:359 - Loaded plugin clock (category:base,tabindex:2)
2025-06-06 22:02:36,337 [INFO] PluginManage:310 - Check plugin ddr
2025-06-06 22:02:36,341 [INFO] PluginManage:359 - Loaded plugin ddr (category:tool,tabindex:6)
2025-06-06 22:02:36,341 [INFO] PluginManage:310 - Check plugin filemanager
2025-06-06 22:02:36,508 [INFO] PluginManage:359 - Loaded plugin filemanager (category:base,tabindex:10)
2025-06-06 22:02:36,508 [INFO] PluginManage:310 - Check plugin ipmanager
2025-06-06 22:02:36,514 [INFO] PluginManage:359 - Loaded plugin ipmanager (category:base,tabindex:5)
2025-06-06 22:02:36,514 [INFO] PluginManage:310 - Check plugin lpbam
2025-06-06 22:02:36,532 [INFO] PluginManage:359 - Loaded plugin lpbam (category:base,tabindex:0)
2025-06-06 22:02:36,533 [INFO] PluginManage:310 - Check plugin memorymap
2025-06-06 22:02:36,565 [INFO] PluginManage:359 - Loaded plugin memorymap (category:base,tabindex:4)
2025-06-06 22:02:36,565 [INFO] PluginManage:310 - Check plugin pinoutandconfiguration
2025-06-06 22:02:36,586 [INFO] PluginManage:359 - Loaded plugin pinoutandconfiguration (category:base,tabindex:1)
2025-06-06 22:02:36,587 [INFO] PluginManage:310 - Check plugin pinoutconfig
2025-06-06 22:02:36,690 [WARN] SupportedApi:132 - Cannot load RTOS API schema: s4s-elt-must-match.1: The content of 'definitions' must match (annotation?, (simpleType | complexType)?, (unique | key | keyref)*)). A problem was found starting at: attribute.
2025-06-06 22:02:36,835 [INFO] PluginManage:359 - Loaded plugin pinoutconfig (category:base,tabindex:0)
2025-06-06 22:02:36,835 [INFO] PluginManage:310 - Check plugin power
2025-06-06 22:02:36,862 [INFO] PluginManage:359 - Loaded plugin power (category:power,tabindex:4)
2025-06-06 22:02:36,862 [INFO] PluginManage:310 - Check plugin projectmanager
2025-06-06 22:02:36,898 [INFO] PluginManage:359 - Loaded plugin projectmanager (category:projectmanager,tabindex:4)
2025-06-06 22:02:36,898 [INFO] PluginManage:310 - Check plugin rif
2025-06-06 22:02:36,916 [INFO] PluginManage:359 - Loaded plugin rif (category:base,tabindex:3)
2025-06-06 22:02:36,916 [INFO] PluginManage:310 - Check plugin thirdparty
2025-06-06 22:02:37,220 [INFO] PluginManage:359 - Loaded plugin thirdparty (category:base,tabindex:-1)
2025-06-06 22:02:37,220 [WARN] IntegrityCheckThread:84 - waiting for thirdparty lock release [integrity check]
2025-06-06 22:02:37,221 [INFO] PluginManage:310 - Check plugin tools
2025-06-06 22:02:37,221 [INFO] IntegrityCheckThread:86 - entering critical section [integrity check]
2025-06-06 22:02:37,221 [INFO] ThirdPartyUpdaterWithRetryManager:70 - Updater plugin not ready yet. [1/15]
2025-06-06 22:02:37,263 [INFO] PluginManage:359 - Loaded plugin tools (category:base,tabindex:7)
2025-06-06 22:02:37,263 [INFO] PluginManage:310 - Check plugin tutovideos
2025-06-06 22:02:37,440 [INFO] PluginManage:359 - Loaded plugin tutovideos (category:base,tabindex:-1)
2025-06-06 22:02:37,440 [INFO] PluginManage:310 - Check plugin updater
2025-06-06 22:02:37,457 [INFO] PluginManage:359 - Loaded plugin updater (category:base,tabindex:12)
2025-06-06 22:02:37,457 [INFO] PluginManage:310 - Check plugin userauth
2025-06-06 22:02:37,464 [INFO] UserAuth:113 - Init User Auth plugin
2025-06-06 22:02:37,464 [INFO] PluginManage:359 - Loaded plugin userauth (category:base,tabindex:14)
2025-06-06 22:02:37,465 [INFO] PluginManage:283 - PluginManage : Loaded plugins [18]
2025-06-06 22:02:37,697 [INFO] PinOutPanel:1561 - setPackage(No Configuration,No Configuration)
2025-06-06 22:02:37,793 [INFO] CADModel:165 - CPN selected for project level
2025-06-06 22:02:37,793 [INFO] CADModel:114 - Register for checkConnection events
2025-06-06 22:02:37,822 [INFO] IPUIPlugin:80 - create IPUIPlugin
2025-06-06 22:02:37,822 [INFO] PluginManager:220 - loadIPPluginJar : add adc
2025-06-06 22:02:37,866 [INFO] IPUIPlugin:80 - create IPUIPlugin
2025-06-06 22:02:37,866 [INFO] PluginManager:220 - loadIPPluginJar : add aes
2025-06-06 22:02:37,916 [INFO] IPUIPlugin:80 - create IPUIPlugin
2025-06-06 22:02:37,916 [INFO] PluginManager:220 - loadIPPluginJar : add can
2025-06-06 22:02:37,941 [INFO] IPUIPlugin:80 - create IPUIPlugin
2025-06-06 22:02:37,941 [INFO] PluginManager:220 - loadIPPluginJar : add comp
2025-06-06 22:02:37,986 [INFO] IPUIPlugin:80 - create IPUIPlugin
2025-06-06 22:02:37,986 [INFO] PluginManager:220 - loadIPPluginJar : add cryp
2025-06-06 22:02:38,000 [INFO] IPUIPlugin:80 - create IPUIPlugin
2025-06-06 22:02:38,000 [INFO] PluginManager:220 - loadIPPluginJar : add ddr_ctrl_phy
2025-06-06 22:02:38,038 [INFO] IPUIPlugin:80 - create IPUIPlugin
2025-06-06 22:02:38,040 [INFO] PluginManager:220 - loadIPPluginJar : add dfsdm
2025-06-06 22:02:38,063 [INFO] IPUIPlugin:80 - create IPUIPlugin
2025-06-06 22:02:38,063 [INFO] PluginManager:220 - loadIPPluginJar : add dma
2025-06-06 22:02:38,123 [INFO] IPUIPlugin:80 - create IPUIPlugin
2025-06-06 22:02:38,123 [INFO] PluginManager:220 - loadIPPluginJar : add dma3
2025-06-06 22:02:38,181 [INFO] IPUIPlugin:80 - create IPUIPlugin
2025-06-06 22:02:38,181 [INFO] PluginManager:220 - loadIPPluginJar : add extmemmanager
2025-06-06 22:02:38,233 [INFO] IPUIPlugin:80 - create IPUIPlugin
2025-06-06 22:02:38,233 [INFO] PluginManager:220 - loadIPPluginJar : add fatfs
2025-06-06 22:02:38,323 [INFO] IPUIPlugin:80 - create IPUIPlugin
2025-06-06 22:02:38,324 [INFO] PluginManager:220 - loadIPPluginJar : add fmc
2025-06-06 22:02:38,348 [INFO] IPUIPlugin:80 - create IPUIPlugin
2025-06-06 22:02:38,348 [INFO] PluginManager:220 - loadIPPluginJar : add freertos
2025-06-06 22:02:38,387 [INFO] IPUIPlugin:80 - create IPUIPlugin
2025-06-06 22:02:38,388 [INFO] PluginManager:220 - loadIPPluginJar : add genericplugin
2025-06-06 22:02:38,536 [INFO] IPUIPlugin:80 - create IPUIPlugin
2025-06-06 22:02:38,536 [INFO] PluginManager:220 - loadIPPluginJar : add gfxmmu
2025-06-06 22:02:38,782 [INFO] IPUIPlugin:80 - create IPUIPlugin
2025-06-06 22:02:38,782 [INFO] PluginManager:220 - loadIPPluginJar : add gic
2025-06-06 22:02:38,807 [INFO] IPUIPlugin:80 - create IPUIPlugin
2025-06-06 22:02:38,807 [INFO] PluginManager:220 - loadIPPluginJar : add gpio
2025-06-06 22:02:38,924 [INFO] IPUIPlugin:80 - create IPUIPlugin
2025-06-06 22:02:38,924 [INFO] PluginManager:220 - loadIPPluginJar : add gtzc
2025-06-06 22:02:38,968 [INFO] IPUIPlugin:80 - create IPUIPlugin
2025-06-06 22:02:38,968 [INFO] PluginManager:220 - loadIPPluginJar : add hash
2025-06-06 22:02:39,037 [INFO] IPUIPlugin:80 - create IPUIPlugin
2025-06-06 22:02:39,037 [INFO] PluginManager:220 - loadIPPluginJar : add i2c
2025-06-06 22:02:39,111 [INFO] IPUIPlugin:80 - create IPUIPlugin
2025-06-06 22:02:39,111 [INFO] PluginManager:220 - loadIPPluginJar : add i2s
2025-06-06 22:02:39,176 [INFO] IPUIPlugin:80 - create IPUIPlugin
2025-06-06 22:02:39,176 [INFO] PluginManager:220 - loadIPPluginJar : add i3c
2025-06-06 22:02:39,304 [INFO] IPUIPlugin:80 - create IPUIPlugin
2025-06-06 22:02:39,304 [INFO] PluginManager:220 - loadIPPluginJar : add ipddr
2025-06-06 22:02:39,476 [INFO] IPUIPlugin:80 - create IPUIPlugin
2025-06-06 22:02:39,476 [INFO] PluginManager:220 - loadIPPluginJar : add linkedlist
2025-06-06 22:02:39,542 [INFO] IPUIPlugin:80 - create IPUIPlugin
2025-06-06 22:02:39,542 [INFO] PluginManager:220 - loadIPPluginJar : add lorawan
2025-06-06 22:02:39,592 [INFO] IPUIPlugin:80 - create IPUIPlugin
2025-06-06 22:02:39,592 [INFO] PluginManager:220 - loadIPPluginJar : add ltdc
2025-06-06 22:02:39,620 [INFO] IPUIPlugin:80 - create IPUIPlugin
2025-06-06 22:02:39,621 [INFO] PluginManager:220 - loadIPPluginJar : add mdma
2025-06-06 22:02:39,640 [INFO] IPUIPlugin:80 - create IPUIPlugin
2025-06-06 22:02:39,640 [INFO] PluginManager:220 - loadIPPluginJar : add nvic
2025-06-06 22:02:39,695 [INFO] IPUIPlugin:80 - create IPUIPlugin
2025-06-06 22:02:39,695 [INFO] PluginManager:220 - loadIPPluginJar : add opamp
2025-06-06 22:02:39,794 [INFO] IPUIPlugin:80 - create IPUIPlugin
2025-06-06 22:02:39,794 [INFO] PluginManager:220 - loadIPPluginJar : add openamp
2025-06-06 22:02:39,853 [INFO] IPUIPlugin:80 - create IPUIPlugin
2025-06-06 22:02:39,853 [INFO] PluginManager:220 - loadIPPluginJar : add pdm2pcm
2025-06-06 22:02:39,870 [INFO] IPUIPlugin:80 - create IPUIPlugin
2025-06-06 22:02:39,873 [INFO] PluginManager:220 - loadIPPluginJar : add plateformsettings
2025-06-06 22:02:39,906 [INFO] IPUIPlugin:80 - create IPUIPlugin
2025-06-06 22:02:39,907 [INFO] PluginManager:220 - loadIPPluginJar : add quadspi
2025-06-06 22:02:39,945 [INFO] IPUIPlugin:80 - create IPUIPlugin
2025-06-06 22:02:39,945 [INFO] PluginManager:220 - loadIPPluginJar : add radio
2025-06-06 22:02:39,961 [INFO] IPUIPlugin:80 - create IPUIPlugin
2025-06-06 22:02:39,961 [INFO] PluginManager:220 - loadIPPluginJar : add resmgrutility
2025-06-06 22:02:40,018 [INFO] IPUIPlugin:80 - create IPUIPlugin
2025-06-06 22:02:40,018 [INFO] PluginManager:220 - loadIPPluginJar : add sai
2025-06-06 22:02:40,066 [INFO] IPUIPlugin:80 - create IPUIPlugin
2025-06-06 22:02:40,066 [INFO] PluginManager:220 - loadIPPluginJar : add spi
2025-06-06 22:02:40,154 [INFO] IPUIPlugin:80 - create IPUIPlugin
2025-06-06 22:02:40,154 [INFO] PluginManager:220 - loadIPPluginJar : add stm32_wpan
2025-06-06 22:02:40,184 [INFO] IPUIPlugin:80 - create IPUIPlugin
2025-06-06 22:02:40,184 [INFO] PluginManager:220 - loadIPPluginJar : add tim
2025-06-06 22:02:40,231 [INFO] ThirdPartyUpdaterWithRetryManager:70 - Updater plugin not ready yet. [2/15]
2025-06-06 22:02:40,258 [INFO] IPUIPlugin:80 - create IPUIPlugin
2025-06-06 22:02:40,258 [INFO] PluginManager:220 - loadIPPluginJar : add touchsensing
2025-06-06 22:02:40,290 [INFO] IPUIPlugin:80 - create IPUIPlugin
2025-06-06 22:02:40,290 [INFO] PluginManager:220 - loadIPPluginJar : add tracer_emb
2025-06-06 22:02:40,320 [INFO] IPUIPlugin:80 - create IPUIPlugin
2025-06-06 22:02:40,320 [INFO] PluginManager:220 - loadIPPluginJar : add ts
2025-06-06 22:02:40,349 [INFO] IPUIPlugin:80 - create IPUIPlugin
2025-06-06 22:02:40,350 [INFO] PluginManager:220 - loadIPPluginJar : add tsc
2025-06-06 22:02:40,378 [INFO] IPUIPlugin:80 - create IPUIPlugin
2025-06-06 22:02:40,378 [INFO] PluginManager:220 - loadIPPluginJar : add ucpd
2025-06-06 22:02:40,440 [INFO] IPUIPlugin:80 - create IPUIPlugin
2025-06-06 22:02:40,440 [INFO] PluginManager:220 - loadIPPluginJar : add usart
2025-06-06 22:02:40,493 [INFO] IPUIPlugin:80 - create IPUIPlugin
2025-06-06 22:02:40,494 [INFO] PluginManager:220 - loadIPPluginJar : add usbx
2025-06-06 22:02:40,608 [INFO] CADModel:165 - CPN selected for project level
2025-06-06 22:02:40,608 [INFO] CADModel:114 - Register for checkConnection events
2025-06-06 22:02:40,608 [FATAL] Updater:334 - Updater called before beeing initialized
2025-06-06 22:02:40,608 [ERROR] CADModel:125 - Updater not yet initialized, retry later 
2025-06-06 22:02:40,739 [INFO] CADModel:165 - CPN selected for project level
2025-06-06 22:02:40,739 [INFO] CADModel:114 - Register for checkConnection events
2025-06-06 22:02:40,739 [FATAL] Updater:334 - Updater called before beeing initialized
2025-06-06 22:02:40,739 [ERROR] CADModel:125 - Updater not yet initialized, retry later 
2025-06-06 22:02:40,743 [FATAL] Updater:334 - Updater called before beeing initialized
2025-06-06 22:02:40,834 [FATAL] Updater:334 - Updater called before beeing initialized
2025-06-06 22:02:40,846 [INFO] DbMcusAds:53 - JSON generation date=Wed May 07 16:07:55 ICT 2025 (1746608875484)
2025-06-06 22:02:40,846 [FATAL] Updater:334 - Updater called before beeing initialized
2025-06-06 22:02:40,880 [WARN] DetailPanel:346 - Failed to get advertising image, set to default
2025-06-06 22:02:40,956 [FATAL] Updater:334 - Updater called before beeing initialized
2025-06-06 22:02:40,957 [FATAL] Updater:334 - Updater called before beeing initialized
2025-06-06 22:02:40,957 [FATAL] Updater:334 - Updater called before beeing initialized
2025-06-06 22:02:40,957 [WARN] DetailPanel:346 - Failed to get advertising image, set to default
2025-06-06 22:02:40,958 [FATAL] Updater:334 - Updater called before beeing initialized
2025-06-06 22:02:41,017 [ERROR] Updater:1164 - MainUpdater not yet initialized. External WinMGr cannot be set.
2025-06-06 22:02:41,031 [INFO] Updater:1100 - Updater Version found : 6.12.1
2025-06-06 22:02:41,054 [INFO] ApplicationProperties:184 - Using Application install path: C:\ST\STM32CubeIDE_1.16.1\STM32CubeIDE\plugins\com.st.stm32cube.common.mx_6.12.1.202409122256
2025-06-06 22:02:42,637 [ERROR] LogOutputStream:75 - [STDERR_REDIRECT] Jun 06, 2025 10:02:42 PM java.util.prefs.WindowsPreferences <init>
2025-06-06 22:02:42,639 [ERROR] LogOutputStream:75 - [STDERR_REDIRECT] WARNING: Could not open/create prefs root node Software\JavaSoft\Prefs at root 0xffffffff80000002. Windows RegCreateKeyEx(...) returned error code 5.
2025-06-06 22:02:42,639 [ERROR] LogOutputStream:75 - [STDERR_REDIRECT] 
2025-06-06 22:02:43,082 [INFO] MainUpdater:2873 - connection check result : 10
2025-06-06 22:02:43,082 [INFO] MainUpdater:290 - Updater Check For Update Now.
2025-06-06 22:02:43,083 [INFO] MicroXplorer:498 - Change Database Version : DB.6.0.121
2025-06-06 22:02:43,105 [INFO] McuFinderGlobals:63 - Set McuFinder mode to 2 (CubeIDE integrated)
2025-06-06 22:02:43,117 [INFO] UserAuth:417 - Internet connection configuration mode: 1
2025-06-06 22:02:43,163 [INFO] JxBrowserEngine:152 - Initiate JxBrowser Engine with user profile folder
2025-06-06 22:02:43,233 [WARN] MainUpdater:1194 - Updater busy. Cannot search thirdparties
2025-06-06 22:02:43,233 [INFO] ThirdPartyUpdaterWithRetryManager:96 - Updater plugin is busy. [1/15]
2025-06-06 22:02:43,327 [INFO] CheckServerUpdateThread:120 - End of CheckServer Thread
2025-06-06 22:02:46,568 [INFO] WebApp:167 - Instantiating new browser for Auth
2025-06-06 22:02:46,622 [WARN] PackLoader:240 - Cannot read IP mode file for STMicroelectronics.FP-SNS-MOTENVWB1.1.4.0
2025-06-06 22:02:46,665 [WARN] PackLoader:240 - Cannot read IP mode file for STMicroelectronics.FP-ATR-ASTRA1.2.0.2
2025-06-06 22:02:46,685 [WARN] PackLoader:240 - Cannot read IP mode file for STMicroelectronics.FP-ATR-ASTRA1.2.0.1
2025-06-06 22:02:46,712 [WARN] PackLoader:240 - Cannot read IP mode file for STMicroelectronics.X-CUBE-SMBUS.2.1.0
2025-06-06 22:02:46,742 [WARN] PackLoader:240 - Cannot read IP mode file for STMicroelectronics.X-CUBE-WB05N.1.1.0
2025-06-06 22:02:46,769 [ERROR] Engine:466 - C:\Users\tranc\.stm32cubemx\thirdparties\pdsc\STMicroelectronics.X-CUBE-ST60.1.0.0.pdsc: PDSC version is not supported
2025-06-06 22:02:46,835 [WARN] PackLoader:240 - Cannot read IP mode file for STMicroelectronics.X-CUBE-AZRTOS-F7.1.1.0
2025-06-06 22:02:46,969 [WARN] PackLoader:240 - Cannot read IP mode file for STMicroelectronics.X-CUBE-MEMS1.11.0.0
2025-06-06 22:02:47,256 [WARN] PackLoader:240 - Cannot read IP mode file for STMicroelectronics.FP-SNS-FLIGHT1.5.0.2
2025-06-06 22:02:47,290 [WARN] PackLoader:240 - Cannot read IP mode file for STMicroelectronics.X-CUBE-DISPLAY.3.0.0
2025-06-06 22:02:47,324 [WARN] PackLoader:240 - Cannot read IP mode file for STMicroelectronics.X-CUBE-BLE1.7.0.0
2025-06-06 22:02:47,358 [WARN] PackLoader:240 - Cannot read IP mode file for STMicroelectronics.X-CUBE-NFC10.1.0.0
2025-06-06 22:02:47,396 [WARN] PackLoader:240 - Cannot read IP mode file for STMicroelectronics.X-CUBE-BLEMGR.4.0.0
2025-06-06 22:02:47,430 [WARN] PackLoader:240 - Cannot read IP mode file for emotas.I-CUBE-CANOPEN.1.3.0
2025-06-06 22:02:47,458 [WARN] PackLoader:240 - Cannot read IP mode file for STMicroelectronics.X-CUBE-BLEMGR.3.1.0
2025-06-06 22:02:47,488 [WARN] PackLoader:240 - Cannot read IP mode file for STMicroelectronics.X-CUBE-AI.10.0.0
2025-06-06 22:02:47,508 [WARN] PackLoader:240 - Cannot read IP mode file for STMicroelectronics.FP-SNS-SMARTAG2.1.2.0
2025-06-06 22:02:47,525 [ERROR] Engine:466 - C:\Users\tranc\.stm32cubemx\thirdparties\pdsc\STMicroelectronics.FP-SNS-FLIGHT1.5.1.0.pdsc: PDSC version is not supported
2025-06-06 22:02:47,605 [WARN] PackLoader:240 - Cannot read IP mode file for STMicroelectronics.X-CUBE-MEMS1.11.1.0
2025-06-06 22:02:47,854 [INFO] LogOutputStream:77 - [STDOUT_REDIRECT] 1 : Invalid condition id : UX_CORESTACK_Condition cause : null
2025-06-06 22:02:47,855 [INFO] LogOutputStream:77 - [STDOUT_REDIRECT] 1 : Invalid condition id : UX_CORESTACK_Condition cause : null
2025-06-06 22:02:47,857 [INFO] LogOutputStream:77 - [STDOUT_REDIRECT] 1 : Invalid condition id : UX_CORESTACK_Condition cause : null
2025-06-06 22:02:47,858 [INFO] LogOutputStream:77 - [STDOUT_REDIRECT] 1 : Invalid condition id : UX_CORESTACK_Condition cause : null
2025-06-06 22:02:47,862 [INFO] LogOutputStream:77 - [STDOUT_REDIRECT] 1 : Invalid condition id : UX_CORESTACK_Condition cause : null
2025-06-06 22:02:47,868 [WARN] PackLoader:240 - Cannot read IP mode file for STMicroelectronics.X-CUBE-AZRTOS-WL.2.0.0
2025-06-06 22:02:47,906 [WARN] PackLoader:240 - Cannot read IP mode file for STMicroelectronics.FP-SNS-MOTENV1.5.0.0
2025-06-06 22:02:47,956 [WARN] PackLoader:240 - Cannot read IP mode file for wolfSSL.I-CUBE-wolfMQTT.1.19.0
2025-06-06 22:02:48,000 [WARN] PackLoader:240 - Cannot read IP mode file for WES.I-CUBE-Cesium.1.3.0
2025-06-06 22:02:48,004 [INFO] WebApp:448 - Apply proxy settings
2025-06-06 22:02:48,005 [INFO] WebApp:533 - Chromium requires no authentication
2025-06-06 22:02:48,025 [INFO] WebApp:476 - Direct internet connection detected
2025-06-06 22:02:48,036 [WARN] PackLoader:240 - Cannot read IP mode file for STMicroelectronics.X-CUBE-BLE2.3.3.0
2025-06-06 22:02:48,074 [WARN] PackLoader:240 - Cannot read IP mode file for STMicroelectronics.X-CUBE-NFC9.1.0.0
2025-06-06 22:02:48,080 [INFO] WebApp:869 - Register for checkConnection events
2025-06-06 22:02:48,080 [INFO] WebApp:448 - Apply proxy settings
2025-06-06 22:02:48,080 [INFO] WebApp:533 - Chromium requires no authentication
2025-06-06 22:02:48,081 [INFO] WebApp:476 - Direct internet connection detected
2025-06-06 22:02:48,102 [WARN] PackLoader:240 - Cannot read IP mode file for STMicroelectronics.X-CUBE-BLE1.7.1.0
2025-06-06 22:02:48,135 [WARN] PackLoader:240 - Cannot read IP mode file for STMicroelectronics.X-CUBE-TCPP.4.1.0
2025-06-06 22:02:48,170 [WARN] PackLoader:240 - Cannot read IP mode file for STMicroelectronics.X-CUBE-AI.10.1.0
2025-06-06 22:02:48,275 [WARN] PackLoader:240 - Cannot read IP mode file for STMicroelectronics.X-CUBE-MEMS1.11.2.0
2025-06-06 22:02:48,353 [INFO] WebApp:186 - Connection restablished
2025-06-06 22:02:48,429 [INFO] WebApp:220 - Starting web application
2025-06-06 22:02:48,429 [INFO] WebApp:578 - Web application path used C:\ST\STM32CubeIDE_1.16.1\STM32CubeIDE\plugins\com.st.stm32cube.common.mx_6.12.1.202409122256\db\plugins\mcufinder\reactClient1\index.html
2025-06-06 22:02:48,505 [WARN] PackLoader:240 - Cannot read IP mode file for STMicroelectronics.X-CUBE-AZRTOS-G0.1.1.0
2025-06-06 22:02:48,711 [WARN] PackLoader:240 - Cannot read IP mode file for STMicroelectronics.X-CUBE-SAFEA1.1.2.2
2025-06-06 22:02:48,750 [WARN] PackLoader:240 - Cannot read IP mode file for STMicroelectronics.X-CUBE-NFC4.3.0.0
2025-06-06 22:02:48,794 [WARN] PackLoader:240 - Cannot read IP mode file for EmbeddedOffice.I-CUBE-FS-RTOS.1.0.1
2025-06-06 22:02:48,794 [ERROR] ConditionMgr:805 - Attr not supported : Dmpu
2025-06-06 22:02:48,795 [ERROR] ConditionMgr:805 - Attr not supported : Dmpu
2025-06-06 22:02:48,795 [ERROR] ConditionMgr:805 - Attr not supported : Dmpu
2025-06-06 22:02:48,795 [ERROR] ConditionMgr:805 - Attr not supported : Dmpu
2025-06-06 22:02:48,795 [ERROR] ConditionMgr:805 - Attr not supported : Dmpu
2025-06-06 22:02:48,795 [ERROR] ConditionMgr:805 - Attr not supported : Dmpu
2025-06-06 22:02:48,795 [ERROR] ConditionMgr:805 - Attr not supported : Dmpu
2025-06-06 22:02:48,795 [ERROR] ConditionMgr:805 - Attr not supported : Dmpu
2025-06-06 22:02:48,795 [ERROR] ConditionMgr:805 - Attr not supported : Dmpu
2025-06-06 22:02:48,795 [ERROR] ConditionMgr:805 - Attr not supported : Dmpu
2025-06-06 22:02:48,795 [ERROR] ConditionMgr:805 - Attr not supported : Dmpu
2025-06-06 22:02:48,795 [ERROR] ConditionMgr:805 - Attr not supported : Dmpu
2025-06-06 22:02:48,796 [ERROR] ConditionMgr:805 - Attr not supported : Dmpu
2025-06-06 22:02:48,796 [ERROR] ConditionMgr:805 - Attr not supported : Dmpu
2025-06-06 22:02:48,796 [ERROR] ConditionMgr:805 - Attr not supported : Dmpu
2025-06-06 22:02:48,796 [ERROR] ConditionMgr:805 - Attr not supported : Dmpu
2025-06-06 22:02:48,796 [ERROR] ConditionMgr:805 - Attr not supported : Dmpu
2025-06-06 22:02:48,796 [ERROR] ConditionMgr:805 - Attr not supported : Dmpu
2025-06-06 22:02:48,796 [ERROR] ConditionMgr:805 - Attr not supported : Dmpu
2025-06-06 22:02:48,796 [ERROR] ConditionMgr:805 - Attr not supported : Dmpu
2025-06-06 22:02:48,796 [ERROR] ConditionMgr:805 - Attr not supported : Dmpu
2025-06-06 22:02:48,797 [ERROR] ConditionMgr:805 - Attr not supported : Dmpu
2025-06-06 22:02:48,797 [ERROR] ConditionMgr:805 - Attr not supported : Dmpu
2025-06-06 22:02:48,797 [ERROR] ConditionMgr:805 - Attr not supported : Dmpu
2025-06-06 22:02:48,797 [ERROR] ConditionMgr:805 - Attr not supported : Dmpu
2025-06-06 22:02:48,797 [ERROR] ConditionMgr:805 - Attr not supported : Dmpu
2025-06-06 22:02:48,797 [ERROR] ConditionMgr:805 - Attr not supported : Dmpu
2025-06-06 22:02:48,797 [ERROR] ConditionMgr:805 - Attr not supported : Dmpu
2025-06-06 22:02:48,797 [ERROR] ConditionMgr:805 - Attr not supported : Dmpu
2025-06-06 22:02:48,797 [ERROR] ConditionMgr:805 - Attr not supported : Dmpu
2025-06-06 22:02:48,797 [ERROR] ConditionMgr:805 - Attr not supported : Dmpu
2025-06-06 22:02:48,797 [ERROR] ConditionMgr:805 - Attr not supported : Dmpu
2025-06-06 22:02:48,797 [ERROR] ConditionMgr:805 - Attr not supported : Dmpu
2025-06-06 22:02:48,797 [ERROR] ConditionMgr:805 - Attr not supported : Dmpu
2025-06-06 22:02:48,797 [ERROR] ConditionMgr:805 - Attr not supported : Dmpu
2025-06-06 22:02:48,798 [ERROR] ConditionMgr:805 - Attr not supported : Dmpu
2025-06-06 22:02:48,798 [ERROR] ConditionMgr:805 - Attr not supported : Dmpu
2025-06-06 22:02:48,798 [ERROR] ConditionMgr:805 - Attr not supported : Dmpu
2025-06-06 22:02:48,798 [ERROR] ConditionMgr:805 - Attr not supported : Dmpu
2025-06-06 22:02:48,798 [ERROR] ConditionMgr:805 - Attr not supported : Dmpu
2025-06-06 22:02:48,798 [ERROR] ConditionMgr:805 - Attr not supported : Dmpu
2025-06-06 22:02:48,798 [ERROR] ConditionMgr:805 - Attr not supported : Dmpu
2025-06-06 22:02:48,800 [ERROR] ConditionMgr:805 - Attr not supported : Dmpu
2025-06-06 22:02:48,800 [ERROR] ConditionMgr:805 - Attr not supported : Dmpu
2025-06-06 22:02:48,800 [ERROR] ConditionMgr:805 - Attr not supported : Dmpu
2025-06-06 22:02:48,800 [ERROR] ConditionMgr:805 - Attr not supported : Dmpu
2025-06-06 22:02:48,800 [ERROR] ConditionMgr:805 - Attr not supported : Dmpu
2025-06-06 22:02:48,800 [ERROR] ConditionMgr:805 - Attr not supported : Dmpu
2025-06-06 22:02:48,800 [ERROR] ConditionMgr:805 - Attr not supported : Dmpu
2025-06-06 22:02:48,800 [ERROR] ConditionMgr:805 - Attr not supported : Dmpu
2025-06-06 22:02:48,800 [ERROR] ConditionMgr:805 - Attr not supported : Dmpu
2025-06-06 22:02:48,800 [ERROR] ConditionMgr:805 - Attr not supported : Dmpu
2025-06-06 22:02:48,800 [ERROR] ConditionMgr:805 - Attr not supported : Dmpu
2025-06-06 22:02:48,801 [ERROR] ConditionMgr:805 - Attr not supported : Dmpu
2025-06-06 22:02:48,801 [ERROR] ConditionMgr:805 - Attr not supported : Dmpu
2025-06-06 22:02:48,801 [ERROR] ConditionMgr:805 - Attr not supported : Dmpu
2025-06-06 22:02:48,801 [ERROR] ConditionMgr:805 - Attr not supported : Dmpu
2025-06-06 22:02:48,801 [ERROR] ConditionMgr:805 - Attr not supported : Dmpu
2025-06-06 22:02:48,801 [ERROR] ConditionMgr:805 - Attr not supported : Dmpu
2025-06-06 22:02:48,801 [ERROR] ConditionMgr:805 - Attr not supported : Dmpu
2025-06-06 22:02:48,801 [ERROR] ConditionMgr:805 - Attr not supported : Dmpu
2025-06-06 22:02:48,801 [ERROR] ConditionMgr:805 - Attr not supported : Dmpu
2025-06-06 22:02:48,801 [ERROR] ConditionMgr:805 - Attr not supported : Dmpu
2025-06-06 22:02:48,801 [ERROR] ConditionMgr:805 - Attr not supported : Dmpu
2025-06-06 22:02:48,825 [INFO] UserAuth:417 - Internet connection configuration mode: 1
2025-06-06 22:02:48,840 [WARN] PackLoader:240 - Cannot read IP mode file for STMicroelectronics.X-CUBE-WB05N.2.0.0
2025-06-06 22:02:48,870 [ERROR] Engine:466 - C:\Users\tranc\.stm32cubemx\thirdparties\pdsc\STMicroelectronics.X-CUBE-TCPP.4.2.0.pdsc: PDSC version is not supported
2025-06-06 22:02:48,898 [WARN] PackLoader:240 - Cannot read IP mode file for RealThread.X-CUBE-RT-Thread_Nano.4.1.1
2025-06-06 22:02:48,932 [WARN] PackLoader:240 - Cannot read IP mode file for STMicroelectronics.FP-ATR-SIGFOX1.3.2.0
2025-06-06 22:02:48,959 [WARN] ConditionMgr:438 - getConditionDescription Invalid condition id : Cortex-A Device cause : null
2025-06-06 22:02:49,004 [WARN] ConditionMgr:1039 - genDependencies : Invalid condition id : Cortex-A Device cause : null
2025-06-06 22:02:49,004 [WARN] ConditionMgr:1039 - genDependencies : Invalid condition id : Cortex-A Device cause : null
2025-06-06 22:02:49,004 [WARN] ConditionMgr:1039 - genDependencies : Invalid condition id : Cortex-A Device cause : null
2025-06-06 22:02:49,033 [WARN] PackLoader:240 - Cannot read IP mode file for STMicroelectronics.X-CUBE-EEPRMA1.5.1.0
2025-06-06 22:02:49,060 [WARN] PackLoader:240 - Cannot read IP mode file for wolfSSL.I-CUBE-wolfSSL.5.7.4
2025-06-06 22:02:49,092 [WARN] PackLoader:240 - Cannot read IP mode file for ITTIA_DB.I-CUBE-ITTIADB.8.9.0
2025-06-06 22:02:49,152 [WARN] PackLoader:240 - Cannot read IP mode file for SEGGER.I-CUBE-embOS.1.3.1
2025-06-06 22:02:49,233 [WARN] PackLoader:240 - Cannot read IP mode file for STMicroelectronics.X-CUBE-ALGOBUILD.1.4.0
2025-06-06 22:02:49,266 [WARN] PackLoader:240 - Cannot read IP mode file for STMicroelectronics.X-CUBE-AI.9.1.0
2025-06-06 22:02:49,308 [WARN] PackLoader:240 - Cannot read IP mode file for STMicroelectronics.X-CUBE-AZRTOS-F4.1.1.0
2025-06-06 22:02:49,333 [ERROR] Engine:466 - C:\Users\tranc\.stm32cubemx\thirdparties\pdsc\Avnet-IotConnect.X-CUBE-IoTC-DA16k-PMOD.1.0.0.pdsc: PDSC version is not supported
2025-06-06 22:02:49,355 [WARN] PackLoader:240 - Cannot read IP mode file for STMicroelectronics.X-CUBE-ISPU.2.1.0
2025-06-06 22:02:49,378 [WARN] PackLoader:240 - Cannot read IP mode file for STMicroelectronics.X-CUBE-FREERTOS.1.2.0
2025-06-06 22:02:49,431 [WARN] PackLoader:240 - Cannot read IP mode file for STMicroelectronics.X-CUBE-AZRTOS-L5.2.0.0
2025-06-06 22:02:49,458 [WARN] PackLoader:240 - Cannot read IP mode file for STMicroelectronics.X-CUBE-NFC6.3.1.0
2025-06-06 22:02:49,485 [WARN] PackLoader:240 - Cannot read IP mode file for STMicroelectronics.X-CUBE-DPower.1.2.0
2025-06-06 22:02:49,510 [WARN] PackLoader:240 - Cannot read IP mode file for STMicroelectronics.X-CUBE-FREERTOS.1.3.1
2025-06-06 22:02:49,527 [WARN] PackLoader:240 - Cannot read IP mode file for STMicroelectronics.X-CUBE-FREERTOS.1.3.0
2025-06-06 22:02:49,546 [WARN] PackLoader:240 - Cannot read IP mode file for STMicroelectronics.X-CUBE-NFC7.1.0.1
2025-06-06 22:02:49,568 [WARN] PackLoader:240 - Cannot read IP mode file for STMicroelectronics.X-CUBE-DPower.1.3.0
2025-06-06 22:02:49,605 [WARN] ConditionMgr:438 - getConditionDescription Invalid condition id : LAN8742 Phy interface Condition cause : null
2025-06-06 22:02:49,605 [WARN] PackLoader:240 - Cannot read IP mode file for STMicroelectronics.X-CUBE-AZRTOS-L4.2.0.0
2025-06-06 22:02:49,606 [WARN] ConditionMgr:1039 - genDependencies : Invalid condition id : LAN8742 Phy interface Condition cause : null
2025-06-06 22:02:49,606 [WARN] ConditionMgr:1039 - genDependencies : Invalid condition id : LAN8742 Phy interface Condition cause : null
2025-06-06 22:02:49,606 [WARN] ConditionMgr:1039 - genDependencies : Invalid condition id : LAN8742 Phy interface Condition cause : null
2025-06-06 22:02:49,634 [WARN] PackLoader:240 - Cannot read IP mode file for STMicroelectronics.X-CUBE-SFXS2LP1.4.0.0
2025-06-06 22:02:49,671 [WARN] PackLoader:240 - Cannot read IP mode file for STMicroelectronics.X-CUBE-AZRTOS-H7.3.3.0
2025-06-06 22:02:49,695 [WARN] PackLoader:240 - Cannot read IP mode file for STMicroelectronics.X-CUBE-IPS.3.0.0
2025-06-06 22:02:49,725 [WARN] ConditionMgr:438 - getConditionDescription Invalid condition id : UX DEVICE CLASS RTOS Condition cause : null
2025-06-06 22:02:49,725 [WARN] ConditionMgr:438 - getConditionDescription Invalid condition id : UX DEVICE CLASS RTOS Condition cause : null
2025-06-06 22:02:49,726 [WARN] PackLoader:240 - Cannot read IP mode file for STMicroelectronics.X-CUBE-AZRTOS-WB.2.0.0
2025-06-06 22:02:49,727 [WARN] ConditionMgr:1039 - genDependencies : Invalid condition id : UX DEVICE CLASS RTOS Condition cause : null
2025-06-06 22:02:49,727 [WARN] ConditionMgr:1039 - genDependencies : Invalid condition id : UX DEVICE CLASS RTOS Condition cause : null
2025-06-06 22:02:49,728 [WARN] ConditionMgr:1039 - genDependencies : Invalid condition id : UX DEVICE CLASS RTOS Condition cause : null
2025-06-06 22:02:49,728 [WARN] ConditionMgr:1039 - genDependencies : Invalid condition id : UX DEVICE CLASS RTOS Condition cause : null
2025-06-06 22:02:49,728 [WARN] ConditionMgr:1039 - genDependencies : Invalid condition id : UX DEVICE CLASS RTOS Condition cause : null
2025-06-06 22:02:49,748 [WARN] PackLoader:240 - Cannot read IP mode file for STMicroelectronics.X-CUBE-GNSS1.7.0.0
2025-06-06 22:02:49,767 [WARN] PackLoader:240 - Cannot read IP mode file for STMicroelectronics.X-CUBE-GNSS1.7.0.1
2025-06-06 22:02:49,788 [WARN] PackLoader:240 - Cannot read IP mode file for STMicroelectronics.X-CUBE-TOUCHGFX.4.25.0
2025-06-06 22:02:49,808 [WARN] PackLoader:240 - Cannot read IP mode file for STMicroelectronics.FP-SNS-STBOX1.2.0.0
2025-06-06 22:02:49,831 [WARN] PackLoader:240 - Cannot read IP mode file for STMicroelectronics.X-CUBE-SUBG2.5.0.0
2025-06-06 22:02:49,864 [WARN] PackLoader:240 - Cannot read IP mode file for STMicroelectronics.X-CUBE-AZRTOS-H7RS.1.1.0
2025-06-06 22:02:49,884 [WARN] PackLoader:240 - Cannot read IP mode file for Cesanta.I-CUBE-Mongoose.7.13.0
2025-06-06 22:02:49,912 [WARN] PackLoader:240 - Cannot read IP mode file for STMicroelectronics.X-CUBE-AZRTOS-G4.2.0.0
2025-06-06 22:02:49,933 [WARN] PackLoader:240 - Cannot read IP mode file for STMicroelectronics.X-CUBE-NFC7.2.0.0
2025-06-06 22:02:49,957 [ERROR] Engine:466 - C:\Users\tranc\.stm32cubemx\thirdparties\pdsc\STMicroelectronics.X-CUBE-IPS.3.1.0.pdsc: PDSC version is not supported
2025-06-06 22:02:49,975 [WARN] PackLoader:240 - Cannot read IP mode file for STMicroelectronics.X-CUBE-ALS.1.0.2
2025-06-06 22:02:49,991 [WARN] PackLoader:240 - Cannot read IP mode file for STMicroelectronics.X-CUBE-TOUCHGFX.4.24.2
2025-06-06 22:02:50,006 [WARN] PackLoader:240 - Cannot read IP mode file for STMicroelectronics.X-CUBE-TOUCHGFX.4.24.1
2025-06-06 22:02:50,022 [WARN] PackLoader:240 - Cannot read IP mode file for wolfSSL.I-CUBE-wolfTPM.3.4.0
2025-06-06 22:02:50,037 [WARN] PackLoader:240 - Cannot read IP mode file for portGmbH.I-Cube-SoM-uGOAL.1.1.0
2025-06-06 22:02:50,070 [WARN] PackLoader:240 - Cannot read IP mode file for STMicroelectronics.X-CUBE-AZRTOS-H7RS.1.0.0
2025-06-06 22:02:50,095 [WARN] PackLoader:240 - Cannot read IP mode file for STMicroelectronics.X-CUBE-TOF1.3.4.2
2025-06-06 22:02:50,118 [ERROR] Engine:466 - C:\Users\tranc\.stm32cubemx\thirdparties\pdsc\STMicroelectronics.X-CUBE-TOF1.3.4.3.pdsc: PDSC version is not supported
2025-06-06 22:02:50,155 [WARN] PackLoader:240 - Cannot read IP mode file for Infineon.AIROC-Wi-Fi-Bluetooth-STM32.1.6.1
2025-06-06 22:02:50,182 [WARN] PackLoader:240 - Cannot read IP mode file for wolfSSL.I-CUBE-wolfSSH.1.4.17
2025-06-06 22:02:50,182 [INFO] ThirdParty:978 - Integrity check success = true
2025-06-06 22:02:50,182 [INFO] IntegrityCheckThread:100 - exiting critical section [integrity check]
2025-06-06 22:02:50,182 [INFO] IntegrityCheckThread:103 - End integrity checks thread
2025-06-06 23:11:33,644 [INFO] WebApp:388 - JxBrowser engine has been closed 
2025-06-06 23:11:34,984 [ERROR] LogOutputStream:75 - [STDERR_REDIRECT] [Fatal Error] :1:1: Premature end of file.
2025-06-06 23:11:34,984 [ERROR] LogOutputStream:75 - [STDERR_REDIRECT] 
2025-06-06 23:11:35,953 [ERROR] LogOutputStream:75 - [STDERR_REDIRECT] [Fatal Error] :1:1: Premature end of file.
2025-06-06 23:11:35,953 [ERROR] LogOutputStream:75 - [STDERR_REDIRECT] 
2025-06-06 23:11:36,966 [ERROR] LogOutputStream:75 - [STDERR_REDIRECT] [Fatal Error] :1:1: Premature end of file.
2025-06-06 23:11:36,966 [ERROR] LogOutputStream:75 - [STDERR_REDIRECT] 
2025-06-06 23:11:37,955 [ERROR] LogOutputStream:75 - [STDERR_REDIRECT] [Fatal Error] :1:1: Premature end of file.
2025-06-06 23:11:37,955 [ERROR] LogOutputStream:75 - [STDERR_REDIRECT] 
2025-06-06 23:11:38,953 [ERROR] LogOutputStream:75 - [STDERR_REDIRECT] [Fatal Error] :1:1: Premature end of file.
2025-06-06 23:11:38,953 [ERROR] LogOutputStream:75 - [STDERR_REDIRECT] 
2025-06-06 23:11:39,953 [ERROR] LogOutputStream:75 - [STDERR_REDIRECT] [Fatal Error] :1:1: Premature end of file.
2025-06-06 23:11:39,953 [ERROR] LogOutputStream:75 - [STDERR_REDIRECT] 
2025-06-06 23:11:40,954 [ERROR] LogOutputStream:75 - [STDERR_REDIRECT] [Fatal Error] :1:1: Premature end of file.
2025-06-06 23:11:40,954 [ERROR] LogOutputStream:75 - [STDERR_REDIRECT] 
2025-06-06 23:11:41,953 [ERROR] LogOutputStream:75 - [STDERR_REDIRECT] [Fatal Error] :1:1: Premature end of file.
2025-06-06 23:11:41,954 [ERROR] LogOutputStream:75 - [STDERR_REDIRECT] 
2025-06-06 23:11:42,954 [ERROR] LogOutputStream:75 - [STDERR_REDIRECT] [Fatal Error] :1:1: Premature end of file.
2025-06-06 23:11:42,954 [ERROR] LogOutputStream:75 - [STDERR_REDIRECT] 
2025-06-06 23:11:43,952 [ERROR] LogOutputStream:75 - [STDERR_REDIRECT] [Fatal Error] :1:1: Premature end of file.
2025-06-06 23:11:43,952 [ERROR] LogOutputStream:75 - [STDERR_REDIRECT] 
2025-06-06 23:11:44,953 [ERROR] LogOutputStream:75 - [STDERR_REDIRECT] [Fatal Error] :1:1: Premature end of file.
2025-06-06 23:11:44,953 [ERROR] LogOutputStream:75 - [STDERR_REDIRECT] 
2025-06-06 23:11:45,953 [ERROR] LogOutputStream:75 - [STDERR_REDIRECT] [Fatal Error] :1:1: Premature end of file.
2025-06-06 23:11:45,953 [ERROR] LogOutputStream:75 - [STDERR_REDIRECT] 
2025-06-06 23:11:46,953 [ERROR] LogOutputStream:75 - [STDERR_REDIRECT] [Fatal Error] :1:1: Premature end of file.
2025-06-06 23:11:46,954 [ERROR] LogOutputStream:75 - [STDERR_REDIRECT] 
2025-06-06 23:11:47,952 [ERROR] LogOutputStream:75 - [STDERR_REDIRECT] [Fatal Error] :1:1: Premature end of file.
2025-06-06 23:11:47,952 [ERROR] LogOutputStream:75 - [STDERR_REDIRECT] 
2025-06-06 23:11:48,954 [ERROR] LogOutputStream:75 - [STDERR_REDIRECT] [Fatal Error] :1:1: Premature end of file.
2025-06-06 23:11:48,954 [ERROR] LogOutputStream:75 - [STDERR_REDIRECT] 
2025-06-06 23:11:49,953 [ERROR] LogOutputStream:75 - [STDERR_REDIRECT] [Fatal Error] :1:1: Premature end of file.
2025-06-06 23:11:49,953 [ERROR] LogOutputStream:75 - [STDERR_REDIRECT] 
2025-06-06 23:11:50,953 [ERROR] LogOutputStream:75 - [STDERR_REDIRECT] [Fatal Error] :1:1: Premature end of file.
2025-06-06 23:11:50,954 [ERROR] LogOutputStream:75 - [STDERR_REDIRECT] 
2025-06-06 23:11:51,953 [ERROR] LogOutputStream:75 - [STDERR_REDIRECT] [Fatal Error] :1:1: Premature end of file.
2025-06-06 23:11:51,953 [ERROR] LogOutputStream:75 - [STDERR_REDIRECT] 
2025-06-06 23:11:52,952 [ERROR] LogOutputStream:75 - [STDERR_REDIRECT] [Fatal Error] :1:1: Premature end of file.
2025-06-06 23:11:52,952 [ERROR] LogOutputStream:75 - [STDERR_REDIRECT] 
2025-06-06 23:11:53,953 [ERROR] LogOutputStream:75 - [STDERR_REDIRECT] [Fatal Error] :1:1: Premature end of file.
2025-06-06 23:11:53,953 [ERROR] LogOutputStream:75 - [STDERR_REDIRECT] 
2025-06-06 23:11:54,952 [ERROR] LogOutputStream:75 - [STDERR_REDIRECT] [Fatal Error] :1:1: Premature end of file.
2025-06-06 23:11:54,952 [ERROR] LogOutputStream:75 - [STDERR_REDIRECT] 
