2025-06-04 05:22:33,062 [INFO] WebApp:189 - Connection lost
2025-06-04 05:22:33,214 [INFO] WebApp:186 - Connection restablished
2025-06-04 11:50:53,275 [INFO] Activator:176 - 


2025-06-04 11:50:53,281 [INFO] Activator:177 - !SESSION log4j initialized
2025-06-04 11:50:59,700 [INFO] LogOutputStream:77 - [STDOUT_REDIRECT] 
2025-06-04 11:51:01,751 [INFO] ApplicationProperties:184 - Using Application install path: C:\ST\STM32CubeIDE_1.16.1\STM32CubeIDE\plugins\com.st.stm32cube.common.mx_6.12.1.202409122256
2025-06-04 11:51:01,775 [INFO] DbMcusXml:78 - Set database path to: C:\ST\STM32CubeIDE_1.16.1\STM32CubeIDE\plugins\com.st.stm32cube.common.mx_6.12.1.202409122256\\db\/mcu/
2025-06-04 11:51:01,775 [INFO] ApiDb:274 - Set plugin database path to: C:\ST\STM32CubeIDE_1.16.1\STM32CubeIDE\plugins\com.st.stm32cube.common.mx_6.12.1.202409122256\\db\/plugins/boardmanager/
2025-06-04 11:51:01,776 [WARN] ApiDb:259 - Overriding images path with different value:  => C:\ST\STM32CubeIDE_1.16.1\STM32CubeIDE\plugins\com.st.stm32cube.common.mx_6.12.1.202409122256\\db\/plugins/mcufinder/images/
2025-06-04 11:51:01,795 [INFO] ApiDb:250 - Set database path to: C:\Users\tranc\.stmcufinder\plugins\mcufinder//mcu/
2025-06-04 11:51:01,796 [INFO] DbMcusAds:125 - Set database path to: C:\Users\tranc\.stmcufinder\plugins\mcufinder//mcu/
2025-06-04 11:51:01,799 [INFO] CrossReferenceDbSqlite:203 - Set database path to: C:\Users\tranc\.stmcufinder\plugins\mcufinder//mcu/cs/
2025-06-04 11:51:01,934 [INFO] RulesReader:64 - Compatibility file has been processed (297 Rules)
2025-06-04 11:51:02,035 [INFO] DbMcusXml:78 - Set database path to: C:\ST\STM32CubeIDE_1.16.1\STM32CubeIDE\plugins\com.st.stm32cube.common.mx_6.12.1.202409122256\\db\/mcu/
2025-06-04 11:51:02,035 [INFO] ApiDb:274 - Set plugin database path to: C:\ST\STM32CubeIDE_1.16.1\STM32CubeIDE\plugins\com.st.stm32cube.common.mx_6.12.1.202409122256\\db\/plugins/boardmanager/
2025-06-04 11:51:02,035 [INFO] ApiDb:261 - Set plugin images path to: C:\ST\STM32CubeIDE_1.16.1\STM32CubeIDE\plugins\com.st.stm32cube.common.mx_6.12.1.202409122256\\db\/plugins/mcufinder/images/
2025-06-04 11:51:02,035 [WARN] DbFile:41 - Overriding database path with different value: C:\Users\tranc\.stmcufinder\plugins\mcufinder/ => C:\Users\tranc\.stmcufinder\plugins\mcufinder
2025-06-04 11:51:02,035 [INFO] ApiDb:250 - Set database path to: C:\Users\tranc\.stmcufinder\plugins\mcufinder//mcu/
2025-06-04 11:51:02,035 [WARN] DbFile:41 - Overriding database path with different value: C:\Users\tranc\.stmcufinder\plugins\mcufinder/ => C:\Users\tranc\.stmcufinder\plugins\mcufinder
2025-06-04 11:51:02,035 [INFO] DbMcusAds:125 - Set database path to: C:\Users\tranc\.stmcufinder\plugins\mcufinder//mcu/
2025-06-04 11:51:02,035 [WARN] DbFile:41 - Overriding database path with different value: C:\Users\tranc\.stmcufinder\plugins\mcufinder/ => C:\Users\tranc\.stmcufinder\plugins\mcufinder
2025-06-04 11:51:02,036 [WARN] DbFile:41 - Overriding database path with different value: C:\Users\tranc\.stmcufinder\plugins\mcufinder/ => C:\Users\tranc\.stmcufinder\plugins\mcufinder
2025-06-04 11:51:02,036 [INFO] CrossReferenceDbSqlite:203 - Set database path to: C:\Users\tranc\.stmcufinder\plugins\mcufinder//mcu/cs/
2025-06-04 11:51:02,139 [INFO] MainPanel:268 - HeapMemory: 268435456
2025-06-04 11:51:02,305 [INFO] DbMcusXml:78 - Set database path to: C:\ST\STM32CubeIDE_1.16.1\STM32CubeIDE\plugins\com.st.stm32cube.common.mx_6.12.1.202409122256\\db\/mcu/
2025-06-04 11:51:02,305 [INFO] ApiDb:274 - Set plugin database path to: C:\ST\STM32CubeIDE_1.16.1\STM32CubeIDE\plugins\com.st.stm32cube.common.mx_6.12.1.202409122256\\db\/plugins/boardmanager/
2025-06-04 11:51:02,305 [INFO] ApiDb:261 - Set plugin images path to: C:\ST\STM32CubeIDE_1.16.1\STM32CubeIDE\plugins\com.st.stm32cube.common.mx_6.12.1.202409122256\\db\/plugins/mcufinder/images/
2025-06-04 11:51:02,305 [WARN] DbFile:41 - Overriding database path with different value: C:\Users\tranc\.stmcufinder\plugins\mcufinder/ => C:\Users\tranc\.stmcufinder\plugins\mcufinder
2025-06-04 11:51:02,306 [INFO] ApiDb:250 - Set database path to: C:\Users\tranc\.stmcufinder\plugins\mcufinder//mcu/
2025-06-04 11:51:02,306 [WARN] DbFile:41 - Overriding database path with different value: C:\Users\tranc\.stmcufinder\plugins\mcufinder/ => C:\Users\tranc\.stmcufinder\plugins\mcufinder
2025-06-04 11:51:02,306 [INFO] DbMcusAds:125 - Set database path to: C:\Users\tranc\.stmcufinder\plugins\mcufinder//mcu/
2025-06-04 11:51:02,306 [WARN] DbFile:41 - Overriding database path with different value: C:\Users\tranc\.stmcufinder\plugins\mcufinder/ => C:\Users\tranc\.stmcufinder\plugins\mcufinder
2025-06-04 11:51:02,306 [WARN] DbFile:41 - Overriding database path with different value: C:\Users\tranc\.stmcufinder\plugins\mcufinder/ => C:\Users\tranc\.stmcufinder\plugins\mcufinder
2025-06-04 11:51:02,306 [INFO] CrossReferenceDbSqlite:203 - Set database path to: C:\Users\tranc\.stmcufinder\plugins\mcufinder//mcu/cs/
2025-06-04 11:51:02,332 [INFO] ApplicationProperties:184 - Using Application install path: C:\ST\STM32CubeIDE_1.16.1\STM32CubeIDE\plugins\com.st.stm32cube.common.mx_6.12.1.202409122256
2025-06-04 11:51:02,334 [INFO] PluginManage:196 - Search for loadable plugins [exclusion list=, ]
2025-06-04 11:51:02,336 [INFO] PluginManage:310 - Check plugin analytics
2025-06-04 11:51:02,519 [INFO] AnalyticsPlugin:253 - Accepted Software Licenses: STM32CubeMX.6.12.1
2025-06-04 11:51:02,519 [INFO] AnalyticsPlugin:255 - Accepted CMSIS Pack Licenses: 
2025-06-04 11:51:02,519 [INFO] AnalyticsPlugin:257 - Accepted Firmware Licenses: FW.WL.1.3.0,FW.G4.1.6.0,FW.F4.1.28.0
2025-06-04 11:51:02,521 [INFO] PluginManage:359 - Loaded plugin analytics (category:tool,tabindex:-1)
2025-06-04 11:51:02,521 [INFO] PluginManage:310 - Check plugin cadmodel
2025-06-04 11:51:02,541 [INFO] CADModel:105 - Init CAD model plugin
2025-06-04 11:51:02,541 [INFO] PluginManage:359 - Loaded plugin cadmodel (category:power,tabindex:5)
2025-06-04 11:51:02,541 [INFO] PluginManage:310 - Check plugin clock
2025-06-04 11:51:02,563 [INFO] PluginManage:359 - Loaded plugin clock (category:base,tabindex:2)
2025-06-04 11:51:02,563 [INFO] PluginManage:310 - Check plugin ddr
2025-06-04 11:51:02,566 [INFO] PluginManage:359 - Loaded plugin ddr (category:tool,tabindex:6)
2025-06-04 11:51:02,566 [INFO] PluginManage:310 - Check plugin filemanager
2025-06-04 11:51:02,720 [INFO] PluginManage:359 - Loaded plugin filemanager (category:base,tabindex:10)
2025-06-04 11:51:02,720 [INFO] PluginManage:310 - Check plugin ipmanager
2025-06-04 11:51:02,728 [INFO] PluginManage:359 - Loaded plugin ipmanager (category:base,tabindex:5)
2025-06-04 11:51:02,728 [INFO] PluginManage:310 - Check plugin lpbam
2025-06-04 11:51:02,755 [INFO] PluginManage:359 - Loaded plugin lpbam (category:base,tabindex:0)
2025-06-04 11:51:02,755 [INFO] PluginManage:310 - Check plugin memorymap
2025-06-04 11:51:02,796 [INFO] PluginManage:359 - Loaded plugin memorymap (category:base,tabindex:4)
2025-06-04 11:51:02,796 [INFO] PluginManage:310 - Check plugin pinoutandconfiguration
2025-06-04 11:51:02,830 [INFO] PluginManage:359 - Loaded plugin pinoutandconfiguration (category:base,tabindex:1)
2025-06-04 11:51:02,830 [INFO] PluginManage:310 - Check plugin pinoutconfig
2025-06-04 11:51:02,956 [WARN] SupportedApi:132 - Cannot load RTOS API schema: s4s-elt-must-match.1: The content of 'definitions' must match (annotation?, (simpleType | complexType)?, (unique | key | keyref)*)). A problem was found starting at: attribute.
2025-06-04 11:51:03,105 [INFO] PluginManage:359 - Loaded plugin pinoutconfig (category:base,tabindex:0)
2025-06-04 11:51:03,105 [INFO] PluginManage:310 - Check plugin power
2025-06-04 11:51:03,129 [INFO] PluginManage:359 - Loaded plugin power (category:power,tabindex:4)
2025-06-04 11:51:03,130 [INFO] PluginManage:310 - Check plugin projectmanager
2025-06-04 11:51:03,147 [INFO] PluginManage:359 - Loaded plugin projectmanager (category:projectmanager,tabindex:4)
2025-06-04 11:51:03,147 [INFO] PluginManage:310 - Check plugin rif
2025-06-04 11:51:03,169 [INFO] PluginManage:359 - Loaded plugin rif (category:base,tabindex:3)
2025-06-04 11:51:03,169 [INFO] PluginManage:310 - Check plugin thirdparty
2025-06-04 11:51:03,501 [INFO] PluginManage:359 - Loaded plugin thirdparty (category:base,tabindex:-1)
2025-06-04 11:51:03,501 [WARN] IntegrityCheckThread:84 - waiting for thirdparty lock release [integrity check]
2025-06-04 11:51:03,501 [INFO] PluginManage:310 - Check plugin tools
2025-06-04 11:51:03,501 [INFO] IntegrityCheckThread:86 - entering critical section [integrity check]
2025-06-04 11:51:03,502 [INFO] ThirdPartyUpdaterWithRetryManager:70 - Updater plugin not ready yet. [1/15]
2025-06-04 11:51:03,549 [INFO] PluginManage:359 - Loaded plugin tools (category:base,tabindex:7)
2025-06-04 11:51:03,550 [INFO] PluginManage:310 - Check plugin tutovideos
2025-06-04 11:51:03,733 [INFO] PluginManage:359 - Loaded plugin tutovideos (category:base,tabindex:-1)
2025-06-04 11:51:03,733 [INFO] PluginManage:310 - Check plugin updater
2025-06-04 11:51:03,750 [INFO] PluginManage:359 - Loaded plugin updater (category:base,tabindex:12)
2025-06-04 11:51:03,750 [INFO] PluginManage:310 - Check plugin userauth
2025-06-04 11:51:03,757 [INFO] UserAuth:113 - Init User Auth plugin
2025-06-04 11:51:03,757 [INFO] PluginManage:359 - Loaded plugin userauth (category:base,tabindex:14)
2025-06-04 11:51:03,758 [INFO] PluginManage:283 - PluginManage : Loaded plugins [18]
2025-06-04 11:51:03,990 [INFO] PinOutPanel:1561 - setPackage(No Configuration,No Configuration)
2025-06-04 11:51:04,081 [INFO] CADModel:165 - CPN selected for project level
2025-06-04 11:51:04,081 [INFO] CADModel:114 - Register for checkConnection events
2025-06-04 11:51:04,110 [INFO] IPUIPlugin:80 - create IPUIPlugin
2025-06-04 11:51:04,110 [INFO] PluginManager:220 - loadIPPluginJar : add adc
2025-06-04 11:51:04,146 [INFO] IPUIPlugin:80 - create IPUIPlugin
2025-06-04 11:51:04,146 [INFO] PluginManager:220 - loadIPPluginJar : add aes
2025-06-04 11:51:04,194 [INFO] IPUIPlugin:80 - create IPUIPlugin
2025-06-04 11:51:04,194 [INFO] PluginManager:220 - loadIPPluginJar : add can
2025-06-04 11:51:04,221 [INFO] IPUIPlugin:80 - create IPUIPlugin
2025-06-04 11:51:04,221 [INFO] PluginManager:220 - loadIPPluginJar : add comp
2025-06-04 11:51:04,256 [INFO] IPUIPlugin:80 - create IPUIPlugin
2025-06-04 11:51:04,256 [INFO] PluginManager:220 - loadIPPluginJar : add cryp
2025-06-04 11:51:04,270 [INFO] IPUIPlugin:80 - create IPUIPlugin
2025-06-04 11:51:04,270 [INFO] PluginManager:220 - loadIPPluginJar : add ddr_ctrl_phy
2025-06-04 11:51:04,304 [INFO] IPUIPlugin:80 - create IPUIPlugin
2025-06-04 11:51:04,305 [INFO] PluginManager:220 - loadIPPluginJar : add dfsdm
2025-06-04 11:51:04,320 [INFO] IPUIPlugin:80 - create IPUIPlugin
2025-06-04 11:51:04,320 [INFO] PluginManager:220 - loadIPPluginJar : add dma
2025-06-04 11:51:04,368 [INFO] IPUIPlugin:80 - create IPUIPlugin
2025-06-04 11:51:04,368 [INFO] PluginManager:220 - loadIPPluginJar : add dma3
2025-06-04 11:51:04,415 [INFO] IPUIPlugin:80 - create IPUIPlugin
2025-06-04 11:51:04,415 [INFO] PluginManager:220 - loadIPPluginJar : add extmemmanager
2025-06-04 11:51:04,440 [INFO] IPUIPlugin:80 - create IPUIPlugin
2025-06-04 11:51:04,440 [INFO] PluginManager:220 - loadIPPluginJar : add fatfs
2025-06-04 11:51:04,491 [INFO] IPUIPlugin:80 - create IPUIPlugin
2025-06-04 11:51:04,491 [INFO] PluginManager:220 - loadIPPluginJar : add fmc
2025-06-04 11:51:04,509 [INFO] IPUIPlugin:80 - create IPUIPlugin
2025-06-04 11:51:04,509 [INFO] PluginManager:220 - loadIPPluginJar : add freertos
2025-06-04 11:51:04,533 [INFO] IPUIPlugin:80 - create IPUIPlugin
2025-06-04 11:51:04,533 [INFO] PluginManager:220 - loadIPPluginJar : add genericplugin
2025-06-04 11:51:04,626 [INFO] IPUIPlugin:80 - create IPUIPlugin
2025-06-04 11:51:04,626 [INFO] PluginManager:220 - loadIPPluginJar : add gfxmmu
2025-06-04 11:51:04,766 [INFO] IPUIPlugin:80 - create IPUIPlugin
2025-06-04 11:51:04,767 [INFO] PluginManager:220 - loadIPPluginJar : add gic
2025-06-04 11:51:04,781 [INFO] IPUIPlugin:80 - create IPUIPlugin
2025-06-04 11:51:04,781 [INFO] PluginManager:220 - loadIPPluginJar : add gpio
2025-06-04 11:51:04,910 [INFO] IPUIPlugin:80 - create IPUIPlugin
2025-06-04 11:51:04,910 [INFO] PluginManager:220 - loadIPPluginJar : add gtzc
2025-06-04 11:51:04,961 [INFO] IPUIPlugin:80 - create IPUIPlugin
2025-06-04 11:51:04,961 [INFO] PluginManager:220 - loadIPPluginJar : add hash
2025-06-04 11:51:05,051 [INFO] IPUIPlugin:80 - create IPUIPlugin
2025-06-04 11:51:05,051 [INFO] PluginManager:220 - loadIPPluginJar : add i2c
2025-06-04 11:51:05,103 [INFO] IPUIPlugin:80 - create IPUIPlugin
2025-06-04 11:51:05,104 [INFO] PluginManager:220 - loadIPPluginJar : add i2s
2025-06-04 11:51:05,156 [INFO] IPUIPlugin:80 - create IPUIPlugin
2025-06-04 11:51:05,156 [INFO] PluginManager:220 - loadIPPluginJar : add i3c
2025-06-04 11:51:05,289 [INFO] IPUIPlugin:80 - create IPUIPlugin
2025-06-04 11:51:05,289 [INFO] PluginManager:220 - loadIPPluginJar : add ipddr
2025-06-04 11:51:05,409 [INFO] IPUIPlugin:80 - create IPUIPlugin
2025-06-04 11:51:05,409 [INFO] PluginManager:220 - loadIPPluginJar : add linkedlist
2025-06-04 11:51:05,458 [INFO] IPUIPlugin:80 - create IPUIPlugin
2025-06-04 11:51:05,458 [INFO] PluginManager:220 - loadIPPluginJar : add lorawan
2025-06-04 11:51:05,513 [INFO] IPUIPlugin:80 - create IPUIPlugin
2025-06-04 11:51:05,513 [INFO] PluginManager:220 - loadIPPluginJar : add ltdc
2025-06-04 11:51:05,531 [INFO] IPUIPlugin:80 - create IPUIPlugin
2025-06-04 11:51:05,531 [INFO] PluginManager:220 - loadIPPluginJar : add mdma
2025-06-04 11:51:05,549 [INFO] IPUIPlugin:80 - create IPUIPlugin
2025-06-04 11:51:05,549 [INFO] PluginManager:220 - loadIPPluginJar : add nvic
2025-06-04 11:51:05,605 [INFO] IPUIPlugin:80 - create IPUIPlugin
2025-06-04 11:51:05,606 [INFO] PluginManager:220 - loadIPPluginJar : add opamp
2025-06-04 11:51:05,693 [INFO] IPUIPlugin:80 - create IPUIPlugin
2025-06-04 11:51:05,693 [INFO] PluginManager:220 - loadIPPluginJar : add openamp
2025-06-04 11:51:05,765 [INFO] IPUIPlugin:80 - create IPUIPlugin
2025-06-04 11:51:05,765 [INFO] PluginManager:220 - loadIPPluginJar : add pdm2pcm
2025-06-04 11:51:05,783 [INFO] IPUIPlugin:80 - create IPUIPlugin
2025-06-04 11:51:05,786 [INFO] PluginManager:220 - loadIPPluginJar : add plateformsettings
2025-06-04 11:51:05,822 [INFO] IPUIPlugin:80 - create IPUIPlugin
2025-06-04 11:51:05,822 [INFO] PluginManager:220 - loadIPPluginJar : add quadspi
2025-06-04 11:51:05,863 [INFO] IPUIPlugin:80 - create IPUIPlugin
2025-06-04 11:51:05,863 [INFO] PluginManager:220 - loadIPPluginJar : add radio
2025-06-04 11:51:05,879 [INFO] IPUIPlugin:80 - create IPUIPlugin
2025-06-04 11:51:05,879 [INFO] PluginManager:220 - loadIPPluginJar : add resmgrutility
2025-06-04 11:51:05,952 [INFO] IPUIPlugin:80 - create IPUIPlugin
2025-06-04 11:51:05,952 [INFO] PluginManager:220 - loadIPPluginJar : add sai
2025-06-04 11:51:06,016 [INFO] IPUIPlugin:80 - create IPUIPlugin
2025-06-04 11:51:06,017 [INFO] PluginManager:220 - loadIPPluginJar : add spi
2025-06-04 11:51:06,096 [INFO] IPUIPlugin:80 - create IPUIPlugin
2025-06-04 11:51:06,096 [INFO] PluginManager:220 - loadIPPluginJar : add stm32_wpan
2025-06-04 11:51:06,123 [INFO] IPUIPlugin:80 - create IPUIPlugin
2025-06-04 11:51:06,124 [INFO] PluginManager:220 - loadIPPluginJar : add tim
2025-06-04 11:51:06,192 [INFO] IPUIPlugin:80 - create IPUIPlugin
2025-06-04 11:51:06,193 [INFO] PluginManager:220 - loadIPPluginJar : add touchsensing
2025-06-04 11:51:06,218 [INFO] IPUIPlugin:80 - create IPUIPlugin
2025-06-04 11:51:06,218 [INFO] PluginManager:220 - loadIPPluginJar : add tracer_emb
2025-06-04 11:51:06,248 [INFO] IPUIPlugin:80 - create IPUIPlugin
2025-06-04 11:51:06,248 [INFO] PluginManager:220 - loadIPPluginJar : add ts
2025-06-04 11:51:06,279 [INFO] IPUIPlugin:80 - create IPUIPlugin
2025-06-04 11:51:06,279 [INFO] PluginManager:220 - loadIPPluginJar : add tsc
2025-06-04 11:51:06,311 [INFO] IPUIPlugin:80 - create IPUIPlugin
2025-06-04 11:51:06,311 [INFO] PluginManager:220 - loadIPPluginJar : add ucpd
2025-06-04 11:51:06,378 [INFO] IPUIPlugin:80 - create IPUIPlugin
2025-06-04 11:51:06,378 [INFO] PluginManager:220 - loadIPPluginJar : add usart
2025-06-04 11:51:06,442 [INFO] IPUIPlugin:80 - create IPUIPlugin
2025-06-04 11:51:06,442 [INFO] PluginManager:220 - loadIPPluginJar : add usbx
2025-06-04 11:51:06,514 [INFO] ThirdPartyUpdaterWithRetryManager:70 - Updater plugin not ready yet. [2/15]
2025-06-04 11:51:06,579 [INFO] CADModel:165 - CPN selected for project level
2025-06-04 11:51:06,579 [INFO] CADModel:114 - Register for checkConnection events
2025-06-04 11:51:06,579 [FATAL] Updater:334 - Updater called before beeing initialized
2025-06-04 11:51:06,579 [ERROR] CADModel:125 - Updater not yet initialized, retry later 
2025-06-04 11:51:06,740 [INFO] CADModel:165 - CPN selected for project level
2025-06-04 11:51:06,740 [INFO] CADModel:114 - Register for checkConnection events
2025-06-04 11:51:06,740 [FATAL] Updater:334 - Updater called before beeing initialized
2025-06-04 11:51:06,740 [ERROR] CADModel:125 - Updater not yet initialized, retry later 
2025-06-04 11:51:06,744 [FATAL] Updater:334 - Updater called before beeing initialized
2025-06-04 11:51:06,859 [FATAL] Updater:334 - Updater called before beeing initialized
2025-06-04 11:51:06,870 [INFO] DbMcusAds:53 - JSON generation date=Wed May 07 16:07:55 ICT 2025 (1746608875484)
2025-06-04 11:51:06,870 [FATAL] Updater:334 - Updater called before beeing initialized
2025-06-04 11:51:06,923 [WARN] DetailPanel:346 - Failed to get advertising image, set to default
2025-06-04 11:51:07,034 [FATAL] Updater:334 - Updater called before beeing initialized
2025-06-04 11:51:07,035 [FATAL] Updater:334 - Updater called before beeing initialized
2025-06-04 11:51:07,036 [FATAL] Updater:334 - Updater called before beeing initialized
2025-06-04 11:51:07,036 [WARN] DetailPanel:346 - Failed to get advertising image, set to default
2025-06-04 11:51:07,036 [FATAL] Updater:334 - Updater called before beeing initialized
2025-06-04 11:51:07,114 [ERROR] Updater:1164 - MainUpdater not yet initialized. External WinMGr cannot be set.
2025-06-04 11:51:07,132 [INFO] Updater:1100 - Updater Version found : 6.12.1
2025-06-04 11:51:07,157 [INFO] ApplicationProperties:184 - Using Application install path: C:\ST\STM32CubeIDE_1.16.1\STM32CubeIDE\plugins\com.st.stm32cube.common.mx_6.12.1.202409122256
2025-06-04 11:51:08,788 [ERROR] LogOutputStream:75 - [STDERR_REDIRECT] Jun 04, 2025 11:51:08 AM java.util.prefs.WindowsPreferences <init>
2025-06-04 11:51:08,790 [ERROR] LogOutputStream:75 - [STDERR_REDIRECT] WARNING: Could not open/create prefs root node Software\JavaSoft\Prefs at root 0xffffffff80000002. Windows RegCreateKeyEx(...) returned error code 5.
2025-06-04 11:51:08,790 [ERROR] LogOutputStream:75 - [STDERR_REDIRECT] 
2025-06-04 11:51:09,364 [INFO] MainUpdater:2873 - connection check result : 10
2025-06-04 11:51:09,365 [INFO] MainUpdater:290 - Updater Check For Update Now.
2025-06-04 11:51:09,365 [INFO] MicroXplorer:498 - Change Database Version : DB.6.0.121
2025-06-04 11:51:09,389 [INFO] McuFinderGlobals:63 - Set McuFinder mode to 2 (CubeIDE integrated)
2025-06-04 11:51:09,397 [INFO] UserAuth:417 - Internet connection configuration mode: 1
2025-06-04 11:51:09,430 [INFO] JxBrowserEngine:152 - Initiate JxBrowser Engine with user profile folder
2025-06-04 11:51:09,518 [WARN] MainUpdater:1194 - Updater busy. Cannot search thirdparties
2025-06-04 11:51:09,518 [INFO] ThirdPartyUpdaterWithRetryManager:96 - Updater plugin is busy. [1/15]
2025-06-04 11:51:09,614 [INFO] CheckServerUpdateThread:120 - End of CheckServer Thread
2025-06-04 11:51:12,813 [INFO] WebApp:167 - Instantiating new browser for Auth
2025-06-04 11:51:13,179 [WARN] PackLoader:240 - Cannot read IP mode file for STMicroelectronics.FP-SNS-MOTENVWB1.1.4.0
2025-06-04 11:51:13,202 [WARN] PackLoader:240 - Cannot read IP mode file for STMicroelectronics.FP-ATR-ASTRA1.2.0.2
2025-06-04 11:51:13,234 [WARN] PackLoader:240 - Cannot read IP mode file for STMicroelectronics.FP-ATR-ASTRA1.2.0.1
2025-06-04 11:51:13,275 [WARN] PackLoader:240 - Cannot read IP mode file for STMicroelectronics.X-CUBE-SMBUS.2.1.0
2025-06-04 11:51:13,315 [WARN] PackLoader:240 - Cannot read IP mode file for STMicroelectronics.X-CUBE-WB05N.1.1.0
2025-06-04 11:51:13,339 [ERROR] Engine:466 - C:\Users\tranc\.stm32cubemx\thirdparties\pdsc\STMicroelectronics.X-CUBE-ST60.1.0.0.pdsc: PDSC version is not supported
2025-06-04 11:51:13,396 [WARN] PackLoader:240 - Cannot read IP mode file for STMicroelectronics.X-CUBE-AZRTOS-F7.1.1.0
2025-06-04 11:51:13,498 [WARN] PackLoader:240 - Cannot read IP mode file for STMicroelectronics.X-CUBE-MEMS1.11.0.0
2025-06-04 11:51:13,746 [WARN] PackLoader:240 - Cannot read IP mode file for STMicroelectronics.FP-SNS-FLIGHT1.5.0.2
2025-06-04 11:51:13,770 [WARN] PackLoader:240 - Cannot read IP mode file for STMicroelectronics.X-CUBE-DISPLAY.3.0.0
2025-06-04 11:51:13,793 [WARN] PackLoader:240 - Cannot read IP mode file for STMicroelectronics.X-CUBE-BLE1.7.0.0
2025-06-04 11:51:13,821 [WARN] PackLoader:240 - Cannot read IP mode file for STMicroelectronics.X-CUBE-NFC10.1.0.0
2025-06-04 11:51:13,858 [WARN] PackLoader:240 - Cannot read IP mode file for STMicroelectronics.X-CUBE-BLEMGR.4.0.0
2025-06-04 11:51:13,894 [WARN] PackLoader:240 - Cannot read IP mode file for emotas.I-CUBE-CANOPEN.1.3.0
2025-06-04 11:51:13,935 [WARN] PackLoader:240 - Cannot read IP mode file for STMicroelectronics.X-CUBE-BLEMGR.3.1.0
2025-06-04 11:51:13,963 [WARN] PackLoader:240 - Cannot read IP mode file for STMicroelectronics.X-CUBE-AI.10.0.0
2025-06-04 11:51:13,992 [WARN] PackLoader:240 - Cannot read IP mode file for STMicroelectronics.FP-SNS-SMARTAG2.1.2.0
2025-06-04 11:51:14,023 [ERROR] Engine:466 - C:\Users\tranc\.stm32cubemx\thirdparties\pdsc\STMicroelectronics.FP-SNS-FLIGHT1.5.1.0.pdsc: PDSC version is not supported
2025-06-04 11:51:14,058 [INFO] WebApp:448 - Apply proxy settings
2025-06-04 11:51:14,058 [INFO] WebApp:533 - Chromium requires no authentication
2025-06-04 11:51:14,084 [INFO] WebApp:476 - Direct internet connection detected
2025-06-04 11:51:14,159 [INFO] WebApp:869 - Register for checkConnection events
2025-06-04 11:51:14,159 [WARN] PackLoader:240 - Cannot read IP mode file for STMicroelectronics.X-CUBE-MEMS1.11.1.0
2025-06-04 11:51:14,159 [INFO] WebApp:448 - Apply proxy settings
2025-06-04 11:51:14,159 [INFO] WebApp:533 - Chromium requires no authentication
2025-06-04 11:51:14,160 [INFO] WebApp:476 - Direct internet connection detected
2025-06-04 11:51:14,438 [INFO] LogOutputStream:77 - [STDOUT_REDIRECT] 1 : Invalid condition id : UX_CORESTACK_Condition cause : null
2025-06-04 11:51:14,438 [INFO] LogOutputStream:77 - [STDOUT_REDIRECT] 1 : Invalid condition id : UX_CORESTACK_Condition cause : null
2025-06-04 11:51:14,440 [INFO] LogOutputStream:77 - [STDOUT_REDIRECT] 1 : Invalid condition id : UX_CORESTACK_Condition cause : null
2025-06-04 11:51:14,442 [INFO] LogOutputStream:77 - [STDOUT_REDIRECT] 1 : Invalid condition id : UX_CORESTACK_Condition cause : null
2025-06-04 11:51:14,443 [INFO] LogOutputStream:77 - [STDOUT_REDIRECT] 1 : Invalid condition id : UX_CORESTACK_Condition cause : null
2025-06-04 11:51:14,445 [WARN] PackLoader:240 - Cannot read IP mode file for STMicroelectronics.X-CUBE-AZRTOS-WL.2.0.0
2025-06-04 11:51:14,467 [WARN] PackLoader:240 - Cannot read IP mode file for STMicroelectronics.FP-SNS-MOTENV1.5.0.0
2025-06-04 11:51:14,488 [WARN] PackLoader:240 - Cannot read IP mode file for wolfSSL.I-CUBE-wolfMQTT.1.19.0
2025-06-04 11:51:14,508 [INFO] WebApp:220 - Starting web application
2025-06-04 11:51:14,508 [INFO] WebApp:578 - Web application path used C:\ST\STM32CubeIDE_1.16.1\STM32CubeIDE\plugins\com.st.stm32cube.common.mx_6.12.1.202409122256\db\plugins\mcufinder\reactClient1\index.html
2025-06-04 11:51:14,512 [WARN] PackLoader:240 - Cannot read IP mode file for WES.I-CUBE-Cesium.1.3.0
2025-06-04 11:51:14,545 [WARN] PackLoader:240 - Cannot read IP mode file for STMicroelectronics.X-CUBE-BLE2.3.3.0
2025-06-04 11:51:14,560 [INFO] WebApp:186 - Connection restablished
2025-06-04 11:51:14,574 [WARN] PackLoader:240 - Cannot read IP mode file for STMicroelectronics.X-CUBE-NFC9.1.0.0
2025-06-04 11:51:14,600 [WARN] PackLoader:240 - Cannot read IP mode file for STMicroelectronics.X-CUBE-BLE1.7.1.0
2025-06-04 11:51:14,628 [WARN] PackLoader:240 - Cannot read IP mode file for STMicroelectronics.X-CUBE-TCPP.4.1.0
2025-06-04 11:51:14,664 [WARN] PackLoader:240 - Cannot read IP mode file for STMicroelectronics.X-CUBE-AI.10.1.0
2025-06-04 11:51:14,754 [WARN] PackLoader:240 - Cannot read IP mode file for STMicroelectronics.X-CUBE-MEMS1.11.2.0
2025-06-04 11:51:14,790 [INFO] UserAuth:417 - Internet connection configuration mode: 1
2025-06-04 11:51:14,979 [WARN] PackLoader:240 - Cannot read IP mode file for STMicroelectronics.X-CUBE-AZRTOS-G0.1.1.0
2025-06-04 11:51:15,013 [WARN] PackLoader:240 - Cannot read IP mode file for STMicroelectronics.X-CUBE-SAFEA1.1.2.2
2025-06-04 11:51:15,042 [WARN] PackLoader:240 - Cannot read IP mode file for STMicroelectronics.X-CUBE-NFC4.3.0.0
2025-06-04 11:51:15,078 [WARN] PackLoader:240 - Cannot read IP mode file for EmbeddedOffice.I-CUBE-FS-RTOS.1.0.1
2025-06-04 11:51:15,078 [ERROR] ConditionMgr:805 - Attr not supported : Dmpu
2025-06-04 11:51:15,078 [ERROR] ConditionMgr:805 - Attr not supported : Dmpu
2025-06-04 11:51:15,079 [ERROR] ConditionMgr:805 - Attr not supported : Dmpu
2025-06-04 11:51:15,079 [ERROR] ConditionMgr:805 - Attr not supported : Dmpu
2025-06-04 11:51:15,079 [ERROR] ConditionMgr:805 - Attr not supported : Dmpu
2025-06-04 11:51:15,079 [ERROR] ConditionMgr:805 - Attr not supported : Dmpu
2025-06-04 11:51:15,079 [ERROR] ConditionMgr:805 - Attr not supported : Dmpu
2025-06-04 11:51:15,079 [ERROR] ConditionMgr:805 - Attr not supported : Dmpu
2025-06-04 11:51:15,079 [ERROR] ConditionMgr:805 - Attr not supported : Dmpu
2025-06-04 11:51:15,079 [ERROR] ConditionMgr:805 - Attr not supported : Dmpu
2025-06-04 11:51:15,079 [ERROR] ConditionMgr:805 - Attr not supported : Dmpu
2025-06-04 11:51:15,079 [ERROR] ConditionMgr:805 - Attr not supported : Dmpu
2025-06-04 11:51:15,080 [ERROR] ConditionMgr:805 - Attr not supported : Dmpu
2025-06-04 11:51:15,080 [ERROR] ConditionMgr:805 - Attr not supported : Dmpu
2025-06-04 11:51:15,080 [ERROR] ConditionMgr:805 - Attr not supported : Dmpu
2025-06-04 11:51:15,080 [ERROR] ConditionMgr:805 - Attr not supported : Dmpu
2025-06-04 11:51:15,080 [ERROR] ConditionMgr:805 - Attr not supported : Dmpu
2025-06-04 11:51:15,080 [ERROR] ConditionMgr:805 - Attr not supported : Dmpu
2025-06-04 11:51:15,080 [ERROR] ConditionMgr:805 - Attr not supported : Dmpu
2025-06-04 11:51:15,080 [ERROR] ConditionMgr:805 - Attr not supported : Dmpu
2025-06-04 11:51:15,080 [ERROR] ConditionMgr:805 - Attr not supported : Dmpu
2025-06-04 11:51:15,080 [ERROR] ConditionMgr:805 - Attr not supported : Dmpu
2025-06-04 11:51:15,080 [ERROR] ConditionMgr:805 - Attr not supported : Dmpu
2025-06-04 11:51:15,080 [ERROR] ConditionMgr:805 - Attr not supported : Dmpu
2025-06-04 11:51:15,080 [ERROR] ConditionMgr:805 - Attr not supported : Dmpu
2025-06-04 11:51:15,080 [ERROR] ConditionMgr:805 - Attr not supported : Dmpu
2025-06-04 11:51:15,080 [ERROR] ConditionMgr:805 - Attr not supported : Dmpu
2025-06-04 11:51:15,080 [ERROR] ConditionMgr:805 - Attr not supported : Dmpu
2025-06-04 11:51:15,081 [ERROR] ConditionMgr:805 - Attr not supported : Dmpu
2025-06-04 11:51:15,081 [ERROR] ConditionMgr:805 - Attr not supported : Dmpu
2025-06-04 11:51:15,081 [ERROR] ConditionMgr:805 - Attr not supported : Dmpu
2025-06-04 11:51:15,081 [ERROR] ConditionMgr:805 - Attr not supported : Dmpu
2025-06-04 11:51:15,081 [ERROR] ConditionMgr:805 - Attr not supported : Dmpu
2025-06-04 11:51:15,081 [ERROR] ConditionMgr:805 - Attr not supported : Dmpu
2025-06-04 11:51:15,081 [ERROR] ConditionMgr:805 - Attr not supported : Dmpu
2025-06-04 11:51:15,081 [ERROR] ConditionMgr:805 - Attr not supported : Dmpu
2025-06-04 11:51:15,081 [ERROR] ConditionMgr:805 - Attr not supported : Dmpu
2025-06-04 11:51:15,081 [ERROR] ConditionMgr:805 - Attr not supported : Dmpu
2025-06-04 11:51:15,082 [ERROR] ConditionMgr:805 - Attr not supported : Dmpu
2025-06-04 11:51:15,082 [ERROR] ConditionMgr:805 - Attr not supported : Dmpu
2025-06-04 11:51:15,082 [ERROR] ConditionMgr:805 - Attr not supported : Dmpu
2025-06-04 11:51:15,082 [ERROR] ConditionMgr:805 - Attr not supported : Dmpu
2025-06-04 11:51:15,082 [ERROR] ConditionMgr:805 - Attr not supported : Dmpu
2025-06-04 11:51:15,082 [ERROR] ConditionMgr:805 - Attr not supported : Dmpu
2025-06-04 11:51:15,082 [ERROR] ConditionMgr:805 - Attr not supported : Dmpu
2025-06-04 11:51:15,082 [ERROR] ConditionMgr:805 - Attr not supported : Dmpu
2025-06-04 11:51:15,082 [ERROR] ConditionMgr:805 - Attr not supported : Dmpu
2025-06-04 11:51:15,082 [ERROR] ConditionMgr:805 - Attr not supported : Dmpu
2025-06-04 11:51:15,082 [ERROR] ConditionMgr:805 - Attr not supported : Dmpu
2025-06-04 11:51:15,082 [ERROR] ConditionMgr:805 - Attr not supported : Dmpu
2025-06-04 11:51:15,082 [ERROR] ConditionMgr:805 - Attr not supported : Dmpu
2025-06-04 11:51:15,082 [ERROR] ConditionMgr:805 - Attr not supported : Dmpu
2025-06-04 11:51:15,084 [ERROR] ConditionMgr:805 - Attr not supported : Dmpu
2025-06-04 11:51:15,084 [ERROR] ConditionMgr:805 - Attr not supported : Dmpu
2025-06-04 11:51:15,084 [ERROR] ConditionMgr:805 - Attr not supported : Dmpu
2025-06-04 11:51:15,084 [ERROR] ConditionMgr:805 - Attr not supported : Dmpu
2025-06-04 11:51:15,084 [ERROR] ConditionMgr:805 - Attr not supported : Dmpu
2025-06-04 11:51:15,084 [ERROR] ConditionMgr:805 - Attr not supported : Dmpu
2025-06-04 11:51:15,084 [ERROR] ConditionMgr:805 - Attr not supported : Dmpu
2025-06-04 11:51:15,084 [ERROR] ConditionMgr:805 - Attr not supported : Dmpu
2025-06-04 11:51:15,084 [ERROR] ConditionMgr:805 - Attr not supported : Dmpu
2025-06-04 11:51:15,084 [ERROR] ConditionMgr:805 - Attr not supported : Dmpu
2025-06-04 11:51:15,084 [ERROR] ConditionMgr:805 - Attr not supported : Dmpu
2025-06-04 11:51:15,084 [ERROR] ConditionMgr:805 - Attr not supported : Dmpu
2025-06-04 11:51:15,111 [WARN] PackLoader:240 - Cannot read IP mode file for STMicroelectronics.X-CUBE-WB05N.2.0.0
2025-06-04 11:51:15,131 [ERROR] Engine:466 - C:\Users\tranc\.stm32cubemx\thirdparties\pdsc\STMicroelectronics.X-CUBE-TCPP.4.2.0.pdsc: PDSC version is not supported
2025-06-04 11:51:15,156 [WARN] PackLoader:240 - Cannot read IP mode file for RealThread.X-CUBE-RT-Thread_Nano.4.1.1
2025-06-04 11:51:15,184 [WARN] PackLoader:240 - Cannot read IP mode file for STMicroelectronics.FP-ATR-SIGFOX1.3.2.0
2025-06-04 11:51:15,213 [WARN] ConditionMgr:438 - getConditionDescription Invalid condition id : Cortex-A Device cause : null
2025-06-04 11:51:15,256 [WARN] ConditionMgr:1039 - genDependencies : Invalid condition id : Cortex-A Device cause : null
2025-06-04 11:51:15,256 [WARN] ConditionMgr:1039 - genDependencies : Invalid condition id : Cortex-A Device cause : null
2025-06-04 11:51:15,256 [WARN] ConditionMgr:1039 - genDependencies : Invalid condition id : Cortex-A Device cause : null
2025-06-04 11:51:15,281 [WARN] PackLoader:240 - Cannot read IP mode file for STMicroelectronics.X-CUBE-EEPRMA1.5.1.0
2025-06-04 11:51:15,312 [WARN] PackLoader:240 - Cannot read IP mode file for wolfSSL.I-CUBE-wolfSSL.5.7.4
2025-06-04 11:51:15,361 [WARN] PackLoader:240 - Cannot read IP mode file for ITTIA_DB.I-CUBE-ITTIADB.8.9.0
2025-06-04 11:51:15,429 [WARN] PackLoader:240 - Cannot read IP mode file for SEGGER.I-CUBE-embOS.1.3.1
2025-06-04 11:51:15,519 [WARN] PackLoader:240 - Cannot read IP mode file for STMicroelectronics.X-CUBE-ALGOBUILD.1.4.0
2025-06-04 11:51:15,542 [WARN] PackLoader:240 - Cannot read IP mode file for STMicroelectronics.X-CUBE-AI.9.1.0
2025-06-04 11:51:15,583 [WARN] PackLoader:240 - Cannot read IP mode file for STMicroelectronics.X-CUBE-AZRTOS-F4.1.1.0
2025-06-04 11:51:15,612 [ERROR] Engine:466 - C:\Users\tranc\.stm32cubemx\thirdparties\pdsc\Avnet-IotConnect.X-CUBE-IoTC-DA16k-PMOD.1.0.0.pdsc: PDSC version is not supported
2025-06-04 11:51:15,636 [WARN] PackLoader:240 - Cannot read IP mode file for STMicroelectronics.X-CUBE-ISPU.2.1.0
2025-06-04 11:51:15,657 [WARN] PackLoader:240 - Cannot read IP mode file for STMicroelectronics.X-CUBE-FREERTOS.1.2.0
2025-06-04 11:51:15,695 [WARN] PackLoader:240 - Cannot read IP mode file for STMicroelectronics.X-CUBE-AZRTOS-L5.2.0.0
2025-06-04 11:51:15,718 [WARN] PackLoader:240 - Cannot read IP mode file for STMicroelectronics.X-CUBE-NFC6.3.1.0
2025-06-04 11:51:15,739 [WARN] PackLoader:240 - Cannot read IP mode file for STMicroelectronics.X-CUBE-DPower.1.2.0
2025-06-04 11:51:15,756 [WARN] PackLoader:240 - Cannot read IP mode file for STMicroelectronics.X-CUBE-FREERTOS.1.3.1
2025-06-04 11:51:15,779 [WARN] PackLoader:240 - Cannot read IP mode file for STMicroelectronics.X-CUBE-FREERTOS.1.3.0
2025-06-04 11:51:15,797 [WARN] PackLoader:240 - Cannot read IP mode file for STMicroelectronics.X-CUBE-NFC7.1.0.1
2025-06-04 11:51:15,813 [WARN] PackLoader:240 - Cannot read IP mode file for STMicroelectronics.X-CUBE-DPower.1.3.0
2025-06-04 11:51:15,853 [WARN] ConditionMgr:438 - getConditionDescription Invalid condition id : LAN8742 Phy interface Condition cause : null
2025-06-04 11:51:15,854 [WARN] PackLoader:240 - Cannot read IP mode file for STMicroelectronics.X-CUBE-AZRTOS-L4.2.0.0
2025-06-04 11:51:15,855 [WARN] ConditionMgr:1039 - genDependencies : Invalid condition id : LAN8742 Phy interface Condition cause : null
2025-06-04 11:51:15,856 [WARN] ConditionMgr:1039 - genDependencies : Invalid condition id : LAN8742 Phy interface Condition cause : null
2025-06-04 11:51:15,856 [WARN] ConditionMgr:1039 - genDependencies : Invalid condition id : LAN8742 Phy interface Condition cause : null
2025-06-04 11:51:15,880 [WARN] PackLoader:240 - Cannot read IP mode file for STMicroelectronics.X-CUBE-SFXS2LP1.4.0.0
2025-06-04 11:51:15,917 [WARN] PackLoader:240 - Cannot read IP mode file for STMicroelectronics.X-CUBE-AZRTOS-H7.3.3.0
2025-06-04 11:51:15,948 [WARN] PackLoader:240 - Cannot read IP mode file for STMicroelectronics.X-CUBE-IPS.3.0.0
2025-06-04 11:51:15,980 [WARN] ConditionMgr:438 - getConditionDescription Invalid condition id : UX DEVICE CLASS RTOS Condition cause : null
2025-06-04 11:51:15,980 [WARN] ConditionMgr:438 - getConditionDescription Invalid condition id : UX DEVICE CLASS RTOS Condition cause : null
2025-06-04 11:51:15,982 [WARN] PackLoader:240 - Cannot read IP mode file for STMicroelectronics.X-CUBE-AZRTOS-WB.2.0.0
2025-06-04 11:51:15,983 [WARN] ConditionMgr:1039 - genDependencies : Invalid condition id : UX DEVICE CLASS RTOS Condition cause : null
2025-06-04 11:51:15,983 [WARN] ConditionMgr:1039 - genDependencies : Invalid condition id : UX DEVICE CLASS RTOS Condition cause : null
2025-06-04 11:51:15,984 [WARN] ConditionMgr:1039 - genDependencies : Invalid condition id : UX DEVICE CLASS RTOS Condition cause : null
2025-06-04 11:51:15,984 [WARN] ConditionMgr:1039 - genDependencies : Invalid condition id : UX DEVICE CLASS RTOS Condition cause : null
2025-06-04 11:51:15,984 [WARN] ConditionMgr:1039 - genDependencies : Invalid condition id : UX DEVICE CLASS RTOS Condition cause : null
2025-06-04 11:51:16,001 [WARN] PackLoader:240 - Cannot read IP mode file for STMicroelectronics.X-CUBE-GNSS1.7.0.0
2025-06-04 11:51:16,021 [WARN] PackLoader:240 - Cannot read IP mode file for STMicroelectronics.X-CUBE-GNSS1.7.0.1
2025-06-04 11:51:16,040 [WARN] PackLoader:240 - Cannot read IP mode file for STMicroelectronics.X-CUBE-TOUCHGFX.4.25.0
2025-06-04 11:51:16,059 [WARN] PackLoader:240 - Cannot read IP mode file for STMicroelectronics.FP-SNS-STBOX1.2.0.0
2025-06-04 11:51:16,085 [WARN] PackLoader:240 - Cannot read IP mode file for STMicroelectronics.X-CUBE-SUBG2.5.0.0
2025-06-04 11:51:16,130 [WARN] PackLoader:240 - Cannot read IP mode file for STMicroelectronics.X-CUBE-AZRTOS-H7RS.1.1.0
2025-06-04 11:51:16,153 [WARN] PackLoader:240 - Cannot read IP mode file for Cesanta.I-CUBE-Mongoose.7.13.0
2025-06-04 11:51:16,189 [WARN] PackLoader:240 - Cannot read IP mode file for STMicroelectronics.X-CUBE-AZRTOS-G4.2.0.0
2025-06-04 11:51:16,205 [WARN] PackLoader:240 - Cannot read IP mode file for STMicroelectronics.X-CUBE-NFC7.2.0.0
2025-06-04 11:51:16,223 [ERROR] Engine:466 - C:\Users\tranc\.stm32cubemx\thirdparties\pdsc\STMicroelectronics.X-CUBE-IPS.3.1.0.pdsc: PDSC version is not supported
2025-06-04 11:51:16,240 [WARN] PackLoader:240 - Cannot read IP mode file for STMicroelectronics.X-CUBE-ALS.1.0.2
2025-06-04 11:51:16,256 [WARN] PackLoader:240 - Cannot read IP mode file for STMicroelectronics.X-CUBE-TOUCHGFX.4.24.2
2025-06-04 11:51:16,271 [WARN] PackLoader:240 - Cannot read IP mode file for STMicroelectronics.X-CUBE-TOUCHGFX.4.24.1
2025-06-04 11:51:16,287 [WARN] PackLoader:240 - Cannot read IP mode file for wolfSSL.I-CUBE-wolfTPM.3.4.0
2025-06-04 11:51:16,310 [WARN] PackLoader:240 - Cannot read IP mode file for portGmbH.I-Cube-SoM-uGOAL.1.1.0
2025-06-04 11:51:16,350 [WARN] PackLoader:240 - Cannot read IP mode file for STMicroelectronics.X-CUBE-AZRTOS-H7RS.1.0.0
2025-06-04 11:51:16,393 [WARN] PackLoader:240 - Cannot read IP mode file for STMicroelectronics.X-CUBE-TOF1.3.4.2
2025-06-04 11:51:16,426 [ERROR] Engine:466 - C:\Users\tranc\.stm32cubemx\thirdparties\pdsc\STMicroelectronics.X-CUBE-TOF1.3.4.3.pdsc: PDSC version is not supported
2025-06-04 11:51:16,475 [WARN] PackLoader:240 - Cannot read IP mode file for Infineon.AIROC-Wi-Fi-Bluetooth-STM32.1.6.1
2025-06-04 11:51:16,563 [WARN] PackLoader:240 - Cannot read IP mode file for wolfSSL.I-CUBE-wolfSSH.1.4.17
2025-06-04 11:51:16,564 [INFO] ThirdParty:978 - Integrity check success = true
2025-06-04 11:51:16,564 [INFO] IntegrityCheckThread:100 - exiting critical section [integrity check]
2025-06-04 11:51:16,564 [INFO] IntegrityCheckThread:103 - End integrity checks thread
2025-06-04 12:06:34,483 [INFO] WebApp:189 - Connection lost
2025-06-04 12:06:36,003 [INFO] WebApp:186 - Connection restablished
2025-06-04 13:04:41,196 [INFO] WebApp:189 - Connection lost
2025-06-04 13:04:41,361 [INFO] WebApp:186 - Connection restablished
2025-06-04 13:30:46,893 [ERROR] LogOutputStream:75 - [STDERR_REDIRECT] 
