2025-06-07 21:35:17,551 [INFO] Activator:176 - 


2025-06-07 21:35:17,557 [INFO] Activator:177 - !SESSION log4j initialized
2025-06-07 21:35:24,795 [INFO] LogOutputStream:77 - [STDOUT_REDIRECT] 
2025-06-07 21:35:25,939 [INFO] ApplicationProperties:184 - Using Application install path: C:\ST\STM32CubeIDE_1.16.1\STM32CubeIDE\plugins\com.st.stm32cube.common.mx_6.12.1.202409122256
2025-06-07 21:35:25,955 [INFO] DbMcusXml:78 - Set database path to: C:\ST\STM32CubeIDE_1.16.1\STM32CubeIDE\plugins\com.st.stm32cube.common.mx_6.12.1.202409122256\\db\/mcu/
2025-06-07 21:35:25,956 [INFO] ApiDb:274 - Set plugin database path to: C:\ST\STM32CubeIDE_1.16.1\STM32CubeIDE\plugins\com.st.stm32cube.common.mx_6.12.1.202409122256\\db\/plugins/boardmanager/
2025-06-07 21:35:25,959 [WARN] ApiDb:259 - Overriding images path with different value:  => C:\ST\STM32CubeIDE_1.16.1\STM32CubeIDE\plugins\com.st.stm32cube.common.mx_6.12.1.202409122256\\db\/plugins/mcufinder/images/
2025-06-07 21:35:25,978 [INFO] ApiDb:250 - Set database path to: C:\Users\tranc\.stmcufinder\plugins\mcufinder//mcu/
2025-06-07 21:35:25,980 [INFO] DbMcusAds:125 - Set database path to: C:\Users\tranc\.stmcufinder\plugins\mcufinder//mcu/
2025-06-07 21:35:25,983 [INFO] CrossReferenceDbSqlite:203 - Set database path to: C:\Users\tranc\.stmcufinder\plugins\mcufinder//mcu/cs/
2025-06-07 21:35:26,121 [INFO] RulesReader:64 - Compatibility file has been processed (297 Rules)
2025-06-07 21:35:26,223 [INFO] DbMcusXml:78 - Set database path to: C:\ST\STM32CubeIDE_1.16.1\STM32CubeIDE\plugins\com.st.stm32cube.common.mx_6.12.1.202409122256\\db\/mcu/
2025-06-07 21:35:26,223 [INFO] ApiDb:274 - Set plugin database path to: C:\ST\STM32CubeIDE_1.16.1\STM32CubeIDE\plugins\com.st.stm32cube.common.mx_6.12.1.202409122256\\db\/plugins/boardmanager/
2025-06-07 21:35:26,223 [INFO] ApiDb:261 - Set plugin images path to: C:\ST\STM32CubeIDE_1.16.1\STM32CubeIDE\plugins\com.st.stm32cube.common.mx_6.12.1.202409122256\\db\/plugins/mcufinder/images/
2025-06-07 21:35:26,223 [WARN] DbFile:41 - Overriding database path with different value: C:\Users\tranc\.stmcufinder\plugins\mcufinder/ => C:\Users\tranc\.stmcufinder\plugins\mcufinder
2025-06-07 21:35:26,223 [INFO] ApiDb:250 - Set database path to: C:\Users\tranc\.stmcufinder\plugins\mcufinder//mcu/
2025-06-07 21:35:26,223 [WARN] DbFile:41 - Overriding database path with different value: C:\Users\tranc\.stmcufinder\plugins\mcufinder/ => C:\Users\tranc\.stmcufinder\plugins\mcufinder
2025-06-07 21:35:26,223 [INFO] DbMcusAds:125 - Set database path to: C:\Users\tranc\.stmcufinder\plugins\mcufinder//mcu/
2025-06-07 21:35:26,223 [WARN] DbFile:41 - Overriding database path with different value: C:\Users\tranc\.stmcufinder\plugins\mcufinder/ => C:\Users\tranc\.stmcufinder\plugins\mcufinder
2025-06-07 21:35:26,224 [WARN] DbFile:41 - Overriding database path with different value: C:\Users\tranc\.stmcufinder\plugins\mcufinder/ => C:\Users\tranc\.stmcufinder\plugins\mcufinder
2025-06-07 21:35:26,224 [INFO] CrossReferenceDbSqlite:203 - Set database path to: C:\Users\tranc\.stmcufinder\plugins\mcufinder//mcu/cs/
2025-06-07 21:35:26,325 [INFO] MainPanel:268 - HeapMemory: 268435456
2025-06-07 21:35:26,455 [INFO] DbMcusXml:78 - Set database path to: C:\ST\STM32CubeIDE_1.16.1\STM32CubeIDE\plugins\com.st.stm32cube.common.mx_6.12.1.202409122256\\db\/mcu/
2025-06-07 21:35:26,456 [INFO] ApiDb:274 - Set plugin database path to: C:\ST\STM32CubeIDE_1.16.1\STM32CubeIDE\plugins\com.st.stm32cube.common.mx_6.12.1.202409122256\\db\/plugins/boardmanager/
2025-06-07 21:35:26,456 [INFO] ApiDb:261 - Set plugin images path to: C:\ST\STM32CubeIDE_1.16.1\STM32CubeIDE\plugins\com.st.stm32cube.common.mx_6.12.1.202409122256\\db\/plugins/mcufinder/images/
2025-06-07 21:35:26,456 [WARN] DbFile:41 - Overriding database path with different value: C:\Users\tranc\.stmcufinder\plugins\mcufinder/ => C:\Users\tranc\.stmcufinder\plugins\mcufinder
2025-06-07 21:35:26,456 [INFO] ApiDb:250 - Set database path to: C:\Users\tranc\.stmcufinder\plugins\mcufinder//mcu/
2025-06-07 21:35:26,457 [WARN] DbFile:41 - Overriding database path with different value: C:\Users\tranc\.stmcufinder\plugins\mcufinder/ => C:\Users\tranc\.stmcufinder\plugins\mcufinder
2025-06-07 21:35:26,457 [INFO] DbMcusAds:125 - Set database path to: C:\Users\tranc\.stmcufinder\plugins\mcufinder//mcu/
2025-06-07 21:35:26,457 [WARN] DbFile:41 - Overriding database path with different value: C:\Users\tranc\.stmcufinder\plugins\mcufinder/ => C:\Users\tranc\.stmcufinder\plugins\mcufinder
2025-06-07 21:35:26,457 [WARN] DbFile:41 - Overriding database path with different value: C:\Users\tranc\.stmcufinder\plugins\mcufinder/ => C:\Users\tranc\.stmcufinder\plugins\mcufinder
2025-06-07 21:35:26,457 [INFO] CrossReferenceDbSqlite:203 - Set database path to: C:\Users\tranc\.stmcufinder\plugins\mcufinder//mcu/cs/
2025-06-07 21:35:26,481 [INFO] ApplicationProperties:184 - Using Application install path: C:\ST\STM32CubeIDE_1.16.1\STM32CubeIDE\plugins\com.st.stm32cube.common.mx_6.12.1.202409122256
2025-06-07 21:35:26,484 [INFO] PluginManage:196 - Search for loadable plugins [exclusion list=, ]
2025-06-07 21:35:26,486 [INFO] PluginManage:310 - Check plugin analytics
2025-06-07 21:35:26,650 [INFO] AnalyticsPlugin:253 - Accepted Software Licenses: STM32CubeMX.6.12.1
2025-06-07 21:35:26,650 [INFO] AnalyticsPlugin:255 - Accepted CMSIS Pack Licenses: 
2025-06-07 21:35:26,650 [INFO] AnalyticsPlugin:257 - Accepted Firmware Licenses: FW.WL.1.3.0,FW.G4.1.6.0,FW.F4.1.28.0
2025-06-07 21:35:26,653 [INFO] PluginManage:359 - Loaded plugin analytics (category:tool,tabindex:-1)
2025-06-07 21:35:26,654 [INFO] PluginManage:310 - Check plugin cadmodel
2025-06-07 21:35:26,672 [INFO] CADModel:105 - Init CAD model plugin
2025-06-07 21:35:26,672 [INFO] PluginManage:359 - Loaded plugin cadmodel (category:power,tabindex:5)
2025-06-07 21:35:26,672 [INFO] PluginManage:310 - Check plugin clock
2025-06-07 21:35:26,690 [INFO] PluginManage:359 - Loaded plugin clock (category:base,tabindex:2)
2025-06-07 21:35:26,690 [INFO] PluginManage:310 - Check plugin ddr
2025-06-07 21:35:26,693 [INFO] PluginManage:359 - Loaded plugin ddr (category:tool,tabindex:6)
2025-06-07 21:35:26,693 [INFO] PluginManage:310 - Check plugin filemanager
2025-06-07 21:35:26,838 [INFO] PluginManage:359 - Loaded plugin filemanager (category:base,tabindex:10)
2025-06-07 21:35:26,838 [INFO] PluginManage:310 - Check plugin ipmanager
2025-06-07 21:35:26,846 [INFO] PluginManage:359 - Loaded plugin ipmanager (category:base,tabindex:5)
2025-06-07 21:35:26,847 [INFO] PluginManage:310 - Check plugin lpbam
2025-06-07 21:35:26,868 [INFO] PluginManage:359 - Loaded plugin lpbam (category:base,tabindex:0)
2025-06-07 21:35:26,868 [INFO] PluginManage:310 - Check plugin memorymap
2025-06-07 21:35:26,894 [INFO] PluginManage:359 - Loaded plugin memorymap (category:base,tabindex:4)
2025-06-07 21:35:26,894 [INFO] PluginManage:310 - Check plugin pinoutandconfiguration
2025-06-07 21:35:26,912 [INFO] PluginManage:359 - Loaded plugin pinoutandconfiguration (category:base,tabindex:1)
2025-06-07 21:35:26,912 [INFO] PluginManage:310 - Check plugin pinoutconfig
2025-06-07 21:35:27,001 [WARN] SupportedApi:132 - Cannot load RTOS API schema: s4s-elt-must-match.1: The content of 'definitions' must match (annotation?, (simpleType | complexType)?, (unique | key | keyref)*)). A problem was found starting at: attribute.
2025-06-07 21:35:27,135 [INFO] PluginManage:359 - Loaded plugin pinoutconfig (category:base,tabindex:0)
2025-06-07 21:35:27,135 [INFO] PluginManage:310 - Check plugin power
2025-06-07 21:35:27,163 [INFO] PluginManage:359 - Loaded plugin power (category:power,tabindex:4)
2025-06-07 21:35:27,163 [INFO] PluginManage:310 - Check plugin projectmanager
2025-06-07 21:35:27,181 [INFO] PluginManage:359 - Loaded plugin projectmanager (category:projectmanager,tabindex:4)
2025-06-07 21:35:27,182 [INFO] PluginManage:310 - Check plugin rif
2025-06-07 21:35:27,200 [INFO] PluginManage:359 - Loaded plugin rif (category:base,tabindex:3)
2025-06-07 21:35:27,200 [INFO] PluginManage:310 - Check plugin thirdparty
2025-06-07 21:35:27,520 [INFO] PluginManage:359 - Loaded plugin thirdparty (category:base,tabindex:-1)
2025-06-07 21:35:27,520 [WARN] IntegrityCheckThread:84 - waiting for thirdparty lock release [integrity check]
2025-06-07 21:35:27,520 [INFO] PluginManage:310 - Check plugin tools
2025-06-07 21:35:27,520 [INFO] IntegrityCheckThread:86 - entering critical section [integrity check]
2025-06-07 21:35:27,521 [INFO] ThirdPartyUpdaterWithRetryManager:70 - Updater plugin not ready yet. [1/15]
2025-06-07 21:35:27,561 [INFO] PluginManage:359 - Loaded plugin tools (category:base,tabindex:7)
2025-06-07 21:35:27,561 [INFO] PluginManage:310 - Check plugin tutovideos
2025-06-07 21:35:27,757 [INFO] PluginManage:359 - Loaded plugin tutovideos (category:base,tabindex:-1)
2025-06-07 21:35:27,757 [INFO] PluginManage:310 - Check plugin updater
2025-06-07 21:35:27,776 [INFO] PluginManage:359 - Loaded plugin updater (category:base,tabindex:12)
2025-06-07 21:35:27,776 [INFO] PluginManage:310 - Check plugin userauth
2025-06-07 21:35:27,784 [INFO] UserAuth:113 - Init User Auth plugin
2025-06-07 21:35:27,785 [INFO] PluginManage:359 - Loaded plugin userauth (category:base,tabindex:14)
2025-06-07 21:35:27,785 [INFO] PluginManage:283 - PluginManage : Loaded plugins [18]
2025-06-07 21:35:27,995 [INFO] PinOutPanel:1561 - setPackage(No Configuration,No Configuration)
2025-06-07 21:35:28,087 [INFO] CADModel:165 - CPN selected for project level
2025-06-07 21:35:28,087 [INFO] CADModel:114 - Register for checkConnection events
2025-06-07 21:35:28,115 [INFO] IPUIPlugin:80 - create IPUIPlugin
2025-06-07 21:35:28,116 [INFO] PluginManager:220 - loadIPPluginJar : add adc
2025-06-07 21:35:28,184 [INFO] IPUIPlugin:80 - create IPUIPlugin
2025-06-07 21:35:28,184 [INFO] PluginManager:220 - loadIPPluginJar : add aes
2025-06-07 21:35:28,241 [INFO] IPUIPlugin:80 - create IPUIPlugin
2025-06-07 21:35:28,241 [INFO] PluginManager:220 - loadIPPluginJar : add can
2025-06-07 21:35:28,282 [INFO] IPUIPlugin:80 - create IPUIPlugin
2025-06-07 21:35:28,282 [INFO] PluginManager:220 - loadIPPluginJar : add comp
2025-06-07 21:35:28,338 [INFO] IPUIPlugin:80 - create IPUIPlugin
2025-06-07 21:35:28,338 [INFO] PluginManager:220 - loadIPPluginJar : add cryp
2025-06-07 21:35:28,355 [INFO] IPUIPlugin:80 - create IPUIPlugin
2025-06-07 21:35:28,355 [INFO] PluginManager:220 - loadIPPluginJar : add ddr_ctrl_phy
2025-06-07 21:35:28,390 [INFO] IPUIPlugin:80 - create IPUIPlugin
2025-06-07 21:35:28,390 [INFO] PluginManager:220 - loadIPPluginJar : add dfsdm
2025-06-07 21:35:28,405 [INFO] IPUIPlugin:80 - create IPUIPlugin
2025-06-07 21:35:28,405 [INFO] PluginManager:220 - loadIPPluginJar : add dma
2025-06-07 21:35:28,452 [INFO] IPUIPlugin:80 - create IPUIPlugin
2025-06-07 21:35:28,452 [INFO] PluginManager:220 - loadIPPluginJar : add dma3
2025-06-07 21:35:28,498 [INFO] IPUIPlugin:80 - create IPUIPlugin
2025-06-07 21:35:28,498 [INFO] PluginManager:220 - loadIPPluginJar : add extmemmanager
2025-06-07 21:35:28,521 [INFO] IPUIPlugin:80 - create IPUIPlugin
2025-06-07 21:35:28,521 [INFO] PluginManager:220 - loadIPPluginJar : add fatfs
2025-06-07 21:35:28,575 [INFO] IPUIPlugin:80 - create IPUIPlugin
2025-06-07 21:35:28,575 [INFO] PluginManager:220 - loadIPPluginJar : add fmc
2025-06-07 21:35:28,592 [INFO] IPUIPlugin:80 - create IPUIPlugin
2025-06-07 21:35:28,592 [INFO] PluginManager:220 - loadIPPluginJar : add freertos
2025-06-07 21:35:28,617 [INFO] IPUIPlugin:80 - create IPUIPlugin
2025-06-07 21:35:28,617 [INFO] PluginManager:220 - loadIPPluginJar : add genericplugin
2025-06-07 21:35:28,717 [INFO] IPUIPlugin:80 - create IPUIPlugin
2025-06-07 21:35:28,718 [INFO] PluginManager:220 - loadIPPluginJar : add gfxmmu
2025-06-07 21:35:28,897 [INFO] IPUIPlugin:80 - create IPUIPlugin
2025-06-07 21:35:28,897 [INFO] PluginManager:220 - loadIPPluginJar : add gic
2025-06-07 21:35:28,910 [INFO] IPUIPlugin:80 - create IPUIPlugin
2025-06-07 21:35:28,910 [INFO] PluginManager:220 - loadIPPluginJar : add gpio
2025-06-07 21:35:29,001 [INFO] IPUIPlugin:80 - create IPUIPlugin
2025-06-07 21:35:29,001 [INFO] PluginManager:220 - loadIPPluginJar : add gtzc
2025-06-07 21:35:29,034 [INFO] IPUIPlugin:80 - create IPUIPlugin
2025-06-07 21:35:29,034 [INFO] PluginManager:220 - loadIPPluginJar : add hash
2025-06-07 21:35:29,087 [INFO] IPUIPlugin:80 - create IPUIPlugin
2025-06-07 21:35:29,087 [INFO] PluginManager:220 - loadIPPluginJar : add i2c
2025-06-07 21:35:29,128 [INFO] IPUIPlugin:80 - create IPUIPlugin
2025-06-07 21:35:29,128 [INFO] PluginManager:220 - loadIPPluginJar : add i2s
2025-06-07 21:35:29,172 [INFO] IPUIPlugin:80 - create IPUIPlugin
2025-06-07 21:35:29,172 [INFO] PluginManager:220 - loadIPPluginJar : add i3c
2025-06-07 21:35:29,274 [INFO] IPUIPlugin:80 - create IPUIPlugin
2025-06-07 21:35:29,274 [INFO] PluginManager:220 - loadIPPluginJar : add ipddr
2025-06-07 21:35:29,371 [INFO] IPUIPlugin:80 - create IPUIPlugin
2025-06-07 21:35:29,371 [INFO] PluginManager:220 - loadIPPluginJar : add linkedlist
2025-06-07 21:35:29,409 [INFO] IPUIPlugin:80 - create IPUIPlugin
2025-06-07 21:35:29,409 [INFO] PluginManager:220 - loadIPPluginJar : add lorawan
2025-06-07 21:35:29,447 [INFO] IPUIPlugin:80 - create IPUIPlugin
2025-06-07 21:35:29,447 [INFO] PluginManager:220 - loadIPPluginJar : add ltdc
2025-06-07 21:35:29,461 [INFO] IPUIPlugin:80 - create IPUIPlugin
2025-06-07 21:35:29,461 [INFO] PluginManager:220 - loadIPPluginJar : add mdma
2025-06-07 21:35:29,476 [INFO] IPUIPlugin:80 - create IPUIPlugin
2025-06-07 21:35:29,476 [INFO] PluginManager:220 - loadIPPluginJar : add nvic
2025-06-07 21:35:29,520 [INFO] IPUIPlugin:80 - create IPUIPlugin
2025-06-07 21:35:29,521 [INFO] PluginManager:220 - loadIPPluginJar : add opamp
2025-06-07 21:35:29,588 [INFO] IPUIPlugin:80 - create IPUIPlugin
2025-06-07 21:35:29,589 [INFO] PluginManager:220 - loadIPPluginJar : add openamp
2025-06-07 21:35:29,635 [INFO] IPUIPlugin:80 - create IPUIPlugin
2025-06-07 21:35:29,635 [INFO] PluginManager:220 - loadIPPluginJar : add pdm2pcm
2025-06-07 21:35:29,650 [INFO] IPUIPlugin:80 - create IPUIPlugin
2025-06-07 21:35:29,651 [INFO] PluginManager:220 - loadIPPluginJar : add plateformsettings
2025-06-07 21:35:29,675 [INFO] IPUIPlugin:80 - create IPUIPlugin
2025-06-07 21:35:29,675 [INFO] PluginManager:220 - loadIPPluginJar : add quadspi
2025-06-07 21:35:29,703 [INFO] IPUIPlugin:80 - create IPUIPlugin
2025-06-07 21:35:29,703 [INFO] PluginManager:220 - loadIPPluginJar : add radio
2025-06-07 21:35:29,718 [INFO] IPUIPlugin:80 - create IPUIPlugin
2025-06-07 21:35:29,718 [INFO] PluginManager:220 - loadIPPluginJar : add resmgrutility
2025-06-07 21:35:29,769 [INFO] IPUIPlugin:80 - create IPUIPlugin
2025-06-07 21:35:29,769 [INFO] PluginManager:220 - loadIPPluginJar : add sai
2025-06-07 21:35:29,814 [INFO] IPUIPlugin:80 - create IPUIPlugin
2025-06-07 21:35:29,814 [INFO] PluginManager:220 - loadIPPluginJar : add spi
2025-06-07 21:35:29,884 [INFO] IPUIPlugin:80 - create IPUIPlugin
2025-06-07 21:35:29,885 [INFO] PluginManager:220 - loadIPPluginJar : add stm32_wpan
2025-06-07 21:35:29,910 [INFO] IPUIPlugin:80 - create IPUIPlugin
2025-06-07 21:35:29,910 [INFO] PluginManager:220 - loadIPPluginJar : add tim
2025-06-07 21:35:29,978 [INFO] IPUIPlugin:80 - create IPUIPlugin
2025-06-07 21:35:29,978 [INFO] PluginManager:220 - loadIPPluginJar : add touchsensing
2025-06-07 21:35:30,005 [INFO] IPUIPlugin:80 - create IPUIPlugin
2025-06-07 21:35:30,005 [INFO] PluginManager:220 - loadIPPluginJar : add tracer_emb
2025-06-07 21:35:30,031 [INFO] IPUIPlugin:80 - create IPUIPlugin
2025-06-07 21:35:30,031 [INFO] PluginManager:220 - loadIPPluginJar : add ts
2025-06-07 21:35:30,057 [INFO] IPUIPlugin:80 - create IPUIPlugin
2025-06-07 21:35:30,057 [INFO] PluginManager:220 - loadIPPluginJar : add tsc
2025-06-07 21:35:30,080 [INFO] IPUIPlugin:80 - create IPUIPlugin
2025-06-07 21:35:30,080 [INFO] PluginManager:220 - loadIPPluginJar : add ucpd
2025-06-07 21:35:30,125 [INFO] IPUIPlugin:80 - create IPUIPlugin
2025-06-07 21:35:30,125 [INFO] PluginManager:220 - loadIPPluginJar : add usart
2025-06-07 21:35:30,173 [INFO] IPUIPlugin:80 - create IPUIPlugin
2025-06-07 21:35:30,173 [INFO] PluginManager:220 - loadIPPluginJar : add usbx
2025-06-07 21:35:30,297 [INFO] CADModel:165 - CPN selected for project level
2025-06-07 21:35:30,297 [INFO] CADModel:114 - Register for checkConnection events
2025-06-07 21:35:30,297 [FATAL] Updater:334 - Updater called before beeing initialized
2025-06-07 21:35:30,297 [ERROR] CADModel:125 - Updater not yet initialized, retry later 
2025-06-07 21:35:30,457 [INFO] CADModel:165 - CPN selected for project level
2025-06-07 21:35:30,457 [INFO] CADModel:114 - Register for checkConnection events
2025-06-07 21:35:30,457 [FATAL] Updater:334 - Updater called before beeing initialized
2025-06-07 21:35:30,457 [ERROR] CADModel:125 - Updater not yet initialized, retry later 
2025-06-07 21:35:30,461 [FATAL] Updater:334 - Updater called before beeing initialized
2025-06-07 21:35:30,530 [INFO] ThirdPartyUpdaterWithRetryManager:70 - Updater plugin not ready yet. [2/15]
2025-06-07 21:35:30,604 [FATAL] Updater:334 - Updater called before beeing initialized
2025-06-07 21:35:30,618 [INFO] DbMcusAds:53 - JSON generation date=Wed May 07 16:07:55 ICT 2025 (1746608875484)
2025-06-07 21:35:30,619 [FATAL] Updater:334 - Updater called before beeing initialized
2025-06-07 21:35:30,658 [WARN] DetailPanel:346 - Failed to get advertising image, set to default
2025-06-07 21:35:30,734 [FATAL] Updater:334 - Updater called before beeing initialized
2025-06-07 21:35:30,735 [FATAL] Updater:334 - Updater called before beeing initialized
2025-06-07 21:35:30,735 [FATAL] Updater:334 - Updater called before beeing initialized
2025-06-07 21:35:30,735 [WARN] DetailPanel:346 - Failed to get advertising image, set to default
2025-06-07 21:35:30,736 [FATAL] Updater:334 - Updater called before beeing initialized
2025-06-07 21:35:30,796 [ERROR] Updater:1164 - MainUpdater not yet initialized. External WinMGr cannot be set.
2025-06-07 21:35:30,809 [INFO] Updater:1100 - Updater Version found : 6.12.1
2025-06-07 21:35:30,828 [INFO] ApplicationProperties:184 - Using Application install path: C:\ST\STM32CubeIDE_1.16.1\STM32CubeIDE\plugins\com.st.stm32cube.common.mx_6.12.1.202409122256
2025-06-07 21:35:32,457 [ERROR] LogOutputStream:75 - [STDERR_REDIRECT] Jun 07, 2025 9:35:32 PM java.util.prefs.WindowsPreferences <init>
2025-06-07 21:35:32,458 [ERROR] LogOutputStream:75 - [STDERR_REDIRECT] WARNING: Could not open/create prefs root node Software\JavaSoft\Prefs at root 0xffffffff80000002. Windows RegCreateKeyEx(...) returned error code 5.
2025-06-07 21:35:32,458 [ERROR] LogOutputStream:75 - [STDERR_REDIRECT] 
2025-06-07 21:35:32,933 [INFO] MainUpdater:2873 - connection check result : 10
2025-06-07 21:35:32,933 [INFO] MainUpdater:290 - Updater Check For Update Now.
2025-06-07 21:35:32,933 [INFO] MicroXplorer:498 - Change Database Version : DB.6.0.121
2025-06-07 21:35:32,952 [INFO] McuFinderGlobals:63 - Set McuFinder mode to 2 (CubeIDE integrated)
2025-06-07 21:35:32,961 [INFO] UserAuth:417 - Internet connection configuration mode: 1
2025-06-07 21:35:32,993 [INFO] JxBrowserEngine:152 - Initiate JxBrowser Engine with user profile folder
2025-06-07 21:35:33,177 [INFO] CheckServerUpdateThread:120 - End of CheckServer Thread
2025-06-07 21:35:33,838 [WARN] PackLoader:240 - Cannot read IP mode file for STMicroelectronics.FP-SNS-MOTENVWB1.1.4.0
2025-06-07 21:35:33,856 [WARN] PackLoader:240 - Cannot read IP mode file for STMicroelectronics.FP-ATR-ASTRA1.2.0.2
2025-06-07 21:35:33,873 [WARN] PackLoader:240 - Cannot read IP mode file for STMicroelectronics.FP-ATR-ASTRA1.2.0.1
2025-06-07 21:35:33,896 [WARN] PackLoader:240 - Cannot read IP mode file for STMicroelectronics.X-CUBE-SMBUS.2.1.0
2025-06-07 21:35:33,920 [WARN] PackLoader:240 - Cannot read IP mode file for STMicroelectronics.X-CUBE-WB05N.1.1.0
2025-06-07 21:35:33,936 [ERROR] Engine:466 - C:\Users\tranc\.stm32cubemx\thirdparties\pdsc\STMicroelectronics.X-CUBE-ST60.1.0.0.pdsc: PDSC version is not supported
2025-06-07 21:35:33,997 [WARN] PackLoader:240 - Cannot read IP mode file for STMicroelectronics.X-CUBE-AZRTOS-F7.1.1.0
2025-06-07 21:35:34,096 [WARN] PackLoader:240 - Cannot read IP mode file for STMicroelectronics.X-CUBE-MEMS1.11.0.0
2025-06-07 21:35:34,306 [WARN] PackLoader:240 - Cannot read IP mode file for STMicroelectronics.FP-SNS-FLIGHT1.5.0.2
2025-06-07 21:35:34,330 [WARN] PackLoader:240 - Cannot read IP mode file for STMicroelectronics.X-CUBE-DISPLAY.3.0.0
2025-06-07 21:35:34,353 [WARN] PackLoader:240 - Cannot read IP mode file for STMicroelectronics.X-CUBE-BLE1.7.0.0
2025-06-07 21:35:34,372 [WARN] PackLoader:240 - Cannot read IP mode file for STMicroelectronics.X-CUBE-NFC10.1.0.0
2025-06-07 21:35:34,396 [WARN] PackLoader:240 - Cannot read IP mode file for STMicroelectronics.X-CUBE-BLEMGR.4.0.0
2025-06-07 21:35:34,416 [WARN] PackLoader:240 - Cannot read IP mode file for emotas.I-CUBE-CANOPEN.1.3.0
2025-06-07 21:35:34,438 [WARN] PackLoader:240 - Cannot read IP mode file for STMicroelectronics.X-CUBE-BLEMGR.3.1.0
2025-06-07 21:35:34,455 [WARN] PackLoader:240 - Cannot read IP mode file for STMicroelectronics.X-CUBE-AI.10.0.0
2025-06-07 21:35:34,473 [WARN] PackLoader:240 - Cannot read IP mode file for STMicroelectronics.FP-SNS-SMARTAG2.1.2.0
2025-06-07 21:35:34,490 [ERROR] Engine:466 - C:\Users\tranc\.stm32cubemx\thirdparties\pdsc\STMicroelectronics.FP-SNS-FLIGHT1.5.1.0.pdsc: PDSC version is not supported
2025-06-07 21:35:34,570 [WARN] PackLoader:240 - Cannot read IP mode file for STMicroelectronics.X-CUBE-MEMS1.11.1.0
2025-06-07 21:35:34,736 [INFO] LogOutputStream:77 - [STDOUT_REDIRECT] 1 : Invalid condition id : UX_CORESTACK_Condition cause : null
2025-06-07 21:35:34,737 [INFO] LogOutputStream:77 - [STDOUT_REDIRECT] 1 : Invalid condition id : UX_CORESTACK_Condition cause : null
2025-06-07 21:35:34,738 [INFO] LogOutputStream:77 - [STDOUT_REDIRECT] 1 : Invalid condition id : UX_CORESTACK_Condition cause : null
2025-06-07 21:35:34,739 [INFO] LogOutputStream:77 - [STDOUT_REDIRECT] 1 : Invalid condition id : UX_CORESTACK_Condition cause : null
2025-06-07 21:35:34,740 [INFO] LogOutputStream:77 - [STDOUT_REDIRECT] 1 : Invalid condition id : UX_CORESTACK_Condition cause : null
2025-06-07 21:35:34,744 [WARN] PackLoader:240 - Cannot read IP mode file for STMicroelectronics.X-CUBE-AZRTOS-WL.2.0.0
2025-06-07 21:35:34,770 [WARN] PackLoader:240 - Cannot read IP mode file for STMicroelectronics.FP-SNS-MOTENV1.5.0.0
2025-06-07 21:35:34,790 [WARN] PackLoader:240 - Cannot read IP mode file for wolfSSL.I-CUBE-wolfMQTT.1.19.0
2025-06-07 21:35:34,816 [WARN] PackLoader:240 - Cannot read IP mode file for WES.I-CUBE-Cesium.1.3.0
2025-06-07 21:35:34,837 [WARN] PackLoader:240 - Cannot read IP mode file for STMicroelectronics.X-CUBE-BLE2.3.3.0
2025-06-07 21:35:34,858 [WARN] PackLoader:240 - Cannot read IP mode file for STMicroelectronics.X-CUBE-NFC9.1.0.0
2025-06-07 21:35:34,877 [WARN] PackLoader:240 - Cannot read IP mode file for STMicroelectronics.X-CUBE-BLE1.7.1.0
2025-06-07 21:35:34,896 [WARN] PackLoader:240 - Cannot read IP mode file for STMicroelectronics.X-CUBE-TCPP.4.1.0
2025-06-07 21:35:34,915 [WARN] PackLoader:240 - Cannot read IP mode file for STMicroelectronics.X-CUBE-AI.10.1.0
2025-06-07 21:35:34,985 [WARN] PackLoader:240 - Cannot read IP mode file for STMicroelectronics.X-CUBE-MEMS1.11.2.0
2025-06-07 21:35:35,139 [WARN] PackLoader:240 - Cannot read IP mode file for STMicroelectronics.X-CUBE-AZRTOS-G0.1.1.0
2025-06-07 21:35:35,160 [WARN] PackLoader:240 - Cannot read IP mode file for STMicroelectronics.X-CUBE-SAFEA1.1.2.2
2025-06-07 21:35:35,182 [WARN] PackLoader:240 - Cannot read IP mode file for STMicroelectronics.X-CUBE-NFC4.3.0.0
2025-06-07 21:35:35,203 [WARN] PackLoader:240 - Cannot read IP mode file for EmbeddedOffice.I-CUBE-FS-RTOS.1.0.1
2025-06-07 21:35:35,204 [ERROR] ConditionMgr:805 - Attr not supported : Dmpu
2025-06-07 21:35:35,204 [ERROR] ConditionMgr:805 - Attr not supported : Dmpu
2025-06-07 21:35:35,204 [ERROR] ConditionMgr:805 - Attr not supported : Dmpu
2025-06-07 21:35:35,204 [ERROR] ConditionMgr:805 - Attr not supported : Dmpu
2025-06-07 21:35:35,204 [ERROR] ConditionMgr:805 - Attr not supported : Dmpu
2025-06-07 21:35:35,204 [ERROR] ConditionMgr:805 - Attr not supported : Dmpu
2025-06-07 21:35:35,204 [ERROR] ConditionMgr:805 - Attr not supported : Dmpu
2025-06-07 21:35:35,204 [ERROR] ConditionMgr:805 - Attr not supported : Dmpu
2025-06-07 21:35:35,204 [ERROR] ConditionMgr:805 - Attr not supported : Dmpu
2025-06-07 21:35:35,204 [ERROR] ConditionMgr:805 - Attr not supported : Dmpu
2025-06-07 21:35:35,205 [ERROR] ConditionMgr:805 - Attr not supported : Dmpu
2025-06-07 21:35:35,205 [ERROR] ConditionMgr:805 - Attr not supported : Dmpu
2025-06-07 21:35:35,205 [ERROR] ConditionMgr:805 - Attr not supported : Dmpu
2025-06-07 21:35:35,205 [ERROR] ConditionMgr:805 - Attr not supported : Dmpu
2025-06-07 21:35:35,205 [ERROR] ConditionMgr:805 - Attr not supported : Dmpu
2025-06-07 21:35:35,205 [ERROR] ConditionMgr:805 - Attr not supported : Dmpu
2025-06-07 21:35:35,205 [ERROR] ConditionMgr:805 - Attr not supported : Dmpu
2025-06-07 21:35:35,205 [ERROR] ConditionMgr:805 - Attr not supported : Dmpu
2025-06-07 21:35:35,205 [ERROR] ConditionMgr:805 - Attr not supported : Dmpu
2025-06-07 21:35:35,205 [ERROR] ConditionMgr:805 - Attr not supported : Dmpu
2025-06-07 21:35:35,205 [ERROR] ConditionMgr:805 - Attr not supported : Dmpu
2025-06-07 21:35:35,205 [ERROR] ConditionMgr:805 - Attr not supported : Dmpu
2025-06-07 21:35:35,205 [ERROR] ConditionMgr:805 - Attr not supported : Dmpu
2025-06-07 21:35:35,206 [ERROR] ConditionMgr:805 - Attr not supported : Dmpu
2025-06-07 21:35:35,206 [ERROR] ConditionMgr:805 - Attr not supported : Dmpu
2025-06-07 21:35:35,206 [ERROR] ConditionMgr:805 - Attr not supported : Dmpu
2025-06-07 21:35:35,206 [ERROR] ConditionMgr:805 - Attr not supported : Dmpu
2025-06-07 21:35:35,206 [ERROR] ConditionMgr:805 - Attr not supported : Dmpu
2025-06-07 21:35:35,206 [ERROR] ConditionMgr:805 - Attr not supported : Dmpu
2025-06-07 21:35:35,206 [ERROR] ConditionMgr:805 - Attr not supported : Dmpu
2025-06-07 21:35:35,206 [ERROR] ConditionMgr:805 - Attr not supported : Dmpu
2025-06-07 21:35:35,206 [ERROR] ConditionMgr:805 - Attr not supported : Dmpu
2025-06-07 21:35:35,206 [ERROR] ConditionMgr:805 - Attr not supported : Dmpu
2025-06-07 21:35:35,206 [ERROR] ConditionMgr:805 - Attr not supported : Dmpu
2025-06-07 21:35:35,206 [ERROR] ConditionMgr:805 - Attr not supported : Dmpu
2025-06-07 21:35:35,206 [ERROR] ConditionMgr:805 - Attr not supported : Dmpu
2025-06-07 21:35:35,206 [ERROR] ConditionMgr:805 - Attr not supported : Dmpu
2025-06-07 21:35:35,207 [ERROR] ConditionMgr:805 - Attr not supported : Dmpu
2025-06-07 21:35:35,207 [ERROR] ConditionMgr:805 - Attr not supported : Dmpu
2025-06-07 21:35:35,207 [ERROR] ConditionMgr:805 - Attr not supported : Dmpu
2025-06-07 21:35:35,207 [ERROR] ConditionMgr:805 - Attr not supported : Dmpu
2025-06-07 21:35:35,207 [ERROR] ConditionMgr:805 - Attr not supported : Dmpu
2025-06-07 21:35:35,207 [ERROR] ConditionMgr:805 - Attr not supported : Dmpu
2025-06-07 21:35:35,207 [ERROR] ConditionMgr:805 - Attr not supported : Dmpu
2025-06-07 21:35:35,207 [ERROR] ConditionMgr:805 - Attr not supported : Dmpu
2025-06-07 21:35:35,207 [ERROR] ConditionMgr:805 - Attr not supported : Dmpu
2025-06-07 21:35:35,207 [ERROR] ConditionMgr:805 - Attr not supported : Dmpu
2025-06-07 21:35:35,207 [ERROR] ConditionMgr:805 - Attr not supported : Dmpu
2025-06-07 21:35:35,207 [ERROR] ConditionMgr:805 - Attr not supported : Dmpu
2025-06-07 21:35:35,207 [ERROR] ConditionMgr:805 - Attr not supported : Dmpu
2025-06-07 21:35:35,208 [ERROR] ConditionMgr:805 - Attr not supported : Dmpu
2025-06-07 21:35:35,208 [ERROR] ConditionMgr:805 - Attr not supported : Dmpu
2025-06-07 21:35:35,208 [ERROR] ConditionMgr:805 - Attr not supported : Dmpu
2025-06-07 21:35:35,208 [ERROR] ConditionMgr:805 - Attr not supported : Dmpu
2025-06-07 21:35:35,208 [ERROR] ConditionMgr:805 - Attr not supported : Dmpu
2025-06-07 21:35:35,208 [ERROR] ConditionMgr:805 - Attr not supported : Dmpu
2025-06-07 21:35:35,208 [ERROR] ConditionMgr:805 - Attr not supported : Dmpu
2025-06-07 21:35:35,208 [ERROR] ConditionMgr:805 - Attr not supported : Dmpu
2025-06-07 21:35:35,208 [ERROR] ConditionMgr:805 - Attr not supported : Dmpu
2025-06-07 21:35:35,208 [ERROR] ConditionMgr:805 - Attr not supported : Dmpu
2025-06-07 21:35:35,208 [ERROR] ConditionMgr:805 - Attr not supported : Dmpu
2025-06-07 21:35:35,208 [ERROR] ConditionMgr:805 - Attr not supported : Dmpu
2025-06-07 21:35:35,208 [ERROR] ConditionMgr:805 - Attr not supported : Dmpu
2025-06-07 21:35:35,209 [ERROR] ConditionMgr:805 - Attr not supported : Dmpu
2025-06-07 21:35:35,227 [WARN] PackLoader:240 - Cannot read IP mode file for STMicroelectronics.X-CUBE-WB05N.2.0.0
2025-06-07 21:35:35,246 [ERROR] Engine:466 - C:\Users\tranc\.stm32cubemx\thirdparties\pdsc\STMicroelectronics.X-CUBE-TCPP.4.2.0.pdsc: PDSC version is not supported
2025-06-07 21:35:35,268 [WARN] PackLoader:240 - Cannot read IP mode file for RealThread.X-CUBE-RT-Thread_Nano.4.1.1
2025-06-07 21:35:35,289 [WARN] PackLoader:240 - Cannot read IP mode file for STMicroelectronics.FP-ATR-SIGFOX1.3.2.0
2025-06-07 21:35:35,310 [WARN] ConditionMgr:438 - getConditionDescription Invalid condition id : Cortex-A Device cause : null
2025-06-07 21:35:35,336 [WARN] ConditionMgr:1039 - genDependencies : Invalid condition id : Cortex-A Device cause : null
2025-06-07 21:35:35,336 [WARN] ConditionMgr:1039 - genDependencies : Invalid condition id : Cortex-A Device cause : null
2025-06-07 21:35:35,336 [WARN] ConditionMgr:1039 - genDependencies : Invalid condition id : Cortex-A Device cause : null
2025-06-07 21:35:35,354 [WARN] PackLoader:240 - Cannot read IP mode file for STMicroelectronics.X-CUBE-EEPRMA1.5.1.0
2025-06-07 21:35:35,371 [WARN] PackLoader:240 - Cannot read IP mode file for wolfSSL.I-CUBE-wolfSSL.5.7.4
2025-06-07 21:35:35,396 [WARN] PackLoader:240 - Cannot read IP mode file for ITTIA_DB.I-CUBE-ITTIADB.8.9.0
2025-06-07 21:35:35,453 [WARN] PackLoader:240 - Cannot read IP mode file for SEGGER.I-CUBE-embOS.1.3.1
2025-06-07 21:35:35,503 [WARN] PackLoader:240 - Cannot read IP mode file for STMicroelectronics.X-CUBE-ALGOBUILD.1.4.0
2025-06-07 21:35:35,520 [WARN] PackLoader:240 - Cannot read IP mode file for STMicroelectronics.X-CUBE-AI.9.1.0
2025-06-07 21:35:35,552 [WARN] PackLoader:240 - Cannot read IP mode file for STMicroelectronics.X-CUBE-AZRTOS-F4.1.1.0
2025-06-07 21:35:35,566 [ERROR] Engine:466 - C:\Users\tranc\.stm32cubemx\thirdparties\pdsc\Avnet-IotConnect.X-CUBE-IoTC-DA16k-PMOD.1.0.0.pdsc: PDSC version is not supported
2025-06-07 21:35:35,584 [WARN] PackLoader:240 - Cannot read IP mode file for STMicroelectronics.X-CUBE-ISPU.2.1.0
2025-06-07 21:35:35,599 [WARN] PackLoader:240 - Cannot read IP mode file for STMicroelectronics.X-CUBE-FREERTOS.1.2.0
2025-06-07 21:35:35,631 [WARN] PackLoader:240 - Cannot read IP mode file for STMicroelectronics.X-CUBE-AZRTOS-L5.2.0.0
2025-06-07 21:35:35,653 [WARN] PackLoader:240 - Cannot read IP mode file for STMicroelectronics.X-CUBE-NFC6.3.1.0
2025-06-07 21:35:35,672 [WARN] PackLoader:240 - Cannot read IP mode file for STMicroelectronics.X-CUBE-DPower.1.2.0
2025-06-07 21:35:35,688 [WARN] PackLoader:240 - Cannot read IP mode file for STMicroelectronics.X-CUBE-FREERTOS.1.3.1
2025-06-07 21:35:35,707 [WARN] PackLoader:240 - Cannot read IP mode file for STMicroelectronics.X-CUBE-FREERTOS.1.3.0
2025-06-07 21:35:35,729 [WARN] PackLoader:240 - Cannot read IP mode file for STMicroelectronics.X-CUBE-NFC7.1.0.1
2025-06-07 21:35:35,746 [WARN] PackLoader:240 - Cannot read IP mode file for STMicroelectronics.X-CUBE-DPower.1.3.0
2025-06-07 21:35:35,789 [WARN] ConditionMgr:438 - getConditionDescription Invalid condition id : LAN8742 Phy interface Condition cause : null
2025-06-07 21:35:35,790 [WARN] PackLoader:240 - Cannot read IP mode file for STMicroelectronics.X-CUBE-AZRTOS-L4.2.0.0
2025-06-07 21:35:35,791 [WARN] ConditionMgr:1039 - genDependencies : Invalid condition id : LAN8742 Phy interface Condition cause : null
2025-06-07 21:35:35,792 [WARN] ConditionMgr:1039 - genDependencies : Invalid condition id : LAN8742 Phy interface Condition cause : null
2025-06-07 21:35:35,792 [WARN] ConditionMgr:1039 - genDependencies : Invalid condition id : LAN8742 Phy interface Condition cause : null
2025-06-07 21:35:35,814 [WARN] PackLoader:240 - Cannot read IP mode file for STMicroelectronics.X-CUBE-SFXS2LP1.4.0.0
2025-06-07 21:35:35,859 [WARN] PackLoader:240 - Cannot read IP mode file for STMicroelectronics.X-CUBE-AZRTOS-H7.3.3.0
2025-06-07 21:35:35,891 [WARN] PackLoader:240 - Cannot read IP mode file for STMicroelectronics.X-CUBE-IPS.3.0.0
2025-06-07 21:35:35,930 [WARN] ConditionMgr:438 - getConditionDescription Invalid condition id : UX DEVICE CLASS RTOS Condition cause : null
2025-06-07 21:35:35,930 [WARN] ConditionMgr:438 - getConditionDescription Invalid condition id : UX DEVICE CLASS RTOS Condition cause : null
2025-06-07 21:35:35,933 [WARN] PackLoader:240 - Cannot read IP mode file for STMicroelectronics.X-CUBE-AZRTOS-WB.2.0.0
2025-06-07 21:35:35,934 [WARN] ConditionMgr:1039 - genDependencies : Invalid condition id : UX DEVICE CLASS RTOS Condition cause : null
2025-06-07 21:35:35,934 [WARN] ConditionMgr:1039 - genDependencies : Invalid condition id : UX DEVICE CLASS RTOS Condition cause : null
2025-06-07 21:35:35,934 [WARN] ConditionMgr:1039 - genDependencies : Invalid condition id : UX DEVICE CLASS RTOS Condition cause : null
2025-06-07 21:35:35,934 [WARN] ConditionMgr:1039 - genDependencies : Invalid condition id : UX DEVICE CLASS RTOS Condition cause : null
2025-06-07 21:35:35,935 [WARN] ConditionMgr:1039 - genDependencies : Invalid condition id : UX DEVICE CLASS RTOS Condition cause : null
2025-06-07 21:35:35,954 [WARN] PackLoader:240 - Cannot read IP mode file for STMicroelectronics.X-CUBE-GNSS1.7.0.0
2025-06-07 21:35:35,969 [WARN] PackLoader:240 - Cannot read IP mode file for STMicroelectronics.X-CUBE-GNSS1.7.0.1
2025-06-07 21:35:35,989 [WARN] PackLoader:240 - Cannot read IP mode file for STMicroelectronics.X-CUBE-TOUCHGFX.4.25.0
2025-06-07 21:35:36,007 [WARN] PackLoader:240 - Cannot read IP mode file for STMicroelectronics.FP-SNS-STBOX1.2.0.0
2025-06-07 21:35:36,036 [WARN] PackLoader:240 - Cannot read IP mode file for STMicroelectronics.X-CUBE-SUBG2.5.0.0
2025-06-07 21:35:36,076 [WARN] PackLoader:240 - Cannot read IP mode file for STMicroelectronics.X-CUBE-AZRTOS-H7RS.1.1.0
2025-06-07 21:35:36,096 [WARN] PackLoader:240 - Cannot read IP mode file for Cesanta.I-CUBE-Mongoose.7.13.0
2025-06-07 21:35:36,125 [WARN] PackLoader:240 - Cannot read IP mode file for STMicroelectronics.X-CUBE-AZRTOS-G4.2.0.0
2025-06-07 21:35:36,142 [WARN] PackLoader:240 - Cannot read IP mode file for STMicroelectronics.X-CUBE-NFC7.2.0.0
2025-06-07 21:35:36,159 [ERROR] Engine:466 - C:\Users\tranc\.stm32cubemx\thirdparties\pdsc\STMicroelectronics.X-CUBE-IPS.3.1.0.pdsc: PDSC version is not supported
2025-06-07 21:35:36,174 [WARN] PackLoader:240 - Cannot read IP mode file for STMicroelectronics.X-CUBE-ALS.1.0.2
2025-06-07 21:35:36,189 [WARN] PackLoader:240 - Cannot read IP mode file for STMicroelectronics.X-CUBE-TOUCHGFX.4.24.2
2025-06-07 21:35:36,206 [WARN] PackLoader:240 - Cannot read IP mode file for STMicroelectronics.X-CUBE-TOUCHGFX.4.24.1
2025-06-07 21:35:36,219 [WARN] PackLoader:240 - Cannot read IP mode file for wolfSSL.I-CUBE-wolfTPM.3.4.0
2025-06-07 21:35:36,239 [WARN] PackLoader:240 - Cannot read IP mode file for portGmbH.I-Cube-SoM-uGOAL.1.1.0
2025-06-07 21:35:36,276 [WARN] PackLoader:240 - Cannot read IP mode file for STMicroelectronics.X-CUBE-AZRTOS-H7RS.1.0.0
2025-06-07 21:35:36,303 [WARN] PackLoader:240 - Cannot read IP mode file for STMicroelectronics.X-CUBE-TOF1.3.4.2
2025-06-07 21:35:36,337 [ERROR] Engine:466 - C:\Users\tranc\.stm32cubemx\thirdparties\pdsc\STMicroelectronics.X-CUBE-TOF1.3.4.3.pdsc: PDSC version is not supported
2025-06-07 21:35:36,371 [WARN] PackLoader:240 - Cannot read IP mode file for Infineon.AIROC-Wi-Fi-Bluetooth-STM32.1.6.1
2025-06-07 21:35:36,393 [WARN] PackLoader:240 - Cannot read IP mode file for wolfSSL.I-CUBE-wolfSSH.1.4.17
2025-06-07 21:35:36,394 [INFO] ThirdParty:978 - Integrity check success = true
2025-06-07 21:35:36,394 [INFO] IntegrityCheckThread:100 - exiting critical section [integrity check]
2025-06-07 21:35:36,394 [INFO] IntegrityCheckThread:103 - End integrity checks thread
2025-06-07 21:35:37,819 [INFO] WebApp:167 - Instantiating new browser for Auth
2025-06-07 21:35:38,706 [INFO] WebApp:448 - Apply proxy settings
2025-06-07 21:35:38,707 [INFO] WebApp:533 - Chromium requires no authentication
2025-06-07 21:35:38,741 [INFO] WebApp:476 - Direct internet connection detected
2025-06-07 21:35:38,797 [INFO] WebApp:869 - Register for checkConnection events
2025-06-07 21:35:38,797 [INFO] WebApp:448 - Apply proxy settings
2025-06-07 21:35:38,797 [INFO] WebApp:533 - Chromium requires no authentication
2025-06-07 21:35:38,797 [INFO] WebApp:476 - Direct internet connection detected
2025-06-07 21:35:38,990 [INFO] WebApp:186 - Connection restablished
2025-06-07 21:35:39,055 [INFO] WebApp:220 - Starting web application
2025-06-07 21:35:39,056 [INFO] WebApp:578 - Web application path used C:\ST\STM32CubeIDE_1.16.1\STM32CubeIDE\plugins\com.st.stm32cube.common.mx_6.12.1.202409122256\db\plugins\mcufinder\reactClient1\index.html
2025-06-07 21:35:39,275 [INFO] UserAuth:417 - Internet connection configuration mode: 1
2025-06-07 22:07:51,248 [ERROR] LogOutputStream:75 - [STDERR_REDIRECT] 
2025-06-07 22:07:51,250 [ERROR] LogOutputStream:75 - [STDERR_REDIRECT] 
